# JRE version: Java(TM) SE Runtime Environment 18.9 (11.0.16+11) (build 11.0.16+11-LTS-199)
# Java VM: Java HotSpot(TM) 64-Bit Server VM 18.9 (11.0.16+11-LTS-199, mixed mode, tiered, compressed oops, g1 gc, windows-amd64)
Heap:
 garbage-first heap   total 199680K, used 19469K [0x0000000080000000, 0x0000000100000000)
  region size 1024K, 9 young (9216K), 9 survivors (9216K)
 Metaspace       used 48150K, capacity 49409K, committed 49488K, reserved 1091584K
  class space    used 6318K, capacity 6840K, committed 6912K, reserved 1048576K
GC Heap History (10 events):
Event: 2.128 GC heap after
{Heap after GC invocations=4 (full 0):
 garbage-first heap   total 131072K, used 7801K [0x0000000080000000, 0x0000000100000000)
  region size 1024K, 3 young (3072K), 3 survivors (3072K)
 Metaspace       used 15459K, capacity 15816K, committed 16000K, reserved 1062912K
  class space    used 1744K, capacity 1896K, committed 1920K, reserved 1048576K
}
Event: 2.543 GC heap before
{Heap before GC invocations=4 (full 0):
 garbage-first heap   total 131072K, used 30329K [0x0000000080000000, 0x0000000100000000)
  region size 1024K, 26 young (26624K), 3 survivors (3072K)
 Metaspace       used 19838K, capacity 20343K, committed 20480K, reserved 1067008K
  class space    used 2302K, capacity 2521K, committed 2560K, reserved 1048576K
}
Event: 2.556 GC heap after
{Heap after GC invocations=5 (full 0):
 garbage-first heap   total 157696K, used 8596K [0x0000000080000000, 0x0000000100000000)
  region size 1024K, 3 young (3072K), 3 survivors (3072K)
 Metaspace       used 19838K, capacity 20343K, committed 20480K, reserved 1067008K
  class space    used 2302K, capacity 2521K, committed 2560K, reserved 1048576K
}
Event: 2.732 GC heap before
{Heap before GC invocations=5 (full 0):
 garbage-first heap   total 157696K, used 18836K [0x0000000080000000, 0x0000000100000000)
  region size 1024K, 14 young (14336K), 3 survivors (3072K)
 Metaspace       used 20623K, capacity 21139K, committed 21296K, reserved 1069056K
  class space    used 2399K, capacity 2635K, committed 2688K, reserved 1048576K
}
Event: 2.744 GC heap after
{Heap after GC invocations=6 (full 0):
 garbage-first heap   total 157696K, used 9452K [0x0000000080000000, 0x0000000100000000)
  region size 1024K, 4 young (4096K), 4 survivors (4096K)
 Metaspace       used 20623K, capacity 21139K, committed 21296K, reserved 1069056K
  class space    used 2399K, capacity 2635K, committed 2688K, reserved 1048576K
}
Event: 4.260 GC heap before
{Heap before GC invocations=7 (full 0):
 garbage-first heap   total 157696K, used 48364K [0x0000000080000000, 0x0000000100000000)
  region size 1024K, 42 young (43008K), 4 survivors (4096K)
 Metaspace       used 23373K, capacity 24090K, committed 24368K, reserved 1071104K
  class space    used 2822K, capacity 3127K, committed 3200K, reserved 1048576K
}
Event: 4.274 GC heap after
{Heap after GC invocations=8 (full 0):
 garbage-first heap   total 157696K, used 10641K [0x0000000080000000, 0x0000000100000000)
  region size 1024K, 4 young (4096K), 4 survivors (4096K)
 Metaspace       used 23373K, capacity 24090K, committed 24368K, reserved 1071104K
  class space    used 2822K, capacity 3127K, committed 3200K, reserved 1048576K
}
Event: 6.382 GC heap before
{Heap before GC invocations=8 (full 0):
 garbage-first heap   total 157696K, used 99729K [0x0000000080000000, 0x0000000100000000)
  region size 1024K, 92 young (94208K), 4 survivors (4096K)
 Metaspace       used 34695K, capacity 35817K, committed 35920K, reserved 1081344K
  class space    used 4415K, capacity 4863K, committed 4864K, reserved 1048576K
}
Event: 6.412 GC heap after
{Heap after GC invocations=9 (full 0):
 garbage-first heap   total 157696K, used 15761K [0x0000000080000000, 0x0000000100000000)
  region size 1024K, 9 young (9216K), 9 survivors (9216K)
 Metaspace       used 34695K, capacity 35817K, committed 35920K, reserved 1081344K
  class space    used 4415K, capacity 4863K, committed 4864K, reserved 1048576K
}
Event: 10.375 GC heap before
{Heap before GC invocations=10 (full 0):
 garbage-first heap   total 157696K, used 100753K [0x0000000080000000, 0x0000000100000000)
  region size 1024K, 92 young (94208K), 9 survivors (9216K)
 Metaspace       used 48150K, capacity 49409K, committed 49488K, reserved 1091584K
  class space    used 6318K, capacity 6840K, committed 6912K, reserved 1048576K
}

