# JRE version: Java(TM) SE Runtime Environment 18.9 (11.0.16+11) (build 11.0.16+11-LTS-199)
# Java VM: Java HotSpot(TM) 64-Bit Server VM 18.9 (11.0.16+11-LTS-199, mixed mode, tiered, compressed oops, g1 gc, windows-amd64)
Heap:
 garbage-first heap   total 262144K, used 23655K [0x0000000700000000, 0x0000000800000000)
  region size 1024K, 18 young (18432K), 7 survivors (7168K)
 Metaspace       used 33615K, capacity 34720K, committed 34864K, reserved 1079296K
  class space    used 4000K, capacity 4459K, committed 4480K, reserved 1048576K
GC Heap History (10 events):
Event: 1.006 GC heap before
{Heap before GC invocations=0 (full 0):
 garbage-first heap   total 262144K, used 14336K [0x0000000700000000, 0x0000000800000000)
  region size 1024K, 14 young (14336K), 0 survivors (0K)
 Metaspace       used 10302K, capacity 10522K, committed 10624K, reserved 1058816K
  class space    used 958K, capacity 1051K, committed 1152K, reserved 1048576K
}
Event: 1.042 GC heap after
{Heap after GC invocations=1 (full 0):
 garbage-first heap   total 262144K, used 7152K [0x0000000700000000, 0x0000000800000000)
  region size 1024K, 2 young (2048K), 2 survivors (2048K)
 Metaspace       used 10302K, capacity 10522K, committed 10624K, reserved 1058816K
  class space    used 958K, capacity 1051K, committed 1152K, reserved 1048576K
}
Event: 1.643 GC heap before
{Heap before GC invocations=1 (full 0):
 garbage-first heap   total 262144K, used 17392K [0x0000000700000000, 0x0000000800000000)
  region size 1024K, 12 young (12288K), 2 survivors (2048K)
 Metaspace       used 12050K, capacity 12412K, committed 12672K, reserved 1060864K
  class space    used 1202K, capacity 1352K, committed 1408K, reserved 1048576K
}
Event: 1.649 GC heap after
{Heap after GC invocations=2 (full 0):
 garbage-first heap   total 262144K, used 7558K [0x0000000700000000, 0x0000000800000000)
  region size 1024K, 1 young (1024K), 1 survivors (1024K)
 Metaspace       used 12050K, capacity 12412K, committed 12672K, reserved 1060864K
  class space    used 1202K, capacity 1352K, committed 1408K, reserved 1048576K
}
Event: 2.794 GC heap before
{Heap before GC invocations=2 (full 0):
 garbage-first heap   total 262144K, used 33158K [0x0000000700000000, 0x0000000800000000)
  region size 1024K, 26 young (26624K), 1 survivors (1024K)
 Metaspace       used 16107K, capacity 16662K, committed 16896K, reserved 1064960K
  class space    used 1716K, capacity 1947K, committed 2048K, reserved 1048576K
}
Event: 2.799 GC heap after
{Heap after GC invocations=3 (full 0):
 garbage-first heap   total 262144K, used 8437K [0x0000000700000000, 0x0000000800000000)
  region size 1024K, 2 young (2048K), 2 survivors (2048K)
 Metaspace       used 16107K, capacity 16662K, committed 16896K, reserved 1064960K
  class space    used 1716K, capacity 1947K, committed 2048K, reserved 1048576K
}
Event: 3.894 GC heap before
{Heap before GC invocations=3 (full 0):
 garbage-first heap   total 262144K, used 35061K [0x0000000700000000, 0x0000000800000000)
  region size 1024K, 29 young (29696K), 2 survivors (2048K)
 Metaspace       used 20471K, capacity 21145K, committed 21296K, reserved 1069056K
  class space    used 2297K, capacity 2604K, committed 2688K, reserved 1048576K
}
Event: 3.901 GC heap after
{Heap after GC invocations=4 (full 0):
 garbage-first heap   total 262144K, used 9709K [0x0000000700000000, 0x0000000800000000)
  region size 1024K, 3 young (3072K), 3 survivors (3072K)
 Metaspace       used 20471K, capacity 21145K, committed 21296K, reserved 1069056K
  class space    used 2297K, capacity 2604K, committed 2688K, reserved 1048576K
}
Event: 7.410 GC heap before
{Heap before GC invocations=5 (full 0):
 garbage-first heap   total 262144K, used 114157K [0x0000000700000000, 0x0000000800000000)
  region size 1024K, 105 young (107520K), 3 survivors (3072K)
 Metaspace       used 32894K, capacity 33988K, committed 34352K, reserved 1079296K
  class space    used 3899K, capacity 4367K, committed 4480K, reserved 1048576K
}
Event: 7.425 GC heap after
{Heap after GC invocations=6 (full 0):
 garbage-first heap   total 262144K, used 13415K [0x0000000700000000, 0x0000000800000000)
  region size 1024K, 7 young (7168K), 7 survivors (7168K)
 Metaspace       used 32894K, capacity 33988K, committed 34352K, reserved 1079296K
  class space    used 3899K, capacity 4367K, committed 4480K, reserved 1048576K
}

