# JRE version: Java(TM) SE Runtime Environment 18.9 (11.0.16+11) (build 11.0.16+11-LTS-199)
# Java VM: Java HotSpot(TM) 64-Bit Server VM 18.9 (11.0.16+11-LTS-199, mixed mode, tiered, compressed oops, g1 gc, windows-amd64)
Heap:
 garbage-first heap   total 322560K, used 9935K [0x0000000700000000, 0x0000000800000000)
  region size 1024K, 6 young (6144K), 6 survivors (6144K)
 Metaspace       used 27692K, capacity 28552K, committed 28720K, reserved 1075200K
  class space    used 3344K, capacity 3696K, committed 3712K, reserved 1048576K
GC Heap History (9 events):
Event: 0.633 GC heap before
{Heap before GC invocations=0 (full 0):
 garbage-first heap   total 262144K, used 14336K [0x0000000700000000, 0x0000000800000000)
  region size 1024K, 14 young (14336K), 0 survivors (0K)
 Metaspace       used 10490K, capacity 10691K, committed 10880K, reserved 1058816K
  class space    used 1073K, capacity 1149K, committed 1152K, reserved 1048576K
}
Event: 0.641 GC heap after
{Heap after GC invocations=1 (full 0):
 garbage-first heap   total 262144K, used 3884K [0x0000000700000000, 0x0000000800000000)
  region size 1024K, 2 young (2048K), 2 survivors (2048K)
 Metaspace       used 10490K, capacity 10691K, committed 10880K, reserved 1058816K
  class space    used 1073K, capacity 1149K, committed 1152K, reserved 1048576K
}
Event: 0.874 GC heap before
{Heap before GC invocations=1 (full 0):
 garbage-first heap   total 262144K, used 14124K [0x0000000700000000, 0x0000000800000000)
  region size 1024K, 12 young (12288K), 2 survivors (2048K)
 Metaspace       used 13491K, capacity 13857K, committed 13952K, reserved 1060864K
  class space    used 1449K, capacity 1572K, committed 1664K, reserved 1048576K
}
Event: 0.879 GC heap after
{Heap after GC invocations=2 (full 0):
 garbage-first heap   total 262144K, used 4851K [0x0000000700000000, 0x0000000800000000)
  region size 1024K, 1 young (1024K), 1 survivors (1024K)
 Metaspace       used 13491K, capacity 13857K, committed 13952K, reserved 1060864K
  class space    used 1449K, capacity 1572K, committed 1664K, reserved 1048576K
}
Event: 1.377 GC heap before
{Heap before GC invocations=2 (full 0):
 garbage-first heap   total 262144K, used 32499K [0x0000000700000000, 0x0000000800000000)
  region size 1024K, 28 young (28672K), 1 survivors (1024K)
 Metaspace       used 19918K, capacity 20511K, committed 20736K, reserved 1067008K
  class space    used 2309K, capacity 2549K, committed 2560K, reserved 1048576K
}
Event: 1.383 GC heap after
{Heap after GC invocations=3 (full 0):
 garbage-first heap   total 262144K, used 6441K [0x0000000700000000, 0x0000000800000000)
  region size 1024K, 3 young (3072K), 3 survivors (3072K)
 Metaspace       used 19918K, capacity 20511K, committed 20736K, reserved 1067008K
  class space    used 2309K, capacity 2549K, committed 2560K, reserved 1048576K
}
Event: 1.652 GC heap before
{Heap before GC invocations=3 (full 0):
 garbage-first heap   total 262144K, used 16681K [0x0000000700000000, 0x0000000800000000)
  region size 1024K, 14 young (14336K), 3 survivors (3072K)
 Metaspace       used 20589K, capacity 21193K, committed 21296K, reserved 1069056K
  class space    used 2414K, capacity 2647K, committed 2688K, reserved 1048576K
}
Event: 1.669 GC heap after
{Heap after GC invocations=4 (full 0):
 garbage-first heap   total 262144K, used 7321K [0x0000000700000000, 0x0000000800000000)
  region size 1024K, 4 young (4096K), 4 survivors (4096K)
 Metaspace       used 20589K, capacity 21193K, committed 21296K, reserved 1069056K
  class space    used 2414K, capacity 2647K, committed 2688K, reserved 1048576K
}
Event: 3.215 GC heap before
{Heap before GC invocations=5 (full 0):
 garbage-first heap   total 262144K, used 49305K [0x0000000700000000, 0x0000000800000000)
  region size 1024K, 45 young (46080K), 4 survivors (4096K)
 Metaspace       used 27692K, capacity 28552K, committed 28720K, reserved 1075200K
  class space    used 3344K, capacity 3696K, committed 3712K, reserved 1048576K
}

