# JRE version: Java(TM) SE Runtime Environment 18.9 (11.0.16+11) (build 11.0.16+11-LTS-199)
# Java VM: Java HotSpot(TM) 64-Bit Server VM 18.9 (11.0.16+11-LTS-199, mixed mode, tiered, compressed oops, g1 gc, windows-amd64)
Heap:
 garbage-first heap   total 131072K, used 4142K [0x0000000080000000, 0x0000000100000000)
  region size 1024K, 1 young (1024K), 1 survivors (1024K)
 Metaspace       used 10414K, capacity 10644K, committed 10880K, reserved 1058816K
  class space    used 1056K, capacity 1152K, committed 1152K, reserved 1048576K
GC Heap History (6 events):
Event: 0.457 GC heap before
{Heap before GC invocations=0 (full 0):
 garbage-first heap   total 131072K, used 7168K [0x0000000080000000, 0x0000000100000000)
  region size 1024K, 7 young (7168K), 0 survivors (0K)
 Metaspace       used 8007K, capacity 8067K, committed 8192K, reserved 1056768K
  class space    used 720K, capacity 731K, committed 768K, reserved 1048576K
}
Event: 0.462 GC heap after
{Heap after GC invocations=1 (full 0):
 garbage-first heap   total 131072K, used 3547K [0x0000000080000000, 0x0000000100000000)
  region size 1024K, 1 young (1024K), 1 survivors (1024K)
 Metaspace       used 8007K, capacity 8067K, committed 8192K, reserved 1056768K
  class space    used 720K, capacity 731K, committed 768K, reserved 1048576K
}
Event: 0.593 GC heap before
{Heap before GC invocations=1 (full 0):
 garbage-first heap   total 131072K, used 8667K [0x0000000080000000, 0x0000000100000000)
  region size 1024K, 6 young (6144K), 1 survivors (1024K)
 Metaspace       used 9420K, capacity 9548K, committed 9728K, reserved 1058816K
  class space    used 906K, capacity 951K, committed 1024K, reserved 1048576K
}
Event: 0.596 GC heap after
{Heap after GC invocations=2 (full 0):
 garbage-first heap   total 131072K, used 3929K [0x0000000080000000, 0x0000000100000000)
  region size 1024K, 1 young (1024K), 1 survivors (1024K)
 Metaspace       used 9420K, capacity 9548K, committed 9728K, reserved 1058816K
  class space    used 906K, capacity 951K, committed 1024K, reserved 1048576K
}
Event: 0.696 GC heap before
{Heap before GC invocations=2 (full 0):
 garbage-first heap   total 131072K, used 4953K [0x0000000080000000, 0x0000000100000000)
  region size 1024K, 4 young (4096K), 1 survivors (1024K)
 Metaspace       used 10414K, capacity 10644K, committed 10880K, reserved 1058816K
  class space    used 1056K, capacity 1152K, committed 1152K, reserved 1048576K
}
Event: 0.699 GC heap after
{Heap after GC invocations=3 (full 0):
 garbage-first heap   total 131072K, used 4142K [0x0000000080000000, 0x0000000100000000)
  region size 1024K, 1 young (1024K), 1 survivors (1024K)
 Metaspace       used 10414K, capacity 10644K, committed 10880K, reserved 1058816K
  class space    used 1056K, capacity 1152K, committed 1152K, reserved 1048576K
}

