# JRE version: Java(TM) SE Runtime Environment 18.9 (11.0.16+11) (build 11.0.16+11-LTS-199)
# Java VM: Java HotSpot(TM) 64-Bit Server VM 18.9 (11.0.16+11-LTS-199, mixed mode, tiered, compressed oops, g1 gc, windows-amd64)
Heap:
 garbage-first heap   total 315392K, used 52547K [0x0000000700000000, 0x0000000800000000)
  region size 1024K, 12 young (12288K), 6 survivors (6144K)
 Metaspace       used 35613K, capacity 36322K, committed 36480K, reserved 1081344K
  class space    used 3693K, capacity 4005K, committed 4096K, reserved 1048576K
GC Heap History (10 events):
Event: 3.055 GC heap before
{Heap before GC invocations=3 (full 0):
 garbage-first heap   total 262144K, used 54983K [0x0000000700000000, 0x0000000800000000)
  region size 1024K, 51 young (52224K), 2 survivors (2048K)
 Metaspace       used 20351K, capacity 20680K, committed 20736K, reserved 1067008K
  class space    used 2159K, capacity 2279K, committed 2304K, reserved 1048576K
}
Event: 3.071 GC heap after
{Heap after GC invocations=4 (full 0):
 garbage-first heap   total 262144K, used 10143K [0x0000000700000000, 0x0000000800000000)
  region size 1024K, 7 young (7168K), 7 survivors (7168K)
 Metaspace       used 20351K, capacity 20680K, committed 20736K, reserved 1067008K
  class space    used 2159K, capacity 2279K, committed 2304K, reserved 1048576K
}
Event: 3.744 GC heap before
{Heap before GC invocations=4 (full 0):
 garbage-first heap   total 262144K, used 39839K [0x0000000700000000, 0x0000000800000000)
  region size 1024K, 37 young (37888K), 7 survivors (7168K)
 Metaspace       used 20945K, capacity 21212K, committed 21248K, reserved 1069056K
  class space    used 2176K, capacity 2285K, committed 2304K, reserved 1048576K
}
Event: 3.767 GC heap after
{Heap after GC invocations=5 (full 0):
 garbage-first heap   total 315392K, used 11492K [0x0000000700000000, 0x0000000800000000)
  region size 1024K, 2 young (2048K), 2 survivors (2048K)
 Metaspace       used 20945K, capacity 21212K, committed 21248K, reserved 1069056K
  class space    used 2176K, capacity 2285K, committed 2304K, reserved 1048576K
}
Event: 6.232 GC heap before
{Heap before GC invocations=6 (full 0):
 garbage-first heap   total 315392K, used 82148K [0x0000000700000000, 0x0000000800000000)
  region size 1024K, 70 young (71680K), 2 survivors (2048K)
 Metaspace       used 30598K, capacity 31214K, committed 31488K, reserved 1077248K
  class space    used 3239K, capacity 3461K, committed 3584K, reserved 1048576K
}
Event: 6.251 GC heap after
{Heap after GC invocations=7 (full 0):
 garbage-first heap   total 315392K, used 25600K [0x0000000700000000, 0x0000000800000000)
  region size 1024K, 9 young (9216K), 9 survivors (9216K)
 Metaspace       used 30598K, capacity 31214K, committed 31488K, reserved 1077248K
  class space    used 3239K, capacity 3461K, committed 3584K, reserved 1048576K
}
Event: 8.643 GC heap before
{Heap before GC invocations=7 (full 0):
 garbage-first heap   total 315392K, used 118784K [0x0000000700000000, 0x0000000800000000)
  region size 1024K, 96 young (98304K), 9 survivors (9216K)
 Metaspace       used 33199K, capacity 33846K, committed 34048K, reserved 1079296K
  class space    used 3482K, capacity 3713K, committed 3840K, reserved 1048576K
}
Event: 8.695 GC heap after
{Heap after GC invocations=8 (full 0):
 garbage-first heap   total 315392K, used 49351K [0x0000000700000000, 0x0000000800000000)
  region size 1024K, 12 young (12288K), 12 survivors (12288K)
 Metaspace       used 33199K, capacity 33846K, committed 34048K, reserved 1079296K
  class space    used 3482K, capacity 3713K, committed 3840K, reserved 1048576K
}
Event: 9.777 GC heap before
{Heap before GC invocations=8 (full 0):
 garbage-first heap   total 315392K, used 112839K [0x0000000700000000, 0x0000000800000000)
  region size 1024K, 75 young (76800K), 12 survivors (12288K)
 Metaspace       used 35060K, capacity 35789K, committed 35840K, reserved 1081344K
  class space    used 3639K, capacity 3933K, committed 3968K, reserved 1048576K
}
Event: 9.801 GC heap after
{Heap after GC invocations=9 (full 0):
 garbage-first heap   total 315392K, used 48451K [0x0000000700000000, 0x0000000800000000)
  region size 1024K, 6 young (6144K), 6 survivors (6144K)
 Metaspace       used 35060K, capacity 35789K, committed 35840K, reserved 1081344K
  class space    used 3639K, capacity 3933K, committed 3968K, reserved 1048576K
}

