# JRE version: Java(TM) SE Runtime Environment 18.9 (11.0.16+11) (build 11.0.16+11-LTS-199)
# Java VM: Java HotSpot(TM) 64-Bit Server VM 18.9 (11.0.16+11-LTS-199, mixed mode, tiered, compressed oops, g1 gc, windows-amd64)
Heap:
 garbage-first heap   total 157696K, used 32769K [0x0000000080000000, 0x0000000100000000)
  region size 1024K, 27 young (27648K), 8 survivors (8192K)
 Metaspace       used 24384K, capacity 24879K, committed 24960K, reserved 1071104K
  class space    used 2479K, capacity 2662K, committed 2688K, reserved 1048576K
GC Heap History (10 events):
Event: 1.197 GC heap before
{Heap before GC invocations=2 (full 0):
 garbage-first heap   total 131072K, used 16365K [0x0000000080000000, 0x0000000100000000)
  region size 1024K, 14 young (14336K), 1 survivors (1024K)
 Metaspace       used 12413K, capacity 12596K, committed 12672K, reserved 1060864K
  class space    used 1254K, capacity 1348K, committed 1408K, reserved 1048576K
}
Event: 1.201 GC heap after
{Heap after GC invocations=3 (full 0):
 garbage-first heap   total 131072K, used 3640K [0x0000000080000000, 0x0000000100000000)
  region size 1024K, 2 young (2048K), 2 survivors (2048K)
 Metaspace       used 12413K, capacity 12596K, committed 12672K, reserved 1060864K
  class space    used 1254K, capacity 1348K, committed 1408K, reserved 1048576K
}
Event: 1.812 GC heap before
{Heap before GC invocations=3 (full 0):
 garbage-first heap   total 131072K, used 22072K [0x0000000080000000, 0x0000000100000000)
  region size 1024K, 20 young (20480K), 2 survivors (2048K)
 Metaspace       used 14423K, capacity 14647K, committed 14976K, reserved 1062912K
  class space    used 1505K, capacity 1581K, committed 1664K, reserved 1048576K
}
Event: 1.818 GC heap after
{Heap after GC invocations=4 (full 0):
 garbage-first heap   total 131072K, used 4274K [0x0000000080000000, 0x0000000100000000)
  region size 1024K, 3 young (3072K), 3 survivors (3072K)
 Metaspace       used 14423K, capacity 14647K, committed 14976K, reserved 1062912K
  class space    used 1505K, capacity 1581K, committed 1664K, reserved 1048576K
}
Event: 4.496 GC heap before
{Heap before GC invocations=4 (full 0):
 garbage-first heap   total 131072K, used 34994K [0x0000000080000000, 0x0000000100000000)
  region size 1024K, 33 young (33792K), 3 survivors (3072K)
 Metaspace       used 19754K, capacity 20129K, committed 20224K, reserved 1067008K
  class space    used 2118K, capacity 2245K, committed 2304K, reserved 1048576K
}
Event: 4.511 GC heap after
{Heap after GC invocations=5 (full 0):
 garbage-first heap   total 157696K, used 6935K [0x0000000080000000, 0x0000000100000000)
  region size 1024K, 5 young (5120K), 5 survivors (5120K)
 Metaspace       used 19754K, capacity 20129K, committed 20224K, reserved 1067008K
  class space    used 2118K, capacity 2245K, committed 2304K, reserved 1048576K
}
Event: 6.003 GC heap before
{Heap before GC invocations=5 (full 0):
 garbage-first heap   total 157696K, used 56087K [0x0000000080000000, 0x0000000100000000)
  region size 1024K, 54 young (55296K), 5 survivors (5120K)
 Metaspace       used 20941K, capacity 21203K, committed 21248K, reserved 1069056K
  class space    used 2186K, capacity 2282K, committed 2304K, reserved 1048576K
}
Event: 6.024 GC heap after
{Heap after GC invocations=6 (full 0):
 garbage-first heap   total 157696K, used 11089K [0x0000000080000000, 0x0000000100000000)
  region size 1024K, 9 young (9216K), 9 survivors (9216K)
 Metaspace       used 20941K, capacity 21203K, committed 21248K, reserved 1069056K
  class space    used 2186K, capacity 2282K, committed 2304K, reserved 1048576K
}
Event: 8.026 GC heap before
{Heap before GC invocations=7 (full 0):
 garbage-first heap   total 157696K, used 118609K [0x0000000080000000, 0x0000000100000000)
  region size 1024K, 66 young (67584K), 9 survivors (9216K)
 Metaspace       used 23297K, capacity 23713K, committed 23808K, reserved 1071104K
  class space    used 2359K, capacity 2503K, committed 2560K, reserved 1048576K
}
Event: 8.055 GC heap after
{Heap after GC invocations=8 (full 0):
 garbage-first heap   total 157696K, used 14337K [0x0000000080000000, 0x0000000100000000)
  region size 1024K, 8 young (8192K), 8 survivors (8192K)
 Metaspace       used 23297K, capacity 23713K, committed 23808K, reserved 1071104K
  class space    used 2359K, capacity 2503K, committed 2560K, reserved 1048576K
}

