# JRE version: Java(TM) SE Runtime Environment 18.9 (11.0.16+11) (build 11.0.16+11-LTS-199)
# Java VM: Java HotSpot(TM) 64-Bit Server VM 18.9 (11.0.16+11-LTS-199, mixed mode, tiered, compressed oops, g1 gc, windows-amd64)
Heap:
 garbage-first heap   total 390144K, used 25755K [0x0000000700000000, 0x0000000800000000)
  region size 1024K, 15 young (15360K), 15 survivors (15360K)
 Metaspace       used 58156K, capacity 59851K, committed 59936K, reserved 1101824K
  class space    used 7622K, capacity 8353K, committed 8396K, reserved 1048576K
GC Heap History (10 events):
Event: 2.493 GC heap after
{Heap after GC invocations=4 (full 0):
 garbage-first heap   total 262144K, used 9907K [0x0000000700000000, 0x0000000800000000)
  region size 1024K, 3 young (3072K), 3 survivors (3072K)
 Metaspace       used 20379K, capacity 21009K, committed 21248K, reserved 1069056K
  class space    used 2272K, capacity 2549K, committed 2560K, reserved 1048576K
}
Event: 3.676 GC heap before
{Heap before GC invocations=5 (full 0):
 garbage-first heap   total 262144K, used 60083K [0x0000000700000000, 0x0000000800000000)
  region size 1024K, 53 young (54272K), 3 survivors (3072K)
 Metaspace       used 28497K, capacity 29382K, committed 29696K, reserved 1075200K
  class space    used 3338K, capacity 3717K, committed 3840K, reserved 1048576K
}
Event: 3.688 GC heap after
{Heap after GC invocations=6 (full 0):
 garbage-first heap   total 324608K, used 12406K [0x0000000700000000, 0x0000000800000000)
  region size 1024K, 5 young (5120K), 5 survivors (5120K)
 Metaspace       used 28497K, capacity 29382K, committed 29696K, reserved 1075200K
  class space    used 3338K, capacity 3717K, committed 3840K, reserved 1048576K
}
Event: 5.378 GC heap before
{Heap before GC invocations=6 (full 0):
 garbage-first heap   total 324608K, used 73846K [0x0000000700000000, 0x0000000800000000)
  region size 1024K, 66 young (67584K), 5 survivors (5120K)
 Metaspace       used 34601K, capacity 35561K, committed 35628K, reserved 1081344K
  class space    used 4302K, capacity 4719K, committed 4736K, reserved 1048576K
}
Event: 5.390 GC heap after
{Heap after GC invocations=7 (full 0):
 garbage-first heap   total 324608K, used 13881K [0x0000000700000000, 0x0000000800000000)
  region size 1024K, 7 young (7168K), 7 survivors (7168K)
 Metaspace       used 34601K, capacity 35561K, committed 35628K, reserved 1081344K
  class space    used 4302K, capacity 4719K, committed 4736K, reserved 1048576K
}
Event: 6.962 GC heap before
{Heap before GC invocations=8 (full 0):
 garbage-first heap   total 324608K, used 105017K [0x0000000700000000, 0x0000000800000000)
  region size 1024K, 96 young (98304K), 7 survivors (7168K)
 Metaspace       used 40668K, capacity 41875K, committed 42104K, reserved 1085440K
  class space    used 5221K, capacity 5732K, committed 5836K, reserved 1048576K
}
Event: 6.984 GC heap after
{Heap after GC invocations=9 (full 0):
 garbage-first heap   total 324608K, used 18859K [0x0000000700000000, 0x0000000800000000)
  region size 1024K, 12 young (12288K), 12 survivors (12288K)
 Metaspace       used 40668K, capacity 41875K, committed 42104K, reserved 1085440K
  class space    used 5221K, capacity 5732K, committed 5836K, reserved 1048576K
}
Event: 11.366 GC heap before
{Heap before GC invocations=9 (full 0):
 garbage-first heap   total 324608K, used 201131K [0x0000000700000000, 0x0000000800000000)
  region size 1024K, 190 young (194560K), 12 survivors (12288K)
 Metaspace       used 52784K, capacity 54404K, committed 54520K, reserved 1095680K
  class space    used 6996K, capacity 7680K, committed 7756K, reserved 1048576K
}
Event: 11.399 GC heap after
{Heap after GC invocations=10 (full 0):
 garbage-first heap   total 324608K, used 22681K [0x0000000700000000, 0x0000000800000000)
  region size 1024K, 15 young (15360K), 15 survivors (15360K)
 Metaspace       used 52784K, capacity 54404K, committed 54520K, reserved 1095680K
  class space    used 6996K, capacity 7680K, committed 7756K, reserved 1048576K
}
Event: 12.173 GC heap before
{Heap before GC invocations=10 (full 0):
 garbage-first heap   total 324608K, used 38041K [0x0000000700000000, 0x0000000800000000)
  region size 1024K, 31 young (31744K), 15 survivors (15360K)
 Metaspace       used 58156K, capacity 59851K, committed 59936K, reserved 1101824K
  class space    used 7622K, capacity 8353K, committed 8396K, reserved 1048576K
}

