# JRE version: Java(TM) SE Runtime Environment 18.9 (11.0.16+11) (build 11.0.16+11-LTS-199)
# Java VM: Java HotSpot(TM) 64-Bit Server VM 18.9 (11.0.16+11-LTS-199, mixed mode, tiered, compressed oops, g1 gc, windows-amd64)
Heap:
 garbage-first heap   total 157696K, used 63284K [0x0000000080000000, 0x0000000100000000)
  region size 1024K, 56 young (57344K), 11 survivors (11264K)
 Metaspace       used 42878K, capacity 44118K, committed 44204K, reserved 1089536K
  class space    used 5531K, capacity 6070K, committed 6144K, reserved 1048576K
GC Heap History (10 events):
Event: 4.093 GC heap before
{Heap before GC invocations=4 (full 0):
 garbage-first heap   total 131072K, used 32194K [0x0000000080000000, 0x0000000100000000)
  region size 1024K, 25 young (25600K), 2 survivors (2048K)
 Metaspace       used 18611K, capacity 19221K, committed 19456K, reserved 1067008K
  class space    used 2049K, capacity 2290K, committed 2304K, reserved 1048576K
}
Event: 4.102 GC heap after
{Heap after GC invocations=5 (full 0):
 garbage-first heap   total 131072K, used 9713K [0x0000000080000000, 0x0000000100000000)
  region size 1024K, 3 young (3072K), 3 survivors (3072K)
 Metaspace       used 18611K, capacity 19221K, committed 19456K, reserved 1067008K
  class space    used 2049K, capacity 2290K, committed 2304K, reserved 1048576K
}
Event: 4.747 GC heap before
{Heap before GC invocations=5 (full 0):
 garbage-first heap   total 131072K, used 16881K [0x0000000080000000, 0x0000000100000000)
  region size 1024K, 11 young (11264K), 3 survivors (3072K)
 Metaspace       used 20422K, capacity 21072K, committed 21248K, reserved 1069056K
  class space    used 2271K, capacity 2547K, committed 2560K, reserved 1048576K
}
Event: 4.755 GC heap after
{Heap after GC invocations=6 (full 0):
 garbage-first heap   total 131072K, used 10267K [0x0000000080000000, 0x0000000100000000)
  region size 1024K, 3 young (3072K), 3 survivors (3072K)
 Metaspace       used 20422K, capacity 21072K, committed 21248K, reserved 1069056K
  class space    used 2271K, capacity 2547K, committed 2560K, reserved 1048576K
}
Event: 8.701 GC heap before
{Heap before GC invocations=7 (full 0):
 garbage-first heap   total 131072K, used 85019K [0x0000000080000000, 0x0000000100000000)
  region size 1024K, 76 young (77824K), 3 survivors (3072K)
 Metaspace       used 30848K, capacity 31822K, committed 32000K, reserved 1077248K
  class space    used 3639K, capacity 4052K, committed 4096K, reserved 1048576K
}
Event: 8.720 GC heap after
{Heap after GC invocations=8 (full 0):
 garbage-first heap   total 157696K, used 13082K [0x0000000080000000, 0x0000000100000000)
  region size 1024K, 6 young (6144K), 6 survivors (6144K)
 Metaspace       used 30848K, capacity 31822K, committed 32000K, reserved 1077248K
  class space    used 3639K, capacity 4052K, committed 4096K, reserved 1048576K
}
Event: 9.616 GC heap before
{Heap before GC invocations=8 (full 0):
 garbage-first heap   total 157696K, used 43802K [0x0000000080000000, 0x0000000100000000)
  region size 1024K, 37 young (37888K), 6 survivors (6144K)
 Metaspace       used 34555K, capacity 35562K, committed 35628K, reserved 1081344K
  class space    used 4280K, capacity 4719K, committed 4736K, reserved 1048576K
}
Event: 9.633 GC heap after
{Heap after GC invocations=9 (full 0):
 garbage-first heap   total 157696K, used 14078K [0x0000000080000000, 0x0000000100000000)
  region size 1024K, 7 young (7168K), 7 survivors (7168K)
 Metaspace       used 34555K, capacity 35562K, committed 35628K, reserved 1081344K
  class space    used 4280K, capacity 4719K, committed 4736K, reserved 1048576K
}
Event: 12.355 GC heap before
{Heap before GC invocations=10 (full 0):
 garbage-first heap   total 157696K, used 99070K [0x0000000080000000, 0x0000000100000000)
  region size 1024K, 90 young (92160K), 7 survivors (7168K)
 Metaspace       used 40821K, capacity 42018K, committed 42156K, reserved 1085440K
  class space    used 5248K, capacity 5774K, committed 5888K, reserved 1048576K
}
Event: 12.382 GC heap after
{Heap after GC invocations=11 (full 0):
 garbage-first heap   total 157696K, used 18228K [0x0000000080000000, 0x0000000100000000)
  region size 1024K, 11 young (11264K), 11 survivors (11264K)
 Metaspace       used 40821K, capacity 42018K, committed 42156K, reserved 1085440K
  class space    used 5248K, capacity 5774K, committed 5888K, reserved 1048576K
}

