# JRE version: Java(TM) SE Runtime Environment 18.9 (11.0.16+11) (build 11.0.16+11-LTS-199)
# Java VM: Java HotSpot(TM) 64-Bit Server VM 18.9 (11.0.16+11-LTS-199, mixed mode, tiered, compressed oops, g1 gc, windows-amd64)
Heap:
 garbage-first heap   total 157696K, used 48128K [0x0000000080000000, 0x0000000100000000)
  region size 1024K, 22 young (22528K), 3 survivors (3072K)
 Metaspace       used 36081K, capacity 36807K, committed 37120K, reserved 1083392K
  class space    used 3713K, capacity 4016K, committed 4096K, reserved 1048576K
GC Heap History (10 events):
Event: 6.813 GC heap before
{Heap before GC invocations=5 (full 0):
 garbage-first heap   total 131072K, used 63207K [0x0000000080000000, 0x0000000100000000)
  region size 1024K, 61 young (62464K), 5 survivors (5120K)
 Metaspace       used 20950K, capacity 21212K, committed 21248K, reserved 1069056K
  class space    used 2171K, capacity 2285K, committed 2304K, reserved 1048576K
}
Event: 6.838 GC heap after
{Heap after GC invocations=6 (full 0):
 garbage-first heap   total 157696K, used 11663K [0x0000000080000000, 0x0000000100000000)
  region size 1024K, 10 young (10240K), 10 survivors (10240K)
 Metaspace       used 20950K, capacity 21212K, committed 21248K, reserved 1069056K
  class space    used 2171K, capacity 2285K, committed 2304K, reserved 1048576K
}
Event: 10.956 GC heap before
{Heap before GC invocations=7 (full 0):
 garbage-first heap   total 157696K, used 76175K [0x0000000080000000, 0x0000000100000000)
  region size 1024K, 72 young (73728K), 10 survivors (10240K)
 Metaspace       used 30562K, capacity 31151K, committed 31488K, reserved 1077248K
  class space    used 3237K, capacity 3461K, committed 3584K, reserved 1048576K
}
Event: 10.996 GC heap after
{Heap after GC invocations=8 (full 0):
 garbage-first heap   total 157696K, used 21281K [0x0000000080000000, 0x0000000100000000)
  region size 1024K, 9 young (9216K), 9 survivors (9216K)
 Metaspace       used 30562K, capacity 31151K, committed 31488K, reserved 1077248K
  class space    used 3237K, capacity 3461K, committed 3584K, reserved 1048576K
}
Event: 15.916 GC heap before
{Heap before GC invocations=8 (full 0):
 garbage-first heap   total 157696K, used 107297K [0x0000000080000000, 0x0000000100000000)
  region size 1024K, 90 young (92160K), 9 survivors (9216K)
 Metaspace       used 33255K, capacity 33870K, committed 34048K, reserved 1079296K
  class space    used 3483K, capacity 3722K, committed 3840K, reserved 1048576K
}
Event: 15.949 GC heap after
{Heap after GC invocations=9 (full 0):
 garbage-first heap   total 157696K, used 36453K [0x0000000080000000, 0x0000000100000000)
  region size 1024K, 12 young (12288K), 12 survivors (12288K)
 Metaspace       used 33255K, capacity 33870K, committed 34048K, reserved 1079296K
  class space    used 3483K, capacity 3722K, committed 3840K, reserved 1048576K
}
Event: 19.639 GC heap before
{Heap before GC invocations=9 (full 0):
 garbage-first heap   total 157696K, used 108133K [0x0000000080000000, 0x0000000100000000)
  region size 1024K, 81 young (82944K), 12 survivors (12288K)
 Metaspace       used 35006K, capacity 35730K, committed 35840K, reserved 1081344K
  class space    used 3614K, capacity 3912K, committed 3968K, reserved 1048576K
}
Event: 19.657 GC heap after
{Heap after GC invocations=10 (full 0):
 garbage-first heap   total 157696K, used 32256K [0x0000000080000000, 0x0000000100000000)
  region size 1024K, 4 young (4096K), 4 survivors (4096K)
 Metaspace       used 35006K, capacity 35730K, committed 35840K, reserved 1081344K
  class space    used 3614K, capacity 3912K, committed 3968K, reserved 1048576K
}
Event: 19.662 GC heap before
{Heap before GC invocations=10 (full 0):
 garbage-first heap   total 157696K, used 32256K [0x0000000080000000, 0x0000000100000000)
  region size 1024K, 5 young (5120K), 4 survivors (4096K)
 Metaspace       used 35008K, capacity 35730K, committed 35840K, reserved 1081344K
  class space    used 3614K, capacity 3912K, committed 3968K, reserved 1048576K
}
Event: 19.670 GC heap after
{Heap after GC invocations=11 (full 0):
 garbage-first heap   total 157696K, used 31744K [0x0000000080000000, 0x0000000100000000)
  region size 1024K, 3 young (3072K), 3 survivors (3072K)
 Metaspace       used 35008K, capacity 35730K, committed 35840K, reserved 1081344K
  class space    used 3614K, capacity 3912K, committed 3968K, reserved 1048576K
}

