# JRE version: Java(TM) SE Runtime Environment 18.9 (11.0.16+11) (build 11.0.16+11-LTS-199)
# Java VM: Java HotSpot(TM) 64-Bit Server VM 18.9 (11.0.16+11-LTS-199, mixed mode, tiered, compressed oops, g1 gc, windows-amd64)
Heap:
 garbage-first heap   total 221184K, used 19215K [0x0000000080000000, 0x0000000100000000)
  region size 1024K, 7 young (7168K), 7 survivors (7168K)
 Metaspace       used 47394K, capacity 48862K, committed 49016K, reserved 1091584K
  class space    used 6221K, capacity 6820K, committed 6860K, reserved 1048576K
GC Heap History (10 events):
Event: 3.922 GC heap after
{Heap after GC invocations=5 (full 0):
 garbage-first heap   total 131072K, used 10444K [0x0000000080000000, 0x0000000100000000)
  region size 1024K, 3 young (3072K), 3 survivors (3072K)
 Metaspace       used 19239K, capacity 19898K, committed 20096K, reserved 1067008K
  class space    used 2120K, capacity 2388K, committed 2432K, reserved 1048576K
}
Event: 4.347 GC heap before
{Heap before GC invocations=5 (full 0):
 garbage-first heap   total 131072K, used 14540K [0x0000000080000000, 0x0000000100000000)
  region size 1024K, 8 young (8192K), 3 survivors (3072K)
 Metaspace       used 20483K, capacity 21135K, committed 21248K, reserved 1069056K
  class space    used 2274K, capacity 2547K, committed 2560K, reserved 1048576K
}
Event: 4.363 GC heap after
{Heap after GC invocations=6 (full 0):
 garbage-first heap   total 157696K, used 10868K [0x0000000080000000, 0x0000000100000000)
  region size 1024K, 3 young (3072K), 3 survivors (3072K)
 Metaspace       used 20483K, capacity 21135K, committed 21248K, reserved 1069056K
  class space    used 2274K, capacity 2547K, committed 2560K, reserved 1048576K
}
Event: 7.470 GC heap before
{Heap before GC invocations=7 (full 0):
 garbage-first heap   total 157696K, used 83572K [0x0000000080000000, 0x0000000100000000)
  region size 1024K, 74 young (75776K), 3 survivors (3072K)
 Metaspace       used 30554K, capacity 31534K, committed 31744K, reserved 1077248K
  class space    used 3603K, capacity 4020K, committed 4096K, reserved 1048576K
}
Event: 7.490 GC heap after
{Heap after GC invocations=8 (full 0):
 garbage-first heap   total 157696K, used 13608K [0x0000000080000000, 0x0000000100000000)
  region size 1024K, 6 young (6144K), 6 survivors (6144K)
 Metaspace       used 30554K, capacity 31534K, committed 31744K, reserved 1077248K
  class space    used 3603K, capacity 4020K, committed 4096K, reserved 1048576K
}
Event: 8.421 GC heap before
{Heap before GC invocations=8 (full 0):
 garbage-first heap   total 157696K, used 47400K [0x0000000080000000, 0x0000000100000000)
  region size 1024K, 40 young (40960K), 6 survivors (6144K)
 Metaspace       used 34624K, capacity 35562K, committed 35628K, reserved 1081344K
  class space    used 4298K, capacity 4719K, committed 4736K, reserved 1048576K
}
Event: 8.437 GC heap after
{Heap after GC invocations=9 (full 0):
 garbage-first heap   total 157696K, used 14593K [0x0000000080000000, 0x0000000100000000)
  region size 1024K, 7 young (7168K), 7 survivors (7168K)
 Metaspace       used 34624K, capacity 35562K, committed 35628K, reserved 1081344K
  class space    used 4298K, capacity 4719K, committed 4736K, reserved 1048576K
}
Event: 10.957 GC heap before
{Heap before GC invocations=10 (full 0):
 garbage-first heap   total 157696K, used 99585K [0x0000000080000000, 0x0000000100000000)
  region size 1024K, 90 young (92160K), 7 survivors (7168K)
 Metaspace       used 40806K, capacity 42018K, committed 42104K, reserved 1085440K
  class space    used 5251K, capacity 5774K, committed 5836K, reserved 1048576K
}
Event: 11.074 GC heap after
{Heap after GC invocations=11 (full 0):
 garbage-first heap   total 157696K, used 18743K [0x0000000080000000, 0x0000000100000000)
  region size 1024K, 11 young (11264K), 11 survivors (11264K)
 Metaspace       used 40806K, capacity 42018K, committed 42104K, reserved 1085440K
  class space    used 5251K, capacity 5774K, committed 5836K, reserved 1048576K
}
Event: 13.694 GC heap before
{Heap before GC invocations=11 (full 0):
 garbage-first heap   total 157696K, used 101687K [0x0000000080000000, 0x0000000100000000)
  region size 1024K, 92 young (94208K), 11 survivors (11264K)
 Metaspace       used 47394K, capacity 48862K, committed 49016K, reserved 1091584K
  class space    used 6221K, capacity 6820K, committed 6860K, reserved 1048576K
}

