# JRE version: Java(TM) SE Runtime Environment 18.9 (11.0.16+11) (build 11.0.16+11-LTS-199)
# Java VM: Java HotSpot(TM) 64-Bit Server VM 18.9 (11.0.16+11-LTS-199, mixed mode, tiered, compressed oops, g1 gc, windows-amd64)
Heap:
 garbage-first heap   total 180224K, used 31718K [0x0000000080000000, 0x0000000100000000)
  region size 1024K, 10 young (10240K), 10 survivors (10240K)
 Metaspace       used 33228K, capacity 33902K, committed 34048K, reserved 1079296K
  class space    used 3484K, capacity 3754K, committed 3840K, reserved 1048576K
GC Heap History (10 events):
Event: 2.627 GC heap after
{Heap after GC invocations=3 (full 0):
 garbage-first heap   total 131072K, used 3704K [0x0000000080000000, 0x0000000100000000)
  region size 1024K, 2 young (2048K), 2 survivors (2048K)
 Metaspace       used 12387K, capacity 12596K, committed 12672K, reserved 1060864K
  class space    used 1251K, capacity 1348K, committed 1408K, reserved 1048576K
}
Event: 3.711 GC heap before
{Heap before GC invocations=3 (full 0):
 garbage-first heap   total 131072K, used 22136K [0x0000000080000000, 0x0000000100000000)
  region size 1024K, 20 young (20480K), 2 survivors (2048K)
 Metaspace       used 14377K, capacity 14583K, committed 14720K, reserved 1062912K
  class space    used 1500K, capacity 1581K, committed 1664K, reserved 1048576K
}
Event: 3.717 GC heap after
{Heap after GC invocations=4 (full 0):
 garbage-first heap   total 131072K, used 4307K [0x0000000080000000, 0x0000000100000000)
  region size 1024K, 3 young (3072K), 3 survivors (3072K)
 Metaspace       used 14377K, capacity 14583K, committed 14720K, reserved 1062912K
  class space    used 1500K, capacity 1581K, committed 1664K, reserved 1048576K
}
Event: 6.562 GC heap before
{Heap before GC invocations=4 (full 0):
 garbage-first heap   total 131072K, used 39123K [0x0000000080000000, 0x0000000100000000)
  region size 1024K, 37 young (37888K), 3 survivors (3072K)
 Metaspace       used 19797K, capacity 20135K, committed 20224K, reserved 1067008K
  class space    used 2118K, capacity 2247K, committed 2304K, reserved 1048576K
}
Event: 6.579 GC heap after
{Heap after GC invocations=5 (full 0):
 garbage-first heap   total 131072K, used 7334K [0x0000000080000000, 0x0000000100000000)
  region size 1024K, 5 young (5120K), 5 survivors (5120K)
 Metaspace       used 19797K, capacity 20135K, committed 20224K, reserved 1067008K
  class space    used 2118K, capacity 2247K, committed 2304K, reserved 1048576K
}
Event: 9.534 GC heap before
{Heap before GC invocations=5 (full 0):
 garbage-first heap   total 131072K, used 59558K [0x0000000080000000, 0x0000000100000000)
  region size 1024K, 57 young (58368K), 5 survivors (5120K)
 Metaspace       used 20898K, capacity 21212K, committed 21248K, reserved 1069056K
  class space    used 2169K, capacity 2285K, committed 2304K, reserved 1048576K
}
Event: 9.560 GC heap after
{Heap after GC invocations=6 (full 0):
 garbage-first heap   total 131072K, used 11858K [0x0000000080000000, 0x0000000100000000)
  region size 1024K, 10 young (10240K), 10 survivors (10240K)
 Metaspace       used 20898K, capacity 21212K, committed 21248K, reserved 1069056K
  class space    used 2169K, capacity 2285K, committed 2304K, reserved 1048576K
}
Event: 13.725 GC heap before
{Heap before GC invocations=7 (full 0):
 garbage-first heap   total 131072K, used 71250K [0x0000000080000000, 0x0000000100000000)
  region size 1024K, 67 young (68608K), 10 survivors (10240K)
 Metaspace       used 29761K, capacity 30303K, committed 30592K, reserved 1077248K
  class space    used 3176K, capacity 3347K, committed 3456K, reserved 1048576K
}
Event: 13.766 GC heap after
{Heap after GC invocations=8 (full 0):
 garbage-first heap   total 131072K, used 19632K [0x0000000080000000, 0x0000000100000000)
  region size 1024K, 9 young (9216K), 9 survivors (9216K)
 Metaspace       used 29761K, capacity 30303K, committed 30592K, reserved 1077248K
  class space    used 3176K, capacity 3347K, committed 3456K, reserved 1048576K
}
Event: 19.227 GC heap before
{Heap before GC invocations=8 (full 0):
 garbage-first heap   total 131072K, used 90288K [0x0000000080000000, 0x0000000100000000)
  region size 1024K, 75 young (76800K), 9 survivors (9216K)
 Metaspace       used 33228K, capacity 33902K, committed 34048K, reserved 1079296K
  class space    used 3484K, capacity 3754K, committed 3840K, reserved 1048576K
}

