# JRE version: Java(TM) SE Runtime Environment 18.9 (11.0.16+11) (build 11.0.16+11-LTS-199)
# Java VM: Java HotSpot(TM) 64-Bit Server VM 18.9 (11.0.16+11-LTS-199, mixed mode, tiered, compressed oops, g1 gc, windows-amd64)
Heap:
 garbage-first heap   total 189440K, used 64512K [0x0000000080000000, 0x0000000100000000)
  region size 1024K, 30 young (30720K), 1 survivors (1024K)
 Metaspace       used 36283K, capacity 37001K, committed 37120K, reserved 1083392K
  class space    used 3722K, capacity 4017K, committed 4096K, reserved 1048576K
GC Heap History (10 events):
Event: 6.879 GC heap before
{Heap before GC invocations=5 (full 0):
 garbage-first heap   total 131072K, used 58558K [0x0000000080000000, 0x0000000100000000)
  region size 1024K, 56 young (57344K), 5 survivors (5120K)
 Metaspace       used 20907K, capacity 21212K, committed 21248K, reserved 1069056K
  class space    used 2169K, capacity 2285K, committed 2304K, reserved 1048576K
}
Event: 6.904 GC heap after
{Heap after GC invocations=6 (full 0):
 garbage-first heap   total 157696K, used 11883K [0x0000000080000000, 0x0000000100000000)
  region size 1024K, 10 young (10240K), 10 survivors (10240K)
 Metaspace       used 20907K, capacity 21212K, committed 21248K, reserved 1069056K
  class space    used 2169K, capacity 2285K, committed 2304K, reserved 1048576K
}
Event: 10.143 GC heap before
{Heap before GC invocations=7 (full 0):
 garbage-first heap   total 157696K, used 72299K [0x0000000080000000, 0x0000000100000000)
  region size 1024K, 67 young (68608K), 10 survivors (10240K)
 Metaspace       used 29867K, capacity 30367K, committed 30592K, reserved 1077248K
  class space    used 3176K, capacity 3347K, committed 3456K, reserved 1048576K
}
Event: 10.178 GC heap after
{Heap after GC invocations=8 (full 0):
 garbage-first heap   total 157696K, used 19621K [0x0000000080000000, 0x0000000100000000)
  region size 1024K, 9 young (9216K), 9 survivors (9216K)
 Metaspace       used 29867K, capacity 30367K, committed 30592K, reserved 1077248K
  class space    used 3176K, capacity 3347K, committed 3456K, reserved 1048576K
}
Event: 14.700 GC heap before
{Heap before GC invocations=8 (full 0):
 garbage-first heap   total 157696K, used 98469K [0x0000000080000000, 0x0000000100000000)
  region size 1024K, 84 young (86016K), 9 survivors (9216K)
 Metaspace       used 33261K, capacity 33902K, committed 34048K, reserved 1079296K
  class space    used 3484K, capacity 3754K, committed 3840K, reserved 1048576K
}
Event: 14.746 GC heap after
{Heap after GC invocations=9 (full 0):
 garbage-first heap   total 157696K, used 32766K [0x0000000080000000, 0x0000000100000000)
  region size 1024K, 11 young (11264K), 11 survivors (11264K)
 Metaspace       used 33261K, capacity 33902K, committed 34048K, reserved 1079296K
  class space    used 3484K, capacity 3754K, committed 3840K, reserved 1048576K
}
Event: 17.051 GC heap before
{Heap before GC invocations=9 (full 0):
 garbage-first heap   total 157696K, used 107518K [0x0000000080000000, 0x0000000100000000)
  region size 1024K, 82 young (83968K), 11 survivors (11264K)
 Metaspace       used 34358K, capacity 35068K, committed 35072K, reserved 1081344K
  class space    used 3547K, capacity 3838K, committed 3840K, reserved 1048576K
}
Event: 17.081 GC heap after
{Heap after GC invocations=10 (full 0):
 garbage-first heap   total 157696K, used 36527K [0x0000000080000000, 0x0000000100000000)
  region size 1024K, 9 young (9216K), 9 survivors (9216K)
 Metaspace       used 34358K, capacity 35068K, committed 35072K, reserved 1081344K
  class space    used 3547K, capacity 3838K, committed 3840K, reserved 1048576K
}
Event: 17.497 GC heap before
{Heap before GC invocations=10 (full 0):
 garbage-first heap   total 157696K, used 37551K [0x0000000080000000, 0x0000000100000000)
  region size 1024K, 11 young (11264K), 9 survivors (9216K)
 Metaspace       used 35007K, capacity 35698K, committed 35840K, reserved 1081344K
  class space    used 3611K, capacity 3880K, committed 3968K, reserved 1048576K
}
Event: 17.535 GC heap after
{Heap after GC invocations=11 (full 0):
 garbage-first heap   total 189440K, used 35840K [0x0000000080000000, 0x0000000100000000)
  region size 1024K, 1 young (1024K), 1 survivors (1024K)
 Metaspace       used 35007K, capacity 35698K, committed 35840K, reserved 1081344K
  class space    used 3611K, capacity 3880K, committed 3968K, reserved 1048576K
}

