# JRE version: Java(TM) SE Runtime Environment 18.9 (11.0.16+11) (build 11.0.16+11-LTS-199)
# Java VM: Java HotSpot(TM) 64-Bit Server VM 18.9 (11.0.16+11-LTS-199, mixed mode, tiered, compressed oops, g1 gc, windows-amd64)
Heap:
 garbage-first heap   total 189440K, used 107386K [0x0000000080000000, 0x0000000100000000)
  region size 1024K, 90 young (92160K), 9 survivors (9216K)
 Metaspace       used 68778K, capacity 70594K, committed 70636K, reserved 1110016K
  class space    used 9105K, capacity 9842K, committed 9880K, reserved 1048576K
GC Heap History (10 events):
Event: 10.535 GC heap before
{Heap before GC invocations=8 (full 0):
 garbage-first heap   total 157696K, used 48307K [0x0000000080000000, 0x0000000100000000)
  region size 1024K, 42 young (43008K), 6 survivors (6144K)
 Metaspace       used 34622K, capacity 35562K, committed 35628K, reserved 1081344K
  class space    used 4296K, capacity 4719K, committed 4736K, reserved 1048576K
}
Event: 10.557 GC heap after
{Heap after GC invocations=9 (full 0):
 garbage-first heap   total 157696K, used 13699K [0x0000000080000000, 0x0000000100000000)
  region size 1024K, 7 young (7168K), 7 survivors (7168K)
 Metaspace       used 34622K, capacity 35562K, committed 35628K, reserved 1081344K
  class space    used 4296K, capacity 4719K, committed 4736K, reserved 1048576K
}
Event: 13.755 GC heap before
{Heap before GC invocations=10 (full 0):
 garbage-first heap   total 157696K, used 99715K [0x0000000080000000, 0x0000000100000000)
  region size 1024K, 91 young (93184K), 7 survivors (7168K)
 Metaspace       used 41049K, capacity 42249K, committed 42360K, reserved 1085440K
  class space    used 5276K, capacity 5789K, committed 5836K, reserved 1048576K
}
Event: 13.783 GC heap after
{Heap after GC invocations=11 (full 0):
 garbage-first heap   total 157696K, used 18367K [0x0000000080000000, 0x0000000100000000)
  region size 1024K, 11 young (11264K), 11 survivors (11264K)
 Metaspace       used 41049K, capacity 42249K, committed 42360K, reserved 1085440K
  class space    used 5276K, capacity 5789K, committed 5836K, reserved 1048576K
}
Event: 18.069 GC heap before
{Heap before GC invocations=11 (full 0):
 garbage-first heap   total 157696K, used 101311K [0x0000000080000000, 0x0000000100000000)
  region size 1024K, 92 young (94208K), 11 survivors (11264K)
 Metaspace       used 47413K, capacity 48864K, committed 49016K, reserved 1091584K
  class space    used 6219K, capacity 6820K, committed 6860K, reserved 1048576K
}
Event: 18.101 GC heap after
{Heap after GC invocations=12 (full 0):
 garbage-first heap   total 157696K, used 18259K [0x0000000080000000, 0x0000000100000000)
  region size 1024K, 7 young (7168K), 7 survivors (7168K)
 Metaspace       used 47413K, capacity 48864K, committed 49016K, reserved 1091584K
  class space    used 6219K, capacity 6820K, committed 6860K, reserved 1048576K
}
Event: 23.318 GC heap before
{Heap before GC invocations=12 (full 0):
 garbage-first heap   total 157696K, used 105299K [0x0000000080000000, 0x0000000100000000)
  region size 1024K, 92 young (94208K), 7 survivors (7168K)
 Metaspace       used 52849K, capacity 54530K, committed 54776K, reserved 1095680K
  class space    used 6934K, capacity 7655K, committed 7756K, reserved 1048576K
}
Event: 23.371 GC heap after
{Heap after GC invocations=13 (full 0):
 garbage-first heap   total 189440K, used 23164K [0x0000000080000000, 0x0000000100000000)
  region size 1024K, 10 young (10240K), 10 survivors (10240K)
 Metaspace       used 52849K, capacity 54530K, committed 54776K, reserved 1095680K
  class space    used 6934K, capacity 7655K, committed 7756K, reserved 1048576K
}
Event: 24.602 GC heap before
{Heap before GC invocations=13 (full 0):
 garbage-first heap   total 189440K, used 54908K [0x0000000080000000, 0x0000000100000000)
  region size 1024K, 42 young (43008K), 10 survivors (10240K)
 Metaspace       used 58099K, capacity 59837K, committed 59936K, reserved 1101824K
  class space    used 7645K, capacity 8366K, committed 8396K, reserved 1048576K
}
Event: 24.632 GC heap after
{Heap after GC invocations=14 (full 0):
 garbage-first heap   total 189440K, used 25466K [0x0000000080000000, 0x0000000100000000)
  region size 1024K, 9 young (9216K), 9 survivors (9216K)
 Metaspace       used 58099K, capacity 59837K, committed 59936K, reserved 1101824K
  class space    used 7645K, capacity 8366K, committed 8396K, reserved 1048576K
}

