# JRE version: Java(TM) SE Runtime Environment 18.9 (11.0.16+11) (build 11.0.16+11-LTS-199)
# Java VM: Java HotSpot(TM) 64-Bit Server VM 18.9 (11.0.16+11-LTS-199, mixed mode, tiered, compressed oops, g1 gc, windows-amd64)
Heap:
 garbage-first heap   total 157696K, used 9990K [0x0000000080000000, 0x0000000100000000)
  region size 1024K, 3 young (3072K), 3 survivors (3072K)
 Metaspace       used 18852K, capacity 19471K, committed 19584K, reserved 1075200K
  class space    used 2084K, capacity 2355K, committed 2432K, reserved 1048576K
GC Heap History (10 events):
Event: 0.907 GC heap before
{Heap before GC invocations=1 (full 0):
 garbage-first heap   total 131072K, used 8661K [0x0000000080000000, 0x0000000100000000)
  region size 1024K, 6 young (6144K), 1 survivors (1024K)
 Metaspace       used 9932K, capacity 10070K, committed 10240K, reserved 1058816K
  class space    used 915K, capacity 962K, committed 1024K, reserved 1048576K
}
Event: 0.912 GC heap after
{Heap after GC invocations=2 (full 0):
 garbage-first heap   total 131072K, used 7570K [0x0000000080000000, 0x0000000100000000)
  region size 1024K, 1 young (1024K), 1 survivors (1024K)
 Metaspace       used 9932K, capacity 10070K, committed 10240K, reserved 1058816K
  class space    used 915K, capacity 962K, committed 1024K, reserved 1048576K
}
Event: 1.464 GC heap before
{Heap before GC invocations=2 (full 0):
 garbage-first heap   total 131072K, used 15762K [0x0000000080000000, 0x0000000100000000)
  region size 1024K, 9 young (9216K), 1 survivors (1024K)
 Metaspace       used 11500K, capacity 11715K, committed 12032K, reserved 1060864K
  class space    used 1109K, capacity 1217K, committed 1280K, reserved 1048576K
}
Event: 1.469 GC heap after
{Heap after GC invocations=3 (full 0):
 garbage-first heap   total 131072K, used 7962K [0x0000000080000000, 0x0000000100000000)
  region size 1024K, 2 young (2048K), 2 survivors (2048K)
 Metaspace       used 11500K, capacity 11715K, committed 12032K, reserved 1060864K
  class space    used 1109K, capacity 1217K, committed 1280K, reserved 1048576K
}
Event: 2.559 GC heap before
{Heap before GC invocations=3 (full 0):
 garbage-first heap   total 131072K, used 21274K [0x0000000080000000, 0x0000000100000000)
  region size 1024K, 15 young (15360K), 2 survivors (2048K)
 Metaspace       used 14278K, capacity 14718K, committed 14976K, reserved 1062912K
  class space    used 1481K, capacity 1657K, committed 1664K, reserved 1048576K
}
Event: 2.570 GC heap after
{Heap after GC invocations=4 (full 0):
 garbage-first heap   total 131072K, used 8591K [0x0000000080000000, 0x0000000100000000)
  region size 1024K, 1 young (1024K), 1 survivors (1024K)
 Metaspace       used 14278K, capacity 14718K, committed 14976K, reserved 1062912K
  class space    used 1481K, capacity 1657K, committed 1664K, reserved 1048576K
}
Event: 4.485 GC heap before
{Heap before GC invocations=4 (full 0):
 garbage-first heap   total 131072K, used 33167K [0x0000000080000000, 0x0000000100000000)
  region size 1024K, 26 young (26624K), 1 survivors (1024K)
 Metaspace       used 18527K, capacity 19138K, committed 19200K, reserved 1067008K
  class space    used 2039K, capacity 2286K, committed 2304K, reserved 1048576K
}
Event: 4.506 GC heap after
{Heap after GC invocations=5 (full 0):
 garbage-first heap   total 157696K, used 9807K [0x0000000080000000, 0x0000000100000000)
  region size 1024K, 3 young (3072K), 3 survivors (3072K)
 Metaspace       used 18527K, capacity 19138K, committed 19200K, reserved 1067008K
  class space    used 2039K, capacity 2286K, committed 2304K, reserved 1048576K
}
Event: 4.579 GC heap before
{Heap before GC invocations=5 (full 0):
 garbage-first heap   total 157696K, used 10831K [0x0000000080000000, 0x0000000100000000)
  region size 1024K, 5 young (5120K), 3 survivors (3072K)
 Metaspace       used 18852K, capacity 19471K, committed 19584K, reserved 1073152K
  class space    used 2084K, capacity 2355K, committed 2432K, reserved 1048576K
}
Event: 4.586 GC heap after
{Heap after GC invocations=6 (full 0):
 garbage-first heap   total 157696K, used 9990K [0x0000000080000000, 0x0000000100000000)
  region size 1024K, 3 young (3072K), 3 survivors (3072K)
 Metaspace       used 18852K, capacity 19471K, committed 19584K, reserved 1073152K
  class space    used 2084K, capacity 2355K, committed 2432K, reserved 1048576K
}

