# JRE version: Java(TM) SE Runtime Environment 18.9 (11.0.16+11) (build 11.0.16+11-LTS-199)
# Java VM: Java HotSpot(TM) 64-Bit Server VM 18.9 (11.0.16+11-LTS-199, mixed mode, tiered, compressed oops, g1 gc, windows-amd64)
Heap:
 garbage-first heap   total 199680K, used 36864K [0x0000000080000000, 0x0000000100000000)
  region size 1024K, 4 young (4096K), 4 survivors (4096K)
 Metaspace       used 33951K, capacity 34652K, committed 34816K, reserved 1081344K
  class space    used 3506K, capacity 3806K, committed 3840K, reserved 1048576K
GC Heap History (10 events):
Event: 2.135 GC heap after
{Heap after GC invocations=4 (full 0):
 garbage-first heap   total 131072K, used 4317K [0x0000000080000000, 0x0000000100000000)
  region size 1024K, 3 young (3072K), 3 survivors (3072K)
 Metaspace       used 14448K, capacity 14649K, committed 14976K, reserved 1062912K
  class space    used 1510K, capacity 1583K, committed 1664K, reserved 1048576K
}
Event: 4.204 GC heap before
{Heap before GC invocations=4 (full 0):
 garbage-first heap   total 131072K, used 37085K [0x0000000080000000, 0x0000000100000000)
  region size 1024K, 35 young (35840K), 3 survivors (3072K)
 Metaspace       used 19772K, capacity 20071K, committed 20224K, reserved 1067008K
  class space    used 2118K, capacity 2247K, committed 2304K, reserved 1048576K
}
Event: 4.228 GC heap after
{Heap after GC invocations=5 (full 0):
 garbage-first heap   total 157696K, used 7234K [0x0000000080000000, 0x0000000100000000)
  region size 1024K, 5 young (5120K), 5 survivors (5120K)
 Metaspace       used 19772K, capacity 20071K, committed 20224K, reserved 1067008K
  class space    used 2118K, capacity 2247K, committed 2304K, reserved 1048576K
}
Event: 7.272 GC heap before
{Heap before GC invocations=5 (full 0):
 garbage-first heap   total 157696K, used 62530K [0x0000000080000000, 0x0000000100000000)
  region size 1024K, 60 young (61440K), 5 survivors (5120K)
 Metaspace       used 20960K, capacity 21212K, committed 21248K, reserved 1069056K
  class space    used 2175K, capacity 2285K, committed 2304K, reserved 1048576K
}
Event: 7.297 GC heap after
{Heap after GC invocations=6 (full 0):
 garbage-first heap   total 157696K, used 12181K [0x0000000080000000, 0x0000000100000000)
  region size 1024K, 10 young (10240K), 10 survivors (10240K)
 Metaspace       used 20960K, capacity 21212K, committed 21248K, reserved 1069056K
  class space    used 2175K, capacity 2285K, committed 2304K, reserved 1048576K
}
Event: 11.991 GC heap before
{Heap before GC invocations=7 (full 0):
 garbage-first heap   total 157696K, used 75669K [0x0000000080000000, 0x0000000100000000)
  region size 1024K, 70 young (71680K), 10 survivors (10240K)
 Metaspace       used 30644K, capacity 31215K, committed 31488K, reserved 1077248K
  class space    used 3238K, capacity 3461K, committed 3584K, reserved 1048576K
}
Event: 12.040 GC heap after
{Heap after GC invocations=8 (full 0):
 garbage-first heap   total 157696K, used 21268K [0x0000000080000000, 0x0000000100000000)
  region size 1024K, 9 young (9216K), 9 survivors (9216K)
 Metaspace       used 30644K, capacity 31215K, committed 31488K, reserved 1077248K
  class space    used 3238K, capacity 3461K, committed 3584K, reserved 1048576K
}
Event: 16.411 GC heap before
{Heap before GC invocations=8 (full 0):
 garbage-first heap   total 157696K, used 96020K [0x0000000080000000, 0x0000000100000000)
  region size 1024K, 80 young (81920K), 9 survivors (9216K)
 Metaspace       used 33282K, capacity 33902K, committed 34048K, reserved 1079296K
  class space    used 3484K, capacity 3754K, committed 3840K, reserved 1048576K
}
Event: 16.481 GC heap after
{Heap after GC invocations=9 (full 0):
 garbage-first heap   total 157696K, used 36864K [0x0000000080000000, 0x0000000100000000)
  region size 1024K, 10 young (10240K), 10 survivors (10240K)
 Metaspace       used 33282K, capacity 33902K, committed 34048K, reserved 1079296K
  class space    used 3484K, capacity 3754K, committed 3840K, reserved 1048576K
}
Event: 19.176 GC heap before
{Heap before GC invocations=9 (full 0):
 garbage-first heap   total 157696K, used 106496K [0x0000000080000000, 0x0000000100000000)
  region size 1024K, 76 young (77824K), 10 survivors (10240K)
 Metaspace       used 33951K, capacity 34652K, committed 34816K, reserved 1081344K
  class space    used 3506K, capacity 3806K, committed 3840K, reserved 1048576K
}

