# JRE version: Java(TM) SE Runtime Environment 18.9 (11.0.16+11) (build 11.0.16+11-LTS-199)
# Java VM: Java HotSpot(TM) 64-Bit Server VM 18.9 (11.0.16+11-LTS-199, mixed mode, tiered, compressed oops, g1 gc, windows-amd64)
Heap:
 garbage-first heap   total 157696K, used 93003K [0x0000000080000000, 0x0000000100000000)
  region size 1024K, 73 young (74752K), 8 survivors (8192K)
 Metaspace       used 46713K, capacity 47440K, committed 47744K, reserved 1091584K
  class space    used 5146K, capacity 5409K, committed 5504K, reserved 1048576K
GC Heap History (10 events):
Event: 5.676 GC heap before
{Heap before GC invocations=5 (full 0):
 garbage-first heap   total 157696K, used 62463K [0x0000000080000000, 0x0000000100000000)
  region size 1024K, 60 young (61440K), 5 survivors (5120K)
 Metaspace       used 20901K, capacity 21206K, committed 21248K, reserved 1069056K
  class space    used 2168K, capacity 2283K, committed 2304K, reserved 1048576K
}
Event: 5.700 GC heap after
{Heap after GC invocations=6 (full 0):
 garbage-first heap   total 157696K, used 12182K [0x0000000080000000, 0x0000000100000000)
  region size 1024K, 10 young (10240K), 10 survivors (10240K)
 Metaspace       used 20901K, capacity 21206K, committed 21248K, reserved 1069056K
  class space    used 2168K, capacity 2283K, committed 2304K, reserved 1048576K
}
Event: 8.094 GC heap before
{Heap before GC invocations=7 (full 0):
 garbage-first heap   total 157696K, used 73622K [0x0000000080000000, 0x0000000100000000)
  region size 1024K, 70 young (71680K), 10 survivors (10240K)
 Metaspace       used 23453K, capacity 23861K, committed 24064K, reserved 1071104K
  class space    used 2380K, capacity 2506K, committed 2560K, reserved 1048576K
}
Event: 8.129 GC heap after
{Heap after GC invocations=8 (full 0):
 garbage-first heap   total 157696K, used 14791K [0x0000000080000000, 0x0000000100000000)
  region size 1024K, 4 young (4096K), 4 survivors (4096K)
 Metaspace       used 23453K, capacity 23861K, committed 24064K, reserved 1071104K
  class space    used 2380K, capacity 2506K, committed 2560K, reserved 1048576K
}
Event: 34.757 GC heap before
{Heap before GC invocations=8 (full 0):
 garbage-first heap   total 157696K, used 135623K [0x0000000080000000, 0x0000000100000000)
  region size 1024K, 92 young (94208K), 4 survivors (4096K)
 Metaspace       used 27999K, capacity 28482K, committed 28672K, reserved 1075200K
  class space    used 2857K, capacity 3025K, committed 3072K, reserved 1048576K
}
Event: 34.780 GC heap after
{Heap after GC invocations=9 (full 0):
 garbage-first heap   total 157696K, used 18257K [0x0000000080000000, 0x0000000100000000)
  region size 1024K, 7 young (7168K), 7 survivors (7168K)
 Metaspace       used 27999K, capacity 28482K, committed 28672K, reserved 1075200K
  class space    used 2857K, capacity 3025K, committed 3072K, reserved 1048576K
}
Event: 37.174 GC heap before
{Heap before GC invocations=9 (full 0):
 garbage-first heap   total 157696K, used 106321K [0x0000000080000000, 0x0000000100000000)
  region size 1024K, 92 young (94208K), 7 survivors (7168K)
 Metaspace       used 30101K, capacity 30759K, committed 30976K, reserved 1077248K
  class space    used 3088K, capacity 3296K, committed 3328K, reserved 1048576K
}
Event: 37.195 GC heap after
{Heap after GC invocations=10 (full 0):
 garbage-first heap   total 157696K, used 22688K [0x0000000080000000, 0x0000000100000000)
  region size 1024K, 8 young (8192K), 8 survivors (8192K)
 Metaspace       used 30101K, capacity 30759K, committed 30976K, reserved 1077248K
  class space    used 3088K, capacity 3296K, committed 3328K, reserved 1048576K
}
Event: 38.970 GC heap before
{Heap before GC invocations=10 (full 0):
 garbage-first heap   total 157696K, used 81056K [0x0000000080000000, 0x0000000100000000)
  region size 1024K, 64 young (65536K), 8 survivors (8192K)
 Metaspace       used 35131K, capacity 35823K, committed 35840K, reserved 1081344K
  class space    used 3670K, capacity 3961K, committed 3968K, reserved 1048576K
}
Event: 38.988 GC heap after
{Heap after GC invocations=11 (full 0):
 garbage-first heap   total 157696K, used 27467K [0x0000000080000000, 0x0000000100000000)
  region size 1024K, 8 young (8192K), 8 survivors (8192K)
 Metaspace       used 35131K, capacity 35823K, committed 35840K, reserved 1081344K
  class space    used 3670K, capacity 3961K, committed 3968K, reserved 1048576K
}

