# JRE version: Java(TM) SE Runtime Environment 18.9 (11.0.16+11) (build 11.0.16+11-LTS-199)
# Java VM: Java HotSpot(TM) 64-Bit Server VM 18.9 (11.0.16+11-LTS-199, mixed mode, tiered, compressed oops, g1 gc, windows-amd64)
Heap:
 garbage-first heap   total 315392K, used 19013K [0x0000000700000000, 0x0000000800000000)
  region size 1024K, 14 young (14336K), 9 survivors (9216K)
 Metaspace       used 34681K, capacity 35944K, committed 36144K, reserved 1081344K
  class space    used 4146K, capacity 4657K, committed 4736K, reserved 1048576K
GC Heap History (10 events):
Event: 1.172 GC heap before
{Heap before GC invocations=1 (full 0):
 garbage-first heap   total 262144K, used 15340K [0x0000000700000000, 0x0000000800000000)
  region size 1024K, 12 young (12288K), 2 survivors (2048K)
 Metaspace       used 12405K, capacity 12791K, committed 13056K, reserved 1060864K
  class space    used 1262K, capacity 1417K, committed 1536K, reserved 1048576K
}
Event: 1.177 GC heap after
{Heap after GC invocations=2 (full 0):
 garbage-first heap   total 262144K, used 6326K [0x0000000700000000, 0x0000000800000000)
  region size 1024K, 1 young (1024K), 1 survivors (1024K)
 Metaspace       used 12405K, capacity 12791K, committed 13056K, reserved 1060864K
  class space    used 1262K, capacity 1417K, committed 1536K, reserved 1048576K
}
Event: 2.078 GC heap before
{Heap before GC invocations=2 (full 0):
 garbage-first heap   total 262144K, used 31926K [0x0000000700000000, 0x0000000800000000)
  region size 1024K, 27 young (27648K), 1 survivors (1024K)
 Metaspace       used 17765K, capacity 18347K, committed 18560K, reserved 1064960K
  class space    used 1908K, capacity 2149K, committed 2176K, reserved 1048576K
}
Event: 2.083 GC heap after
{Heap after GC invocations=3 (full 0):
 garbage-first heap   total 262144K, used 7361K [0x0000000700000000, 0x0000000800000000)
  region size 1024K, 2 young (2048K), 2 survivors (2048K)
 Metaspace       used 17765K, capacity 18347K, committed 18560K, reserved 1064960K
  class space    used 1908K, capacity 2149K, committed 2176K, reserved 1048576K
}
Event: 2.541 GC heap before
{Heap before GC invocations=3 (full 0):
 garbage-first heap   total 262144K, used 22721K [0x0000000700000000, 0x0000000800000000)
  region size 1024K, 18 young (18432K), 2 survivors (2048K)
 Metaspace       used 20491K, capacity 21142K, committed 21296K, reserved 1069056K
  class space    used 2301K, capacity 2603K, committed 2688K, reserved 1048576K
}
Event: 2.547 GC heap after
{Heap after GC invocations=4 (full 0):
 garbage-first heap   total 262144K, used 8223K [0x0000000700000000, 0x0000000800000000)
  region size 1024K, 3 young (3072K), 3 survivors (3072K)
 Metaspace       used 20491K, capacity 21142K, committed 21296K, reserved 1069056K
  class space    used 2301K, capacity 2603K, committed 2688K, reserved 1048576K
}
Event: 4.098 GC heap before
{Heap before GC invocations=5 (full 0):
 garbage-first heap   total 262144K, used 62495K [0x0000000700000000, 0x0000000800000000)
  region size 1024K, 57 young (58368K), 3 survivors (3072K)
 Metaspace       used 28508K, capacity 29456K, committed 29488K, reserved 1075200K
  class space    used 3318K, capacity 3695K, committed 3712K, reserved 1048576K
}
Event: 4.109 GC heap after
{Heap after GC invocations=6 (full 0):
 garbage-first heap   total 262144K, used 10121K [0x0000000700000000, 0x0000000800000000)
  region size 1024K, 5 young (5120K), 5 survivors (5120K)
 Metaspace       used 28508K, capacity 29456K, committed 29488K, reserved 1075200K
  class space    used 3318K, capacity 3695K, committed 3712K, reserved 1048576K
}
Event: 5.771 GC heap before
{Heap before GC invocations=6 (full 0):
 garbage-first heap   total 262144K, used 78729K [0x0000000700000000, 0x0000000800000000)
  region size 1024K, 73 young (74752K), 5 survivors (5120K)
 Metaspace       used 34511K, capacity 35746K, committed 35888K, reserved 1081344K
  class space    used 4124K, capacity 4655K, committed 4736K, reserved 1048576K
}
Event: 5.800 GC heap after
{Heap after GC invocations=7 (full 0):
 garbage-first heap   total 315392K, used 14917K [0x0000000700000000, 0x0000000800000000)
  region size 1024K, 9 young (9216K), 9 survivors (9216K)
 Metaspace       used 34511K, capacity 35746K, committed 35888K, reserved 1081344K
  class space    used 4124K, capacity 4655K, committed 4736K, reserved 1048576K
}

