# JRE version: Java(TM) SE Runtime Environment 18.9 (11.0.16+11) (build 11.0.16+11-LTS-199)
# Java VM: Java HotSpot(TM) 64-Bit Server VM 18.9 (11.0.16+11-LTS-199, mixed mode, tiered, compressed oops, g1 gc, windows-amd64)
Heap:
 garbage-first heap   total 315392K, used 10242K [0x0000000700000000, 0x0000000800000000)
  region size 1024K, 6 young (6144K), 6 survivors (6144K)
 Metaspace       used 30847K, capacity 31832K, committed 31920K, reserved 1077248K
  class space    used 3616K, capacity 4054K, committed 4096K, reserved 1048576K
GC Heap History (9 events):
Event: 0.768 GC heap before
{Heap before GC invocations=0 (full 0):
 garbage-first heap   total 262144K, used 13312K [0x0000000700000000, 0x0000000800000000)
  region size 1024K, 14 young (14336K), 0 survivors (0K)
 Metaspace       used 10524K, capacity 10723K, committed 10880K, reserved 1058816K
  class space    used 996K, capacity 1098K, committed 1152K, reserved 1048576K
}
Event: 0.779 GC heap after
{Heap after GC invocations=1 (full 0):
 garbage-first heap   total 262144K, used 5636K [0x0000000700000000, 0x0000000800000000)
  region size 1024K, 2 young (2048K), 2 survivors (2048K)
 Metaspace       used 10524K, capacity 10723K, committed 10880K, reserved 1058816K
  class space    used 996K, capacity 1098K, committed 1152K, reserved 1048576K
}
Event: 1.164 GC heap before
{Heap before GC invocations=1 (full 0):
 garbage-first heap   total 262144K, used 15876K [0x0000000700000000, 0x0000000800000000)
  region size 1024K, 12 young (12288K), 2 survivors (2048K)
 Metaspace       used 12447K, capacity 12804K, committed 13056K, reserved 1060864K
  class space    used 1267K, capacity 1421K, committed 1536K, reserved 1048576K
}
Event: 1.168 GC heap after
{Heap after GC invocations=2 (full 0):
 garbage-first heap   total 262144K, used 5415K [0x0000000700000000, 0x0000000800000000)
  region size 1024K, 1 young (1024K), 1 survivors (1024K)
 Metaspace       used 12447K, capacity 12804K, committed 13056K, reserved 1060864K
  class space    used 1267K, capacity 1421K, committed 1536K, reserved 1048576K
}
Event: 2.323 GC heap before
{Heap before GC invocations=2 (full 0):
 garbage-first heap   total 262144K, used 44327K [0x0000000700000000, 0x0000000800000000)
  region size 1024K, 39 young (39936K), 1 survivors (1024K)
 Metaspace       used 19851K, capacity 20537K, committed 20736K, reserved 1067008K
  class space    used 2217K, capacity 2527K, committed 2560K, reserved 1048576K
}
Event: 2.329 GC heap after
{Heap after GC invocations=3 (full 0):
 garbage-first heap   total 262144K, used 7235K [0x0000000700000000, 0x0000000800000000)
  region size 1024K, 3 young (3072K), 3 survivors (3072K)
 Metaspace       used 19851K, capacity 20537K, committed 20736K, reserved 1067008K
  class space    used 2217K, capacity 2527K, committed 2560K, reserved 1048576K
}
Event: 2.481 GC heap before
{Heap before GC invocations=3 (full 0):
 garbage-first heap   total 262144K, used 10307K [0x0000000700000000, 0x0000000800000000)
  region size 1024K, 7 young (7168K), 3 survivors (3072K)
 Metaspace       used 20488K, capacity 21146K, committed 21296K, reserved 1069056K
  class space    used 2299K, capacity 2603K, committed 2688K, reserved 1048576K
}
Event: 2.490 GC heap after
{Heap after GC invocations=4 (full 0):
 garbage-first heap   total 262144K, used 7552K [0x0000000700000000, 0x0000000800000000)
  region size 1024K, 3 young (3072K), 3 survivors (3072K)
 Metaspace       used 20488K, capacity 21146K, committed 21296K, reserved 1069056K
  class space    used 2299K, capacity 2603K, committed 2688K, reserved 1048576K
}
Event: 4.765 GC heap before
{Heap before GC invocations=5 (full 0):
 garbage-first heap   total 262144K, used 80256K [0x0000000700000000, 0x0000000800000000)
  region size 1024K, 75 young (76800K), 3 survivors (3072K)
 Metaspace       used 30847K, capacity 31832K, committed 31920K, reserved 1077248K
  class space    used 3616K, capacity 4054K, committed 4096K, reserved 1048576K
}

