# JRE version: Java(TM) SE Runtime Environment 18.9 (11.0.16+11) (build 11.0.16+11-LTS-199)
# Java VM: Java HotSpot(TM) 64-Bit Server VM 18.9 (11.0.16+11-LTS-199, mixed mode, tiered, compressed oops, g1 gc, windows-amd64)
Heap:
 garbage-first heap   total 215040K, used 19578K [0x0000000080000000, 0x0000000100000000)
  region size 1024K, 9 young (9216K), 9 survivors (9216K)
 Metaspace       used 48572K, capacity 49875K, committed 50096K, reserved 1093632K
  class space    used 6373K, capacity 6912K, committed 6912K, reserved 1048576K
GC Heap History (10 events):
Event: 2.831 GC heap after
{Heap after GC invocations=4 (full 0):
 garbage-first heap   total 131072K, used 7830K [0x0000000080000000, 0x0000000100000000)
  region size 1024K, 3 young (3072K), 3 survivors (3072K)
 Metaspace       used 15265K, capacity 15624K, committed 15744K, reserved 1062912K
  class space    used 1732K, capacity 1896K, committed 1920K, reserved 1048576K
}
Event: 3.531 GC heap before
{Heap before GC invocations=4 (full 0):
 garbage-first heap   total 131072K, used 35478K [0x0000000080000000, 0x0000000100000000)
  region size 1024K, 31 young (31744K), 3 survivors (3072K)
 Metaspace       used 20131K, capacity 20685K, committed 20864K, reserved 1067008K
  class space    used 2348K, capacity 2569K, committed 2688K, reserved 1048576K
}
Event: 3.559 GC heap after
{Heap after GC invocations=5 (full 0):
 garbage-first heap   total 157696K, used 9231K [0x0000000080000000, 0x0000000100000000)
  region size 1024K, 4 young (4096K), 4 survivors (4096K)
 Metaspace       used 20131K, capacity 20685K, committed 20864K, reserved 1067008K
  class space    used 2348K, capacity 2569K, committed 2688K, reserved 1048576K
}
Event: 3.679 GC heap before
{Heap before GC invocations=5 (full 0):
 garbage-first heap   total 157696K, used 13327K [0x0000000080000000, 0x0000000100000000)
  region size 1024K, 10 young (10240K), 4 survivors (4096K)
 Metaspace       used 20632K, capacity 21139K, committed 21296K, reserved 1069056K
  class space    used 2397K, capacity 2635K, committed 2688K, reserved 1048576K
}
Event: 3.696 GC heap after
{Heap after GC invocations=6 (full 0):
 garbage-first heap   total 157696K, used 9562K [0x0000000080000000, 0x0000000100000000)
  region size 1024K, 4 young (4096K), 4 survivors (4096K)
 Metaspace       used 20632K, capacity 21139K, committed 21296K, reserved 1069056K
  class space    used 2397K, capacity 2635K, committed 2688K, reserved 1048576K
}
Event: 5.196 GC heap before
{Heap before GC invocations=7 (full 0):
 garbage-first heap   total 157696K, used 61786K [0x0000000080000000, 0x0000000100000000)
  region size 1024K, 56 young (57344K), 4 survivors (4096K)
 Metaspace       used 24663K, capacity 25344K, committed 25648K, reserved 1071104K
  class space    used 3019K, capacity 3331K, committed 3456K, reserved 1048576K
}
Event: 5.225 GC heap after
{Heap after GC invocations=8 (full 0):
 garbage-first heap   total 157696K, used 11670K [0x0000000080000000, 0x0000000100000000)
  region size 1024K, 6 young (6144K), 6 survivors (6144K)
 Metaspace       used 24663K, capacity 25344K, committed 25648K, reserved 1071104K
  class space    used 3019K, capacity 3331K, committed 3456K, reserved 1048576K
}
Event: 7.734 GC heap before
{Heap before GC invocations=8 (full 0):
 garbage-first heap   total 157696K, used 87446K [0x0000000080000000, 0x0000000100000000)
  region size 1024K, 81 young (82944K), 6 survivors (6144K)
 Metaspace       used 34677K, capacity 35798K, committed 35920K, reserved 1081344K
  class space    used 4419K, capacity 4900K, committed 4992K, reserved 1048576K
}
Event: 7.763 GC heap after
{Heap after GC invocations=9 (full 0):
 garbage-first heap   total 157696K, used 15612K [0x0000000080000000, 0x0000000100000000)
  region size 1024K, 10 young (10240K), 10 survivors (10240K)
 Metaspace       used 34677K, capacity 35798K, committed 35920K, reserved 1081344K
  class space    used 4419K, capacity 4900K, committed 4992K, reserved 1048576K
}
Event: 10.333 GC heap before
{Heap before GC invocations=10 (full 0):
 garbage-first heap   total 157696K, used 99580K [0x0000000080000000, 0x0000000100000000)
  region size 1024K, 92 young (94208K), 10 survivors (10240K)
 Metaspace       used 48572K, capacity 49875K, committed 50096K, reserved 1093632K
  class space    used 6373K, capacity 6912K, committed 6912K, reserved 1048576K
}

