-------------------------------------------------------------------------------
Test set: com.pension.app.PensionMicroserviceApplicationTests
-------------------------------------------------------------------------------
Tests run: 1, Failures: 0, Errors: 1, Skipped: 0, Time elapsed: 0.835 s <<< FAILURE! - in com.pension.app.PensionMicroserviceApplicationTests
com.pension.app.PensionMicroserviceApplicationTests  Time elapsed: 0.833 s  <<< ERROR!
java.lang.IllegalStateException: Unable to find a @SpringBootConfiguration, you need to use @ContextConfiguration or @SpringBootTest(classes=...) with your test

