# JRE version: Java(TM) SE Runtime Environment 18.9 (11.0.16+11) (build 11.0.16+11-LTS-199)
# Java VM: Java HotSpot(TM) 64-Bit Server VM 18.9 (11.0.16+11-LTS-199, mixed mode, tiered, compressed oops, g1 gc, windows-amd64)
Heap:
 garbage-first heap   total 195584K, used 37230K [0x0000000080000000, 0x0000000100000000)
  region size 1024K, 16 young (16384K), 6 survivors (6144K)
 Metaspace       used 47204K, capacity 48992K, committed 49104K, reserved 1091584K
  class space    used 6177K, capacity 6893K, committed 6988K, reserved 1048576K
GC Heap History (10 events):
Event: 9.542 GC heap before
{Heap before GC invocations=10 (full 0):
 garbage-first heap   total 195584K, used 19781K [0x0000000080000000, 0x0000000100000000)
  region size 1024K, 13 young (13312K), 12 survivors (12288K)
 Metaspace       used 34670K, capacity 35864K, committed 36048K, reserved 1081344K
  class space    used 4406K, capacity 4900K, committed 4940K, reserved 1048576K
}
Event: 9.583 GC heap after
{Heap after GC invocations=11 (full 0):
 garbage-first heap   total 195584K, used 20088K [0x0000000080000000, 0x0000000100000000)
  region size 1024K, 7 young (7168K), 7 survivors (7168K)
 Metaspace       used 34670K, capacity 35864K, committed 36048K, reserved 1081344K
  class space    used 4406K, capacity 4900K, committed 4940K, reserved 1048576K
}
Event: 11.835 GC heap before
{Heap before GC invocations=12 (full 0):
 garbage-first heap   total 195584K, used 113272K [0x0000000080000000, 0x0000000100000000)
  region size 1024K, 98 young (100352K), 7 survivors (7168K)
 Metaspace       used 38494K, capacity 40039K, committed 40144K, reserved 1083392K
  class space    used 5011K, capacity 5666K, committed 5708K, reserved 1048576K
}
Event: 11.873 GC heap after
{Heap after GC invocations=13 (full 0):
 garbage-first heap   total 195584K, used 25720K [0x0000000080000000, 0x0000000100000000)
  region size 1024K, 12 young (12288K), 12 survivors (12288K)
 Metaspace       used 38494K, capacity 40039K, committed 40144K, reserved 1083392K
  class space    used 5011K, capacity 5666K, committed 5708K, reserved 1048576K
}
Event: 45.510 GC heap before
{Heap before GC invocations=13 (full 0):
 garbage-first heap   total 195584K, used 130168K [0x0000000080000000, 0x0000000100000000)
  region size 1024K, 114 young (116736K), 12 survivors (12288K)
 Metaspace       used 46918K, capacity 48696K, committed 48720K, reserved 1091584K
  class space    used 6144K, capacity 6844K, committed 6860K, reserved 1048576K
}
Event: 45.564 GC heap after
{Heap after GC invocations=14 (full 0):
 garbage-first heap   total 195584K, used 28365K [0x0000000080000000, 0x0000000100000000)
  region size 1024K, 10 young (10240K), 10 survivors (10240K)
 Metaspace       used 46918K, capacity 48696K, committed 48720K, reserved 1091584K
  class space    used 6144K, capacity 6844K, committed 6860K, reserved 1048576K
}
Event: 402.433 GC heap before
{Heap before GC invocations=14 (full 0):
 garbage-first heap   total 195584K, used 134861K [0x0000000080000000, 0x0000000100000000)
  region size 1024K, 114 young (116736K), 10 survivors (10240K)
 Metaspace       used 47164K, capacity 48922K, committed 49104K, reserved 1091584K
  class space    used 6176K, capacity 6891K, committed 6988K, reserved 1048576K
}
Event: 402.472 GC heap after
{Heap after GC invocations=15 (full 0):
 garbage-first heap   total 195584K, used 28013K [0x0000000080000000, 0x0000000100000000)
  region size 1024K, 6 young (6144K), 6 survivors (6144K)
 Metaspace       used 47164K, capacity 48922K, committed 49104K, reserved 1091584K
  class space    used 6176K, capacity 6891K, committed 6988K, reserved 1048576K
}
Event: 543.235 GC heap before
{Heap before GC invocations=15 (full 0):
 garbage-first heap   total 195584K, used 138605K [0x0000000080000000, 0x0000000100000000)
  region size 1024K, 114 young (116736K), 6 survivors (6144K)
 Metaspace       used 47204K, capacity 48992K, committed 49104K, reserved 1091584K
  class space    used 6177K, capacity 6893K, committed 6988K, reserved 1048576K
}
Event: 543.259 GC heap after
{Heap after GC invocations=16 (full 0):
 garbage-first heap   total 195584K, used 28014K [0x0000000080000000, 0x0000000100000000)
  region size 1024K, 6 young (6144K), 6 survivors (6144K)
 Metaspace       used 47204K, capacity 48992K, committed 49104K, reserved 1091584K
  class space    used 6177K, capacity 6893K, committed 6988K, reserved 1048576K
}

