# JRE version: Java(TM) SE Runtime Environment 18.9 (11.0.16+11) (build 11.0.16+11-LTS-199)
# Java VM: Java HotSpot(TM) 64-Bit Server VM 18.9 (11.0.16+11-LTS-199, mixed mode, tiered, compressed oops, g1 gc, windows-amd64)
Heap:
 garbage-first heap   total 200704K, used 24518K [0x0000000080000000, 0x0000000100000000)
  region size 1024K, 4 young (4096K), 4 survivors (4096K)
 Metaspace       used 34930K, capacity 35713K, committed 35840K, reserved 1081344K
  class space    used 3710K, capacity 4017K, committed 4096K, reserved 1048576K
GC Heap History (10 events):
Event: 2.571 GC heap after
{Heap after GC invocations=4 (full 0):
 garbage-first heap   total 131072K, used 4318K [0x0000000080000000, 0x0000000100000000)
  region size 1024K, 3 young (3072K), 3 survivors (3072K)
 Metaspace       used 14468K, capacity 14649K, committed 14976K, reserved 1062912K
  class space    used 1510K, capacity 1583K, committed 1664K, reserved 1048576K
}
Event: 4.739 GC heap before
{Heap before GC invocations=4 (full 0):
 garbage-first heap   total 131072K, used 34014K [0x0000000080000000, 0x0000000100000000)
  region size 1024K, 32 young (32768K), 3 survivors (3072K)
 Metaspace       used 19781K, capacity 20127K, committed 20224K, reserved 1067008K
  class space    used 2124K, capacity 2244K, committed 2304K, reserved 1048576K
}
Event: 4.773 GC heap after
{Heap after GC invocations=5 (full 0):
 garbage-first heap   total 157696K, used 6667K [0x0000000080000000, 0x0000000100000000)
  region size 1024K, 4 young (4096K), 4 survivors (4096K)
 Metaspace       used 19781K, capacity 20127K, committed 20224K, reserved 1067008K
  class space    used 2124K, capacity 2244K, committed 2304K, reserved 1048576K
}
Event: 8.108 GC heap before
{Heap before GC invocations=5 (full 0):
 garbage-first heap   total 157696K, used 71179K [0x0000000080000000, 0x0000000100000000)
  region size 1024K, 68 young (69632K), 4 survivors (4096K)
 Metaspace       used 20913K, capacity 21203K, committed 21248K, reserved 1069056K
  class space    used 2170K, capacity 2282K, committed 2304K, reserved 1048576K
}
Event: 8.142 GC heap after
{Heap after GC invocations=6 (full 0):
 garbage-first heap   total 157696K, used 14615K [0x0000000080000000, 0x0000000100000000)
  region size 1024K, 12 young (12288K), 12 survivors (12288K)
 Metaspace       used 20913K, capacity 21203K, committed 21248K, reserved 1069056K
  class space    used 2170K, capacity 2282K, committed 2304K, reserved 1048576K
}
Event: 11.192 GC heap before
{Heap before GC invocations=7 (full 0):
 garbage-first heap   total 157696K, used 82199K [0x0000000080000000, 0x0000000100000000)
  region size 1024K, 78 young (79872K), 12 survivors (12288K)
 Metaspace       used 22389K, capacity 22812K, committed 22912K, reserved 1069056K
  class space    used 2271K, capacity 2432K, committed 2432K, reserved 1048576K
}
Event: 11.258 GC heap after
{Heap after GC invocations=8 (full 0):
 garbage-first heap   total 157696K, used 19149K [0x0000000080000000, 0x0000000100000000)
  region size 1024K, 6 young (6144K), 6 survivors (6144K)
 Metaspace       used 22389K, capacity 22812K, committed 22912K, reserved 1069056K
  class space    used 2271K, capacity 2432K, committed 2432K, reserved 1048576K
}
Event: 16.024 GC heap before
{Heap before GC invocations=8 (full 0):
 garbage-first heap   total 157696K, used 105165K [0x0000000080000000, 0x0000000100000000)
  region size 1024K, 89 young (91136K), 6 survivors (6144K)
 Metaspace       used 31982K, capacity 32604K, committed 32896K, reserved 1079296K
  class space    used 3371K, capacity 3603K, committed 3712K, reserved 1048576K
}
Event: 16.044 GC heap after
{Heap after GC invocations=9 (full 0):
 garbage-first heap   total 157696K, used 25293K [0x0000000080000000, 0x0000000100000000)
  region size 1024K, 12 young (12288K), 12 survivors (12288K)
 Metaspace       used 31982K, capacity 32604K, committed 32896K, reserved 1079296K
  class space    used 3371K, capacity 3603K, committed 3712K, reserved 1048576K
}
Event: 18.991 GC heap before
{Heap before GC invocations=9 (full 0):
 garbage-first heap   total 157696K, used 126669K [0x0000000080000000, 0x0000000100000000)
  region size 1024K, 82 young (83968K), 12 survivors (12288K)
 Metaspace       used 34930K, capacity 35713K, committed 35840K, reserved 1081344K
  class space    used 3710K, capacity 4017K, committed 4096K, reserved 1048576K
}

