# JRE version: Java(TM) SE Runtime Environment 18.9 (11.0.16+11) (build 11.0.16+11-LTS-199)
# Java VM: Java HotSpot(TM) 64-Bit Server VM 18.9 (11.0.16+11-LTS-199, mixed mode, tiered, compressed oops, g1 gc, windows-amd64)
Heap:
 garbage-first heap   total 327680K, used 11757K [0x0000000700000000, 0x0000000800000000)
  region size 1024K, 5 young (5120K), 5 survivors (5120K)
 Metaspace       used 34866K, capacity 35811K, committed 35840K, reserved 1081344K
  class space    used 4040K, capacity 4457K, committed 4480K, reserved 1048576K
GC Heap History (9 events):
Event: 1.073 GC heap before
{Heap before GC invocations=0 (full 0):
 garbage-first heap   total 262144K, used 13312K [0x0000000700000000, 0x0000000800000000)
  region size 1024K, 14 young (14336K), 0 survivors (0K)
 Metaspace       used 10615K, capacity 10780K, committed 10880K, reserved 1058816K
  class space    used 1008K, capacity 1062K, committed 1152K, reserved 1048576K
}
Event: 1.107 GC heap after
{Heap after GC invocations=1 (full 0):
 garbage-first heap   total 262144K, used 3514K [0x0000000700000000, 0x0000000800000000)
  region size 1024K, 2 young (2048K), 2 survivors (2048K)
 Metaspace       used 10615K, capacity 10780K, committed 10880K, reserved 1058816K
  class space    used 1008K, capacity 1062K, committed 1152K, reserved 1048576K
}
Event: 2.192 GC heap before
{Heap before GC invocations=1 (full 0):
 garbage-first heap   total 262144K, used 40378K [0x0000000700000000, 0x0000000800000000)
  region size 1024K, 39 young (39936K), 2 survivors (2048K)
 Metaspace       used 20644K, capacity 21092K, committed 21248K, reserved 1069056K
  class space    used 2233K, capacity 2436K, committed 2560K, reserved 1048576K
}
Event: 2.203 GC heap after
{Heap after GC invocations=2 (full 0):
 garbage-first heap   total 262144K, used 5912K [0x0000000700000000, 0x0000000800000000)
  region size 1024K, 5 young (5120K), 5 survivors (5120K)
 Metaspace       used 20644K, capacity 21092K, committed 21248K, reserved 1069056K
  class space    used 2233K, capacity 2436K, committed 2560K, reserved 1048576K
}
Event: 3.534 GC heap before
{Heap before GC invocations=3 (full 0):
 garbage-first heap   total 262144K, used 41752K [0x0000000700000000, 0x0000000800000000)
  region size 1024K, 40 young (40960K), 5 survivors (5120K)
 Metaspace       used 25570K, capacity 26235K, committed 26496K, reserved 1073152K
  class space    used 2860K, capacity 3143K, committed 3200K, reserved 1048576K
}
Event: 3.554 GC heap after
{Heap after GC invocations=4 (full 0):
 garbage-first heap   total 262144K, used 7392K [0x0000000700000000, 0x0000000800000000)
  region size 1024K, 4 young (4096K), 4 survivors (4096K)
 Metaspace       used 25570K, capacity 26235K, committed 26496K, reserved 1073152K
  class space    used 2860K, capacity 3143K, committed 3200K, reserved 1048576K
}
Event: 5.908 GC heap before
{Heap before GC invocations=4 (full 0):
 garbage-first heap   total 262144K, used 55520K [0x0000000700000000, 0x0000000800000000)
  region size 1024K, 51 young (52224K), 4 survivors (4096K)
 Metaspace       used 33999K, capacity 34973K, committed 35072K, reserved 1079296K
  class space    used 3932K, capacity 4346K, committed 4352K, reserved 1048576K
}
Event: 5.927 GC heap after
{Heap after GC invocations=5 (full 0):
 garbage-first heap   total 262144K, used 11676K [0x0000000700000000, 0x0000000800000000)
  region size 1024K, 6 young (6144K), 6 survivors (6144K)
 Metaspace       used 33999K, capacity 34973K, committed 35072K, reserved 1079296K
  class space    used 3932K, capacity 4346K, committed 4352K, reserved 1048576K
}
Event: 6.114 GC heap before
{Heap before GC invocations=5 (full 0):
 garbage-first heap   total 262144K, used 16796K [0x0000000700000000, 0x0000000800000000)
  region size 1024K, 12 young (12288K), 6 survivors (6144K)
 Metaspace       used 34866K, capacity 35811K, committed 35840K, reserved 1081344K
  class space    used 4040K, capacity 4457K, committed 4480K, reserved 1048576K
}

