# JRE version: Java(TM) SE Runtime Environment 18.9 (11.0.16+11) (build 11.0.16+11-LTS-199)
# Java VM: Java HotSpot(TM) 64-Bit Server VM 18.9 (11.0.16+11-LTS-199, mixed mode, tiered, compressed oops, g1 gc, windows-amd64)
Heap:
 garbage-first heap   total 315392K, used 59053K [0x0000000700000000, 0x0000000800000000)
  region size 1024K, 37 young (37888K), 8 survivors (8192K)
 Metaspace       used 44518K, capacity 45450K, committed 45596K, reserved 1089536K
  class space    used 4879K, capacity 5216K, committed 5324K, reserved 1048576K
GC Heap History (10 events):
Event: 8.144 GC heap before
{Heap before GC invocations=3 (full 0):
 garbage-first heap   total 262144K, used 40728K [0x0000000700000000, 0x0000000800000000)
  region size 1024K, 38 young (38912K), 2 survivors (2048K)
 Metaspace       used 20766K, capacity 21166K, committed 21296K, reserved 1069056K
  class space    used 2214K, capacity 2381K, committed 2432K, reserved 1048576K
}
Event: 8.159 GC heap after
{Heap after GC invocations=4 (full 0):
 garbage-first heap   total 262144K, used 8739K [0x0000000700000000, 0x0000000800000000)
  region size 1024K, 6 young (6144K), 6 survivors (6144K)
 Metaspace       used 20766K, capacity 21166K, committed 21296K, reserved 1069056K
  class space    used 2214K, capacity 2381K, committed 2432K, reserved 1048576K
}
Event: 14.333 GC heap before
{Heap before GC invocations=5 (full 0):
 garbage-first heap   total 262144K, used 63011K [0x0000000700000000, 0x0000000800000000)
  region size 1024K, 59 young (60416K), 6 survivors (6144K)
 Metaspace       used 28401K, capacity 28824K, committed 29104K, reserved 1075200K
  class space    used 3111K, capacity 3268K, committed 3328K, reserved 1048576K
}
Event: 14.364 GC heap after
{Heap after GC invocations=6 (full 0):
 garbage-first heap   total 262144K, used 16270K [0x0000000700000000, 0x0000000800000000)
  region size 1024K, 8 young (8192K), 8 survivors (8192K)
 Metaspace       used 28401K, capacity 28824K, committed 29104K, reserved 1075200K
  class space    used 3111K, capacity 3268K, committed 3328K, reserved 1048576K
}
Event: 17.913 GC heap before
{Heap before GC invocations=6 (full 0):
 garbage-first heap   total 262144K, used 72590K [0x0000000700000000, 0x0000000800000000)
  region size 1024K, 64 young (65536K), 8 survivors (8192K)
 Metaspace       used 35370K, capacity 35863K, committed 35920K, reserved 1081344K
  class space    used 3910K, capacity 4095K, committed 4096K, reserved 1048576K
}
Event: 17.940 GC heap after
{Heap after GC invocations=7 (full 0):
 garbage-first heap   total 262144K, used 21380K [0x0000000700000000, 0x0000000800000000)
  region size 1024K, 9 young (9216K), 9 survivors (9216K)
 Metaspace       used 35370K, capacity 35863K, committed 35920K, reserved 1081344K
  class space    used 3910K, capacity 4095K, committed 4096K, reserved 1048576K
}
Event: 22.558 GC heap before
{Heap before GC invocations=8 (full 0):
 garbage-first heap   total 262144K, used 118660K [0x0000000700000000, 0x0000000800000000)
  region size 1024K, 80 young (81920K), 9 survivors (9216K)
 Metaspace       used 41473K, capacity 42241K, committed 42396K, reserved 1087488K
  class space    used 4564K, capacity 4854K, committed 4940K, reserved 1048576K
}
Event: 22.589 GC heap after
{Heap after GC invocations=9 (full 0):
 garbage-first heap   total 262144K, used 28097K [0x0000000700000000, 0x0000000800000000)
  region size 1024K, 10 young (10240K), 10 survivors (10240K)
 Metaspace       used 41473K, capacity 42241K, committed 42396K, reserved 1087488K
  class space    used 4564K, capacity 4854K, committed 4940K, reserved 1048576K
}
Event: 46.618 GC heap before
{Heap before GC invocations=10 (full 0):
 garbage-first heap   total 262144K, used 110017K [0x0000000700000000, 0x0000000800000000)
  region size 1024K, 90 young (92160K), 10 survivors (10240K)
 Metaspace       used 44212K, capacity 45129K, committed 45340K, reserved 1089536K
  class space    used 4878K, capacity 5216K, committed 5324K, reserved 1048576K
}
Event: 46.643 GC heap after
{Heap after GC invocations=11 (full 0):
 garbage-first heap   total 315392K, used 30381K [0x0000000700000000, 0x0000000800000000)
  region size 1024K, 8 young (8192K), 8 survivors (8192K)
 Metaspace       used 44212K, capacity 45129K, committed 45340K, reserved 1089536K
  class space    used 4878K, capacity 5216K, committed 5324K, reserved 1048576K
}

