# JRE version: OpenJDK Runtime Environment Corretto-17.0.5.8.1 (17.0.5+8) (build 17.0.5+8-LTS)
# Java VM: OpenJDK 64-Bit Server VM Corretto-17.0.5.8.1 (17.0.5+8-LTS, mixed mode, sharing, tiered, compressed oops, compressed class ptrs, g1 gc, windows-amd64)
GC Precious Log:
 CPUs: 2 total, 2 available
 Memory: 8190M
 Large Page Support: Disabled
 NUMA Support: Disabled
 Compressed Oops: Enabled (32-bit)
 Heap Region Size: 1M
 Heap Min Capacity: 8M
 Heap Initial Capacity: 128M
 Heap Max Capacity: 2G
 Pre-touch: Disabled
 Parallel Workers: 2
 Concurrent Workers: 1
 Concurrent Refinement Workers: 2
 Periodic GC: Disabled
Heap:
 garbage-first heap   total 181248K, used 85544K [0x0000000080000000, 0x0000000100000000)
  region size 1024K, 3 young (3072K), 3 survivors (3072K)
 Metaspace       used 71519K, committed 72000K, reserved 1114112K
  class space    used 8784K, committed 9024K, reserved 1048576K
GC Heap History (20 events):
Event: 20.700 GC heap after
{Heap after GC invocations=18 (full 0):
 garbage-first heap   total 150528K, used 53120K [0x0000000080000000, 0x0000000100000000)
  region size 1024K, 8 young (8192K), 8 survivors (8192K)
 Metaspace       used 43289K, committed 43584K, reserved 1089536K
  class space    used 5440K, committed 5568K, reserved 1048576K
}
Event: 22.771 GC heap before
{Heap before GC invocations=18 (full 0):
 garbage-first heap   total 150528K, used 120704K [0x0000000080000000, 0x0000000100000000)
  region size 1024K, 74 young (75776K), 8 survivors (8192K)
 Metaspace       used 46083K, committed 46464K, reserved 1097728K
  class space    used 5748K, committed 5888K, reserved 1048576K
}
Event: 22.793 GC heap after
{Heap after GC invocations=19 (full 0):
 garbage-first heap   total 150528K, used 57757K [0x0000000080000000, 0x0000000100000000)
  region size 1024K, 9 young (9216K), 9 survivors (9216K)
 Metaspace       used 46083K, committed 46464K, reserved 1097728K
  class space    used 5748K, committed 5888K, reserved 1048576K
}
Event: 24.103 GC heap before
{Heap before GC invocations=19 (full 0):
 garbage-first heap   total 150528K, used 122269K [0x0000000080000000, 0x0000000100000000)
  region size 1024K, 72 young (73728K), 9 survivors (9216K)
 Metaspace       used 49279K, committed 49728K, reserved 1097728K
  class space    used 6113K, committed 6336K, reserved 1048576K
}
Event: 24.127 GC heap after
{Heap after GC invocations=20 (full 0):
 garbage-first heap   total 150528K, used 61874K [0x0000000080000000, 0x0000000100000000)
  region size 1024K, 9 young (9216K), 9 survivors (9216K)
 Metaspace       used 49279K, committed 49728K, reserved 1097728K
  class space    used 6113K, committed 6336K, reserved 1048576K
}
Event: 25.708 GC heap before
{Heap before GC invocations=20 (full 0):
 garbage-first heap   total 150528K, used 122290K [0x0000000080000000, 0x0000000100000000)
  region size 1024K, 68 young (69632K), 9 survivors (9216K)
 Metaspace       used 52801K, committed 53248K, reserved 1097728K
  class space    used 6632K, committed 6848K, reserved 1048576K
}
Event: 25.730 GC heap after
{Heap after GC invocations=21 (full 0):
 garbage-first heap   total 150528K, used 65830K [0x0000000080000000, 0x0000000100000000)
  region size 1024K, 8 young (8192K), 8 survivors (8192K)
 Metaspace       used 52801K, committed 53248K, reserved 1097728K
  class space    used 6632K, committed 6848K, reserved 1048576K
}
Event: 28.344 GC heap before
{Heap before GC invocations=21 (full 0):
 garbage-first heap   total 150528K, used 118054K [0x0000000080000000, 0x0000000100000000)
  region size 1024K, 60 young (61440K), 8 survivors (8192K)
 Metaspace       used 59657K, committed 60096K, reserved 1105920K
  class space    used 7384K, committed 7616K, reserved 1048576K
}
Event: 28.366 GC heap after
{Heap after GC invocations=22 (full 0):
 garbage-first heap   total 181248K, used 68926K [0x0000000080000000, 0x0000000100000000)
  region size 1024K, 7 young (7168K), 7 survivors (7168K)
 Metaspace       used 59657K, committed 60096K, reserved 1105920K
  class space    used 7384K, committed 7616K, reserved 1048576K
}
Event: 30.230 GC heap before
{Heap before GC invocations=23 (full 0):
 garbage-first heap   total 181248K, used 145726K [0x0000000080000000, 0x0000000100000000)
  region size 1024K, 83 young (84992K), 7 survivors (7168K)
 Metaspace       used 63613K, committed 64000K, reserved 1105920K
  class space    used 7869K, committed 8064K, reserved 1048576K
}
Event: 30.256 GC heap after
{Heap after GC invocations=24 (full 0):
 garbage-first heap   total 181248K, used 73930K [0x0000000080000000, 0x0000000100000000)
  region size 1024K, 9 young (9216K), 9 survivors (9216K)
 Metaspace       used 63613K, committed 64000K, reserved 1105920K
  class space    used 7869K, committed 8064K, reserved 1048576K
}
Event: 30.264 GC heap before
{Heap before GC invocations=24 (full 0):
 garbage-first heap   total 181248K, used 74954K [0x0000000080000000, 0x0000000100000000)
  region size 1024K, 10 young (10240K), 9 survivors (9216K)
 Metaspace       used 63613K, committed 64000K, reserved 1105920K
  class space    used 7869K, committed 8064K, reserved 1048576K
}
Event: 30.297 GC heap after
{Heap after GC invocations=25 (full 0):
 garbage-first heap   total 181248K, used 73981K [0x0000000080000000, 0x0000000100000000)
  region size 1024K, 1 young (1024K), 1 survivors (1024K)
 Metaspace       used 63613K, committed 64000K, reserved 1105920K
  class space    used 7869K, committed 8064K, reserved 1048576K
}
Event: 31.869 GC heap before
{Heap before GC invocations=25 (full 0):
 garbage-first heap   total 181248K, used 146685K [0x0000000080000000, 0x0000000100000000)
  region size 1024K, 73 young (74752K), 1 survivors (1024K)
 Metaspace       used 67797K, committed 68224K, reserved 1114112K
  class space    used 8353K, committed 8576K, reserved 1048576K
}
Event: 31.885 GC heap after
{Heap after GC invocations=26 (full 0):
 garbage-first heap   total 181248K, used 78304K [0x0000000080000000, 0x0000000100000000)
  region size 1024K, 6 young (6144K), 6 survivors (6144K)
 Metaspace       used 67797K, committed 68224K, reserved 1114112K
  class space    used 8353K, committed 8576K, reserved 1048576K
}
Event: 33.382 GC heap before
{Heap before GC invocations=26 (full 0):
 garbage-first heap   total 181248K, used 146912K [0x0000000080000000, 0x0000000100000000)
  region size 1024K, 74 young (75776K), 6 survivors (6144K)
 Metaspace       used 70897K, committed 71360K, reserved 1114112K
  class space    used 8721K, committed 8960K, reserved 1048576K
}
Event: 33.404 GC heap after
{Heap after GC invocations=27 (full 0):
 garbage-first heap   total 181248K, used 83197K [0x0000000080000000, 0x0000000100000000)
  region size 1024K, 10 young (10240K), 10 survivors (10240K)
 Metaspace       used 70897K, committed 71360K, reserved 1114112K
  class space    used 8721K, committed 8960K, reserved 1048576K
}
Event: 35.150 GC heap before
{Heap before GC invocations=27 (full 0):
 garbage-first heap   total 181248K, used 149757K [0x0000000080000000, 0x0000000100000000)
  region size 1024K, 74 young (75776K), 10 survivors (10240K)
 Metaspace       used 71518K, committed 72000K, reserved 1114112K
  class space    used 8784K, committed 9024K, reserved 1048576K
}
Event: 35.174 GC heap after
{Heap after GC invocations=28 (full 0):
 garbage-first heap   total 181248K, used 84814K [0x0000000080000000, 0x0000000100000000)
  region size 1024K, 6 young (6144K), 6 survivors (6144K)
 Metaspace       used 71518K, committed 72000K, reserved 1114112K
  class space    used 8784K, committed 9024K, reserved 1048576K
}
Event: 35.617 GC heap before
{Heap before GC invocations=28 (full 0):
 garbage-first heap   total 181248K, used 150350K [0x0000000080000000, 0x0000000100000000)
  region size 1024K, 70 young (71680K), 6 survivors (6144K)
 Metaspace       used 71519K, committed 72000K, reserved 1114112K
  class space    used 8784K, committed 9024K, reserved 1048576K
}

