# JRE version: Java(TM) SE Runtime Environment 18.9 (11.0.16+11) (build 11.0.16+11-LTS-199)
# Java VM: Java HotSpot(TM) 64-Bit Server VM 18.9 (11.0.16+11-LTS-199, mixed mode, tiered, compressed oops, g1 gc, windows-amd64)
Heap:
 garbage-first heap   total 254976K, used 19601K [0x0000000080000000, 0x0000000100000000)
  region size 1024K, 9 young (9216K), 9 survivors (9216K)
 Metaspace       used 48652K, capacity 49930K, committed 50096K, reserved 1093632K
  class space    used 6378K, capacity 6910K, committed 6912K, reserved 1048576K
GC Heap History (10 events):
Event: 1.558 GC heap after
{Heap after GC invocations=4 (full 0):
 garbage-first heap   total 131072K, used 8004K [0x0000000080000000, 0x0000000100000000)
  region size 1024K, 3 young (3072K), 3 survivors (3072K)
 Metaspace       used 15396K, capacity 15785K, committed 16000K, reserved 1062912K
  class space    used 1725K, capacity 1884K, committed 1920K, reserved 1048576K
}
Event: 2.045 GC heap before
{Heap before GC invocations=4 (full 0):
 garbage-first heap   total 131072K, used 36676K [0x0000000080000000, 0x0000000100000000)
  region size 1024K, 31 young (31744K), 3 survivors (3072K)
 Metaspace       used 20214K, capacity 20749K, committed 21120K, reserved 1067008K
  class space    used 2347K, capacity 2569K, committed 2688K, reserved 1048576K
}
Event: 2.056 GC heap after
{Heap after GC invocations=5 (full 0):
 garbage-first heap   total 157696K, used 9288K [0x0000000080000000, 0x0000000100000000)
  region size 1024K, 4 young (4096K), 4 survivors (4096K)
 Metaspace       used 20214K, capacity 20749K, committed 21120K, reserved 1067008K
  class space    used 2347K, capacity 2569K, committed 2688K, reserved 1048576K
}
Event: 2.102 GC heap before
{Heap before GC invocations=5 (full 0):
 garbage-first heap   total 157696K, used 12360K [0x0000000080000000, 0x0000000100000000)
  region size 1024K, 9 young (9216K), 4 survivors (4096K)
 Metaspace       used 20581K, capacity 21107K, committed 21296K, reserved 1069056K
  class space    used 2386K, capacity 2603K, committed 2688K, reserved 1048576K
}
Event: 2.111 GC heap after
{Heap after GC invocations=6 (full 0):
 garbage-first heap   total 157696K, used 9346K [0x0000000080000000, 0x0000000100000000)
  region size 1024K, 4 young (4096K), 4 survivors (4096K)
 Metaspace       used 20581K, capacity 21107K, committed 21296K, reserved 1069056K
  class space    used 2386K, capacity 2603K, committed 2688K, reserved 1048576K
}
Event: 3.603 GC heap before
{Heap before GC invocations=7 (full 0):
 garbage-first heap   total 157696K, used 60546K [0x0000000080000000, 0x0000000100000000)
  region size 1024K, 54 young (55296K), 4 survivors (4096K)
 Metaspace       used 24541K, capacity 25247K, committed 25520K, reserved 1071104K
  class space    used 2991K, capacity 3299K, committed 3328K, reserved 1048576K
}
Event: 3.630 GC heap after
{Heap after GC invocations=8 (full 0):
 garbage-first heap   total 157696K, used 11413K [0x0000000080000000, 0x0000000100000000)
  region size 1024K, 6 young (6144K), 6 survivors (6144K)
 Metaspace       used 24541K, capacity 25247K, committed 25520K, reserved 1071104K
  class space    used 2991K, capacity 3299K, committed 3328K, reserved 1048576K
}
Event: 5.264 GC heap before
{Heap before GC invocations=8 (full 0):
 garbage-first heap   total 157696K, used 88213K [0x0000000080000000, 0x0000000100000000)
  region size 1024K, 82 young (83968K), 6 survivors (6144K)
 Metaspace       used 34691K, capacity 35766K, committed 35920K, reserved 1081344K
  class space    used 4418K, capacity 4868K, committed 4992K, reserved 1048576K
}
Event: 5.333 GC heap after
{Heap after GC invocations=9 (full 0):
 garbage-first heap   total 157696K, used 15667K [0x0000000080000000, 0x0000000100000000)
  region size 1024K, 10 young (10240K), 10 survivors (10240K)
 Metaspace       used 34691K, capacity 35766K, committed 35920K, reserved 1081344K
  class space    used 4418K, capacity 4868K, committed 4992K, reserved 1048576K
}
Event: 7.695 GC heap before
{Heap before GC invocations=10 (full 0):
 garbage-first heap   total 157696K, used 99635K [0x0000000080000000, 0x0000000100000000)
  region size 1024K, 92 young (94208K), 10 survivors (10240K)
 Metaspace       used 48652K, capacity 49930K, committed 50096K, reserved 1093632K
  class space    used 6378K, capacity 6910K, committed 6912K, reserved 1048576K
}

