# JRE version: OpenJDK Runtime Environment Corretto-17.0.5.8.1 (17.0.5+8) (build 17.0.5+8-LTS)
# Java VM: OpenJDK 64-Bit Server VM Corretto-17.0.5.8.1 (17.0.5+8-LTS, mixed mode, sharing, tiered, compressed oops, compressed class ptrs, g1 gc, windows-amd64)
GC Precious Log:
 CPUs: 2 total, 2 available
 Memory: 8190M
 Large Page Support: Disabled
 NUMA Support: Disabled
 Compressed Oops: Enabled (32-bit)
 Heap Region Size: 1M
 Heap Min Capacity: 8M
 Heap Initial Capacity: 128M
 Heap Max Capacity: 2G
 Pre-touch: Disabled
 Parallel Workers: 2
 Concurrent Workers: 1
 Concurrent Refinement Workers: 2
 Periodic GC: Disabled
Heap:
 garbage-first heap   total 157696K, used 79687K [0x0000000080000000, 0x0000000100000000)
  region size 1024K, 1 young (1024K), 1 survivors (1024K)
 Metaspace       used 67872K, committed 68352K, reserved 1114112K
  class space    used 8366K, committed 8576K, reserved 1048576K
GC Heap History (20 events):
Event: 21.639 GC heap after
{Heap after GC invocations=19 (full 0):
 garbage-first heap   total 128000K, used 54388K [0x0000000080000000, 0x0000000100000000)
  region size 1024K, 5 young (5120K), 5 survivors (5120K)
 Metaspace       used 42186K, committed 42496K, reserved 1089536K
  class space    used 5297K, committed 5440K, reserved 1048576K
}
Event: 23.207 GC heap before
{Heap before GC invocations=19 (full 0):
 garbage-first heap   total 128000K, used 104564K [0x0000000080000000, 0x0000000100000000)
  region size 1024K, 54 young (55296K), 5 survivors (5120K)
 Metaspace       used 44689K, committed 45056K, reserved 1089536K
  class space    used 5559K, committed 5696K, reserved 1048576K
}
Event: 23.243 GC heap after
{Heap after GC invocations=20 (full 0):
 garbage-first heap   total 128000K, used 58079K [0x0000000080000000, 0x0000000100000000)
  region size 1024K, 7 young (7168K), 7 survivors (7168K)
 Metaspace       used 44689K, committed 45056K, reserved 1089536K
  class space    used 5559K, committed 5696K, reserved 1048576K
}
Event: 24.359 GC heap before
{Heap before GC invocations=20 (full 0):
 garbage-first heap   total 128000K, used 104159K [0x0000000080000000, 0x0000000100000000)
  region size 1024K, 52 young (53248K), 7 survivors (7168K)
 Metaspace       used 46605K, committed 46976K, reserved 1097728K
  class space    used 5815K, committed 5952K, reserved 1048576K
}
Event: 24.377 GC heap after
{Heap after GC invocations=21 (full 0):
 garbage-first heap   total 128000K, used 60292K [0x0000000080000000, 0x0000000100000000)
  region size 1024K, 3 young (3072K), 3 survivors (3072K)
 Metaspace       used 46605K, committed 46976K, reserved 1097728K
  class space    used 5815K, committed 5952K, reserved 1048576K
}
Event: 25.309 GC heap before
{Heap before GC invocations=21 (full 0):
 garbage-first heap   total 128000K, used 105348K [0x0000000080000000, 0x0000000100000000)
  region size 1024K, 47 young (48128K), 3 survivors (3072K)
 Metaspace       used 48614K, committed 49024K, reserved 1097728K
  class space    used 6068K, committed 6272K, reserved 1048576K
}
Event: 25.326 GC heap after
{Heap after GC invocations=22 (full 0):
 garbage-first heap   total 153600K, used 65297K [0x0000000080000000, 0x0000000100000000)
  region size 1024K, 6 young (6144K), 6 survivors (6144K)
 Metaspace       used 48614K, committed 49024K, reserved 1097728K
  class space    used 6068K, committed 6272K, reserved 1048576K
}
Event: 26.612 GC heap before
{Heap before GC invocations=23 (full 0):
 garbage-first heap   total 153600K, used 124689K [0x0000000080000000, 0x0000000100000000)
  region size 1024K, 64 young (65536K), 6 survivors (6144K)
 Metaspace       used 52292K, committed 52672K, reserved 1097728K
  class space    used 6586K, committed 6784K, reserved 1048576K
}
Event: 26.630 GC heap after
{Heap after GC invocations=24 (full 0):
 garbage-first heap   total 153600K, used 68343K [0x0000000080000000, 0x0000000100000000)
  region size 1024K, 6 young (6144K), 6 survivors (6144K)
 Metaspace       used 52292K, committed 52672K, reserved 1097728K
  class space    used 6586K, committed 6784K, reserved 1048576K
}
Event: 26.652 GC heap before
{Heap before GC invocations=24 (full 0):
 garbage-first heap   total 153600K, used 69367K [0x0000000080000000, 0x0000000100000000)
  region size 1024K, 7 young (7168K), 6 survivors (6144K)
 Metaspace       used 52341K, committed 52736K, reserved 1097728K
  class space    used 6593K, committed 6784K, reserved 1048576K
}
Event: 26.664 GC heap after
{Heap after GC invocations=25 (full 0):
 garbage-first heap   total 153600K, used 68865K [0x0000000080000000, 0x0000000100000000)
  region size 1024K, 1 young (1024K), 1 survivors (1024K)
 Metaspace       used 52341K, committed 52736K, reserved 1097728K
  class space    used 6593K, committed 6784K, reserved 1048576K
}
Event: 28.172 GC heap before
{Heap before GC invocations=25 (full 0):
 garbage-first heap   total 153600K, used 126209K [0x0000000080000000, 0x0000000100000000)
  region size 1024K, 57 young (58368K), 1 survivors (1024K)
 Metaspace       used 59391K, committed 59840K, reserved 1105920K
  class space    used 7364K, committed 7552K, reserved 1048576K
}
Event: 28.183 GC heap after
{Heap after GC invocations=26 (full 0):
 garbage-first heap   total 153600K, used 72527K [0x0000000080000000, 0x0000000100000000)
  region size 1024K, 5 young (5120K), 5 survivors (5120K)
 Metaspace       used 59391K, committed 59840K, reserved 1105920K
  class space    used 7364K, committed 7552K, reserved 1048576K
}
Event: 29.094 GC heap before
{Heap before GC invocations=26 (full 0):
 garbage-first heap   total 153600K, used 125775K [0x0000000080000000, 0x0000000100000000)
  region size 1024K, 57 young (58368K), 5 survivors (5120K)
 Metaspace       used 62258K, committed 62592K, reserved 1105920K
  class space    used 7702K, committed 7872K, reserved 1048576K
}
Event: 29.111 GC heap after
{Heap after GC invocations=27 (full 0):
 garbage-first heap   total 153600K, used 75488K [0x0000000080000000, 0x0000000100000000)
  region size 1024K, 3 young (3072K), 3 survivors (3072K)
 Metaspace       used 62258K, committed 62592K, reserved 1105920K
  class space    used 7702K, committed 7872K, reserved 1048576K
}
Event: 29.903 GC heap before
{Heap before GC invocations=27 (full 0):
 garbage-first heap   total 153600K, used 127712K [0x0000000080000000, 0x0000000100000000)
  region size 1024K, 54 young (55296K), 3 survivors (3072K)
 Metaspace       used 65289K, committed 65728K, reserved 1114112K
  class space    used 8042K, committed 8256K, reserved 1048576K
}
Event: 29.917 GC heap after
{Heap after GC invocations=28 (full 0):
 garbage-first heap   total 153600K, used 78404K [0x0000000080000000, 0x0000000100000000)
  region size 1024K, 6 young (6144K), 6 survivors (6144K)
 Metaspace       used 65289K, committed 65728K, reserved 1114112K
  class space    used 8042K, committed 8256K, reserved 1048576K
}
Event: 31.164 GC heap before
{Heap before GC invocations=29 (full 0):
 garbage-first heap   total 153600K, used 127556K [0x0000000080000000, 0x0000000100000000)
  region size 1024K, 55 young (56320K), 6 survivors (6144K)
 Metaspace       used 67826K, committed 68288K, reserved 1114112K
  class space    used 8360K, committed 8576K, reserved 1048576K
}
Event: 31.182 GC heap after
{Heap after GC invocations=30 (full 0):
 garbage-first heap   total 153600K, used 80176K [0x0000000080000000, 0x0000000100000000)
  region size 1024K, 6 young (6144K), 6 survivors (6144K)
 Metaspace       used 67826K, committed 68288K, reserved 1114112K
  class space    used 8360K, committed 8576K, reserved 1048576K
}
Event: 31.196 GC heap before
{Heap before GC invocations=30 (full 0):
 garbage-first heap   total 153600K, used 80176K [0x0000000080000000, 0x0000000100000000)
  region size 1024K, 7 young (7168K), 6 survivors (6144K)
 Metaspace       used 67872K, committed 68352K, reserved 1114112K
  class space    used 8366K, committed 8576K, reserved 1048576K
}

