# JRE version: OpenJDK Runtime Environment Corretto-17.0.5.8.1 (17.0.5+8) (build 17.0.5+8-LTS)
# Java VM: OpenJDK 64-Bit Server VM Corretto-17.0.5.8.1 (17.0.5+8-LTS, mixed mode, sharing, tiered, compressed oops, compressed class ptrs, g1 gc, windows-amd64)
GC Precious Log:
 CPUs: 2 total, 2 available
 Memory: 8190M
 Large Page Support: Disabled
 NUMA Support: Disabled
 Compressed Oops: Enabled (32-bit)
 Heap Region Size: 1M
 Heap Min Capacity: 8M
 Heap Initial Capacity: 128M
 Heap Max Capacity: 2G
 Pre-touch: Disabled
 Parallel Workers: 2
 Concurrent Workers: 1
 Concurrent Refinement Workers: 2
 Periodic GC: Disabled
Heap:
 garbage-first heap   total 131072K, used 67891K [0x0000000080000000, 0x0000000100000000)
  region size 1024K, 55 young (56320K), 9 survivors (9216K)
 Metaspace       used 20653K, committed 20864K, reserved 1073152K
  class space    used 2297K, committed 2368K, reserved 1048576K
GC Heap History (14 events):
Event: 1.915 GC heap before
{Heap before GC invocations=0 (full 0):
 garbage-first heap   total 131072K, used 5120K [0x0000000080000000, 0x0000000100000000)
  region size 1024K, 6 young (6144K), 0 survivors (0K)
 Metaspace       used 1639K, committed 1728K, reserved 1056768K
  class space    used 132K, committed 192K, reserved 1048576K
}
Event: 1.935 GC heap after
{Heap after GC invocations=1 (full 0):
 garbage-first heap   total 131072K, used 2878K [0x0000000080000000, 0x0000000100000000)
  region size 1024K, 1 young (1024K), 1 survivors (1024K)
 Metaspace       used 1639K, committed 1728K, reserved 1056768K
  class space    used 132K, committed 192K, reserved 1048576K
}
Event: 2.101 GC heap before
{Heap before GC invocations=1 (full 0):
 garbage-first heap   total 131072K, used 7998K [0x0000000080000000, 0x0000000100000000)
  region size 1024K, 6 young (6144K), 1 survivors (1024K)
 Metaspace       used 1979K, committed 2176K, reserved 1056768K
  class space    used 150K, committed 256K, reserved 1048576K
}
Event: 2.106 GC heap after
{Heap after GC invocations=2 (full 0):
 garbage-first heap   total 131072K, used 7734K [0x0000000080000000, 0x0000000100000000)
  region size 1024K, 1 young (1024K), 1 survivors (1024K)
 Metaspace       used 1979K, committed 2176K, reserved 1056768K
  class space    used 150K, committed 256K, reserved 1048576K
}
Event: 2.482 GC heap before
{Heap before GC invocations=2 (full 0):
 garbage-first heap   total 131072K, used 13878K [0x0000000080000000, 0x0000000100000000)
  region size 1024K, 7 young (7168K), 1 survivors (1024K)
 Metaspace       used 3007K, committed 3136K, reserved 1056768K
  class space    used 236K, committed 320K, reserved 1048576K
}
Event: 2.487 GC heap after
{Heap after GC invocations=3 (full 0):
 garbage-first heap   total 131072K, used 8606K [0x0000000080000000, 0x0000000100000000)
  region size 1024K, 1 young (1024K), 1 survivors (1024K)
 Metaspace       used 3007K, committed 3136K, reserved 1056768K
  class space    used 236K, committed 320K, reserved 1048576K
}
Event: 3.113 GC heap before
{Heap before GC invocations=3 (full 0):
 garbage-first heap   total 131072K, used 22942K [0x0000000080000000, 0x0000000100000000)
  region size 1024K, 15 young (15360K), 1 survivors (1024K)
 Metaspace       used 4151K, committed 4288K, reserved 1056768K
  class space    used 378K, committed 448K, reserved 1048576K
}
Event: 3.116 GC heap after
{Heap after GC invocations=4 (full 0):
 garbage-first heap   total 131072K, used 9296K [0x0000000080000000, 0x0000000100000000)
  region size 1024K, 2 young (2048K), 2 survivors (2048K)
 Metaspace       used 4151K, committed 4288K, reserved 1056768K
  class space    used 378K, committed 448K, reserved 1048576K
}
Event: 8.286 GC heap before
{Heap before GC invocations=4 (full 0):
 garbage-first heap   total 131072K, used 85072K [0x0000000080000000, 0x0000000100000000)
  region size 1024K, 76 young (77824K), 2 survivors (2048K)
 Metaspace       used 10098K, committed 10240K, reserved 1064960K
  class space    used 1102K, committed 1152K, reserved 1048576K
}
Event: 8.299 GC heap after
{Heap after GC invocations=5 (full 0):
 garbage-first heap   total 131072K, used 13190K [0x0000000080000000, 0x0000000100000000)
  region size 1024K, 6 young (6144K), 6 survivors (6144K)
 Metaspace       used 10098K, committed 10240K, reserved 1064960K
  class space    used 1102K, committed 1152K, reserved 1048576K
}
Event: 12.241 GC heap before
{Heap before GC invocations=5 (full 0):
 garbage-first heap   total 131072K, used 84870K [0x0000000080000000, 0x0000000100000000)
  region size 1024K, 76 young (77824K), 6 survivors (6144K)
 Metaspace       used 14577K, committed 14848K, reserved 1064960K
  class space    used 1667K, committed 1792K, reserved 1048576K
}
Event: 12.262 GC heap after
{Heap after GC invocations=6 (full 0):
 garbage-first heap   total 131072K, used 17484K [0x0000000080000000, 0x0000000100000000)
  region size 1024K, 9 young (9216K), 9 survivors (9216K)
 Metaspace       used 14577K, committed 14848K, reserved 1064960K
  class space    used 1667K, committed 1792K, reserved 1048576K
}
Event: 13.319 GC heap before
{Heap before GC invocations=6 (full 0):
 garbage-first heap   total 131072K, used 86092K [0x0000000080000000, 0x0000000100000000)
  region size 1024K, 76 young (77824K), 9 survivors (9216K)
 Metaspace       used 18235K, committed 18496K, reserved 1073152K
  class space    used 2095K, committed 2240K, reserved 1048576K
}
Event: 13.341 GC heap after
{Heap after GC invocations=7 (full 0):
 garbage-first heap   total 131072K, used 21811K [0x0000000080000000, 0x0000000100000000)
  region size 1024K, 9 young (9216K), 9 survivors (9216K)
 Metaspace       used 18235K, committed 18496K, reserved 1073152K
  class space    used 2095K, committed 2240K, reserved 1048576K
}

