# JRE version: Java(TM) SE Runtime Environment 18.9 (11.0.16+11) (build 11.0.16+11-LTS-199)
# Java VM: Java HotSpot(TM) 64-Bit Server VM 18.9 (11.0.16+11-LTS-199, mixed mode, tiered, compressed oops, g1 gc, windows-amd64)
Heap:
 garbage-first heap   total 192512K, used 28666K [0x0000000080000000, 0x0000000100000000)
  region size 1024K, 8 young (8192K), 3 survivors (3072K)
 Metaspace       used 35756K, capacity 36441K, committed 36736K, reserved 1081344K
  class space    used 3692K, capacity 3998K, committed 4096K, reserved 1048576K
GC Heap History (10 events):
Event: 6.202 GC heap before
{Heap before GC invocations=5 (full 0):
 garbage-first heap   total 157696K, used 61361K [0x0000000080000000, 0x0000000100000000)
  region size 1024K, 59 young (60416K), 5 survivors (5120K)
 Metaspace       used 20912K, capacity 21212K, committed 21248K, reserved 1069056K
  class space    used 2167K, capacity 2285K, committed 2304K, reserved 1048576K
}
Event: 6.229 GC heap after
{Heap after GC invocations=6 (full 0):
 garbage-first heap   total 157696K, used 12109K [0x0000000080000000, 0x0000000100000000)
  region size 1024K, 10 young (10240K), 10 survivors (10240K)
 Metaspace       used 20912K, capacity 21212K, committed 21248K, reserved 1069056K
  class space    used 2167K, capacity 2285K, committed 2304K, reserved 1048576K
}
Event: 9.169 GC heap before
{Heap before GC invocations=7 (full 0):
 garbage-first heap   total 157696K, used 74573K [0x0000000080000000, 0x0000000100000000)
  region size 1024K, 69 young (70656K), 10 survivors (10240K)
 Metaspace       used 30523K, capacity 31140K, committed 31488K, reserved 1077248K
  class space    used 3235K, capacity 3457K, committed 3584K, reserved 1048576K
}
Event: 9.209 GC heap after
{Heap after GC invocations=8 (full 0):
 garbage-first heap   total 157696K, used 20988K [0x0000000080000000, 0x0000000100000000)
  region size 1024K, 9 young (9216K), 9 survivors (9216K)
 Metaspace       used 30523K, capacity 31140K, committed 31488K, reserved 1077248K
  class space    used 3235K, capacity 3457K, committed 3584K, reserved 1048576K
}
Event: 12.186 GC heap before
{Heap before GC invocations=8 (full 0):
 garbage-first heap   total 157696K, used 95740K [0x0000000080000000, 0x0000000100000000)
  region size 1024K, 79 young (80896K), 9 survivors (9216K)
 Metaspace       used 33185K, capacity 33853K, committed 34048K, reserved 1079296K
  class space    used 3481K, capacity 3714K, committed 3840K, reserved 1048576K
}
Event: 12.218 GC heap after
{Heap after GC invocations=9 (full 0):
 garbage-first heap   total 157696K, used 32768K [0x0000000080000000, 0x0000000100000000)
  region size 1024K, 10 young (10240K), 10 survivors (10240K)
 Metaspace       used 33185K, capacity 33853K, committed 34048K, reserved 1079296K
  class space    used 3481K, capacity 3714K, committed 3840K, reserved 1048576K
}
Event: 14.297 GC heap before
{Heap before GC invocations=9 (full 0):
 garbage-first heap   total 157696K, used 106496K [0x0000000080000000, 0x0000000100000000)
  region size 1024K, 81 young (82944K), 10 survivors (10240K)
 Metaspace       used 34858K, capacity 35556K, committed 35712K, reserved 1081344K
  class space    used 3609K, capacity 3894K, committed 3968K, reserved 1048576K
}
Event: 14.314 GC heap after
{Heap after GC invocations=10 (full 0):
 garbage-first heap   total 192512K, used 31232K [0x0000000080000000, 0x0000000100000000)
  region size 1024K, 6 young (6144K), 6 survivors (6144K)
 Metaspace       used 34858K, capacity 35556K, committed 35712K, reserved 1081344K
  class space    used 3609K, capacity 3894K, committed 3968K, reserved 1048576K
}
Event: 14.669 GC heap before
{Heap before GC invocations=10 (full 0):
 garbage-first heap   total 192512K, used 47616K [0x0000000080000000, 0x0000000100000000)
  region size 1024K, 23 young (23552K), 6 survivors (6144K)
 Metaspace       used 35093K, capacity 35749K, committed 35840K, reserved 1081344K
  class space    used 3620K, capacity 3894K, committed 3968K, reserved 1048576K
}
Event: 14.677 GC heap after
{Heap after GC invocations=11 (full 0):
 garbage-first heap   total 192512K, used 28666K [0x0000000080000000, 0x0000000100000000)
  region size 1024K, 3 young (3072K), 3 survivors (3072K)
 Metaspace       used 35093K, capacity 35749K, committed 35840K, reserved 1081344K
  class space    used 3620K, capacity 3894K, committed 3968K, reserved 1048576K
}

