# JRE version: OpenJDK Runtime Environment Corretto-17.0.5.8.1 (17.0.5+8) (build 17.0.5+8-LTS)
# Java VM: OpenJDK 64-Bit Server VM Corretto-17.0.5.8.1 (17.0.5+8-LTS, mixed mode, sharing, tiered, compressed oops, compressed class ptrs, g1 gc, windows-amd64)
GC Precious Log:
 CPUs: 2 total, 2 available
 Memory: 8190M
 Large Page Support: Disabled
 NUMA Support: Disabled
 Compressed Oops: Enabled (32-bit)
 Heap Region Size: 1M
 Heap Min Capacity: 8M
 Heap Initial Capacity: 128M
 Heap Max Capacity: 2G
 Pre-touch: Disabled
 Parallel Workers: 2
 Concurrent Workers: 1
 Concurrent Refinement Workers: 2
 Periodic GC: Disabled
Heap:
 garbage-first heap   total 118784K, used 92401K [0x0000000080000000, 0x0000000100000000)
  region size 1024K, 42 young (43008K), 6 survivors (6144K)
 Metaspace       used 46338K, committed 46720K, reserved 1097728K
  class space    used 5773K, committed 5952K, reserved 1048576K
GC Heap History (20 events):
Event: 14.564 GC heap before
{Heap before GC invocations=10 (full 0):
 garbage-first heap   total 81920K, used 65024K [0x0000000080000000, 0x0000000100000000)
  region size 1024K, 42 young (43008K), 5 survivors (5120K)
 Metaspace       used 24898K, committed 25152K, reserved 1073152K
  class space    used 2839K, committed 2944K, reserved 1048576K
}
Event: 14.582 GC heap after
{Heap after GC invocations=11 (full 0):
 garbage-first heap   total 98304K, used 29367K [0x0000000080000000, 0x0000000100000000)
  region size 1024K, 5 young (5120K), 5 survivors (5120K)
 Metaspace       used 24898K, committed 25152K, reserved 1073152K
  class space    used 2839K, committed 2944K, reserved 1048576K
}
Event: 15.589 GC heap before
{Heap before GC invocations=11 (full 0):
 garbage-first heap   total 98304K, used 78519K [0x0000000080000000, 0x0000000100000000)
  region size 1024K, 53 young (54272K), 5 survivors (5120K)
 Metaspace       used 28183K, committed 28480K, reserved 1081344K
  class space    used 3312K, committed 3456K, reserved 1048576K
}
Event: 15.605 GC heap after
{Heap after GC invocations=12 (full 0):
 garbage-first heap   total 98304K, used 33515K [0x0000000080000000, 0x0000000100000000)
  region size 1024K, 7 young (7168K), 7 survivors (7168K)
 Metaspace       used 28183K, committed 28480K, reserved 1081344K
  class space    used 3312K, committed 3456K, reserved 1048576K
}
Event: 16.431 GC heap before
{Heap before GC invocations=12 (full 0):
 garbage-first heap   total 98304K, used 77547K [0x0000000080000000, 0x0000000100000000)
  region size 1024K, 50 young (51200K), 7 survivors (7168K)
 Metaspace       used 30844K, committed 31168K, reserved 1081344K
  class space    used 3752K, committed 3904K, reserved 1048576K
}
Event: 16.447 GC heap after
{Heap after GC invocations=13 (full 0):
 garbage-first heap   total 98304K, used 38075K [0x0000000080000000, 0x0000000100000000)
  region size 1024K, 5 young (5120K), 5 survivors (5120K)
 Metaspace       used 30844K, committed 31168K, reserved 1081344K
  class space    used 3752K, committed 3904K, reserved 1048576K
}
Event: 17.667 GC heap before
{Heap before GC invocations=13 (full 0):
 garbage-first heap   total 98304K, used 76987K [0x0000000080000000, 0x0000000100000000)
  region size 1024K, 43 young (44032K), 5 survivors (5120K)
 Metaspace       used 33539K, committed 33920K, reserved 1081344K
  class space    used 4168K, committed 4352K, reserved 1048576K
}
Event: 17.680 GC heap after
{Heap after GC invocations=14 (full 0):
 garbage-first heap   total 98304K, used 42482K [0x0000000080000000, 0x0000000100000000)
  region size 1024K, 4 young (4096K), 4 survivors (4096K)
 Metaspace       used 33539K, committed 33920K, reserved 1081344K
  class space    used 4168K, committed 4352K, reserved 1048576K
}
Event: 18.646 GC heap before
{Heap before GC invocations=14 (full 0):
 garbage-first heap   total 98304K, used 78322K [0x0000000080000000, 0x0000000100000000)
  region size 1024K, 39 young (39936K), 4 survivors (4096K)
 Metaspace       used 35340K, committed 35712K, reserved 1081344K
  class space    used 4374K, committed 4544K, reserved 1048576K
}
Event: 18.660 GC heap after
{Heap after GC invocations=15 (full 0):
 garbage-first heap   total 118784K, used 45367K [0x0000000080000000, 0x0000000100000000)
  region size 1024K, 4 young (4096K), 4 survivors (4096K)
 Metaspace       used 35340K, committed 35712K, reserved 1081344K
  class space    used 4374K, committed 4544K, reserved 1048576K
}
Event: 18.831 GC heap before
{Heap before GC invocations=15 (full 0):
 garbage-first heap   total 118784K, used 51511K [0x0000000080000000, 0x0000000100000000)
  region size 1024K, 11 young (11264K), 4 survivors (4096K)
 Metaspace       used 35708K, committed 35968K, reserved 1081344K
  class space    used 4420K, committed 4544K, reserved 1048576K
}
Event: 18.844 GC heap after
{Heap after GC invocations=16 (full 0):
 garbage-first heap   total 118784K, used 45959K [0x0000000080000000, 0x0000000100000000)
  region size 1024K, 4 young (4096K), 4 survivors (4096K)
 Metaspace       used 35708K, committed 35968K, reserved 1081344K
  class space    used 4420K, committed 4544K, reserved 1048576K
}
Event: 21.281 GC heap before
{Heap before GC invocations=17 (full 0):
 garbage-first heap   total 118784K, used 95111K [0x0000000080000000, 0x0000000100000000)
  region size 1024K, 52 young (53248K), 4 survivors (4096K)
 Metaspace       used 37589K, committed 37824K, reserved 1089536K
  class space    used 4633K, committed 4736K, reserved 1048576K
}
Event: 21.298 GC heap after
{Heap after GC invocations=18 (full 0):
 garbage-first heap   total 118784K, used 49093K [0x0000000080000000, 0x0000000100000000)
  region size 1024K, 7 young (7168K), 7 survivors (7168K)
 Metaspace       used 37589K, committed 37824K, reserved 1089536K
  class space    used 4633K, committed 4736K, reserved 1048576K
}
Event: 22.446 GC heap before
{Heap before GC invocations=18 (full 0):
 garbage-first heap   total 118784K, used 96197K [0x0000000080000000, 0x0000000100000000)
  region size 1024K, 53 young (54272K), 7 survivors (7168K)
 Metaspace       used 39926K, committed 40256K, reserved 1089536K
  class space    used 4978K, committed 5120K, reserved 1048576K
}
Event: 22.463 GC heap after
{Heap after GC invocations=19 (full 0):
 garbage-first heap   total 118784K, used 50644K [0x0000000080000000, 0x0000000100000000)
  region size 1024K, 6 young (6144K), 6 survivors (6144K)
 Metaspace       used 39926K, committed 40256K, reserved 1089536K
  class space    used 4978K, committed 5120K, reserved 1048576K
}
Event: 23.046 GC heap before
{Heap before GC invocations=19 (full 0):
 garbage-first heap   total 118784K, used 96724K [0x0000000080000000, 0x0000000100000000)
  region size 1024K, 51 young (52224K), 6 survivors (6144K)
 Metaspace       used 42814K, committed 43200K, reserved 1089536K
  class space    used 5386K, committed 5568K, reserved 1048576K
}
Event: 23.061 GC heap after
{Heap after GC invocations=20 (full 0):
 garbage-first heap   total 118784K, used 53375K [0x0000000080000000, 0x0000000100000000)
  region size 1024K, 6 young (6144K), 6 survivors (6144K)
 Metaspace       used 42814K, committed 43200K, reserved 1089536K
  class space    used 5386K, committed 5568K, reserved 1048576K
}
Event: 24.521 GC heap before
{Heap before GC invocations=20 (full 0):
 garbage-first heap   total 118784K, used 96383K [0x0000000080000000, 0x0000000100000000)
  region size 1024K, 49 young (50176K), 6 survivors (6144K)
 Metaspace       used 44822K, committed 45184K, reserved 1089536K
  class space    used 5568K, committed 5696K, reserved 1048576K
}
Event: 24.538 GC heap after
{Heap after GC invocations=21 (full 0):
 garbage-first heap   total 118784K, used 56561K [0x0000000080000000, 0x0000000100000000)
  region size 1024K, 6 young (6144K), 6 survivors (6144K)
 Metaspace       used 44822K, committed 45184K, reserved 1089536K
  class space    used 5568K, committed 5696K, reserved 1048576K
}

