# JRE version: Java(TM) SE Runtime Environment 18.9 (11.0.16+11) (build 11.0.16+11-LTS-199)
# Java VM: Java HotSpot(TM) 64-Bit Server VM 18.9 (11.0.16+11-LTS-199, mixed mode, tiered, compressed oops, g1 gc, windows-amd64)
Heap:
 garbage-first heap   total 192512K, used 34162K [0x0000000080000000, 0x0000000100000000)
  region size 1024K, 6 young (6144K), 3 survivors (3072K)
 Metaspace       used 34924K, capacity 35539K, committed 35884K, reserved 1081344K
  class space    used 3605K, capacity 3891K, committed 3968K, reserved 1048576K
GC Heap History (10 events):
Event: 7.866 GC heap before
{Heap before GC invocations=5 (full 0):
 garbage-first heap   total 157696K, used 53248K [0x0000000080000000, 0x0000000100000000)
  region size 1024K, 51 young (52224K), 5 survivors (5120K)
 Metaspace       used 20875K, capacity 21227K, committed 21248K, reserved 1069056K
  class space    used 2184K, capacity 2286K, committed 2304K, reserved 1048576K
}
Event: 7.887 GC heap after
{Heap after GC invocations=6 (full 0):
 garbage-first heap   total 157696K, used 10664K [0x0000000080000000, 0x0000000100000000)
  region size 1024K, 9 young (9216K), 9 survivors (9216K)
 Metaspace       used 20875K, capacity 21227K, committed 21248K, reserved 1069056K
  class space    used 2184K, capacity 2286K, committed 2304K, reserved 1048576K
}
Event: 10.925 GC heap before
{Heap before GC invocations=7 (full 0):
 garbage-first heap   total 157696K, used 65960K [0x0000000080000000, 0x0000000100000000)
  region size 1024K, 63 young (64512K), 9 survivors (9216K)
 Metaspace       used 30340K, capacity 30957K, committed 31232K, reserved 1077248K
  class space    used 3230K, capacity 3461K, committed 3584K, reserved 1048576K
}
Event: 10.964 GC heap after
{Heap after GC invocations=8 (full 0):
 garbage-first heap   total 157696K, used 18988K [0x0000000080000000, 0x0000000100000000)
  region size 1024K, 8 young (8192K), 8 survivors (8192K)
 Metaspace       used 30340K, capacity 30957K, committed 31232K, reserved 1077248K
  class space    used 3230K, capacity 3461K, committed 3584K, reserved 1048576K
}
Event: 14.066 GC heap before
{Heap before GC invocations=8 (full 0):
 garbage-first heap   total 157696K, used 86572K [0x0000000080000000, 0x0000000100000000)
  region size 1024K, 74 young (75776K), 8 survivors (8192K)
 Metaspace       used 32568K, capacity 33106K, committed 33408K, reserved 1079296K
  class space    used 3405K, capacity 3614K, committed 3712K, reserved 1048576K
}
Event: 14.117 GC heap after
{Heap after GC invocations=9 (full 0):
 garbage-first heap   total 157696K, used 35840K [0x0000000080000000, 0x0000000100000000)
  region size 1024K, 10 young (10240K), 10 survivors (10240K)
 Metaspace       used 32568K, capacity 33106K, committed 33408K, reserved 1079296K
  class space    used 3405K, capacity 3614K, committed 3712K, reserved 1048576K
}
Event: 15.745 GC heap before
{Heap before GC invocations=9 (full 0):
 garbage-first heap   total 157696K, used 64512K [0x0000000080000000, 0x0000000100000000)
  region size 1024K, 38 young (38912K), 10 survivors (10240K)
 Metaspace       used 34034K, capacity 34782K, committed 35072K, reserved 1081344K
  class space    used 3522K, capacity 3787K, committed 3840K, reserved 1048576K
}
Event: 15.765 GC heap after
{Heap after GC invocations=10 (full 0):
 garbage-first heap   total 192512K, used 32256K [0x0000000080000000, 0x0000000100000000)
  region size 1024K, 3 young (3072K), 3 survivors (3072K)
 Metaspace       used 34034K, capacity 34782K, committed 35072K, reserved 1081344K
  class space    used 3522K, capacity 3787K, committed 3840K, reserved 1048576K
}
Event: 16.088 GC heap before
{Heap before GC invocations=10 (full 0):
 garbage-first heap   total 192512K, used 52736K [0x0000000080000000, 0x0000000100000000)
  region size 1024K, 24 young (24576K), 3 survivors (3072K)
 Metaspace       used 34787K, capacity 35432K, committed 35628K, reserved 1081344K
  class space    used 3588K, capacity 3854K, committed 3968K, reserved 1048576K
}
Event: 16.095 GC heap after
{Heap after GC invocations=11 (full 0):
 garbage-first heap   total 192512K, used 32114K [0x0000000080000000, 0x0000000100000000)
  region size 1024K, 3 young (3072K), 3 survivors (3072K)
 Metaspace       used 34787K, capacity 35432K, committed 35628K, reserved 1081344K
  class space    used 3588K, capacity 3854K, committed 3968K, reserved 1048576K
}

