# JRE version: Java(TM) SE Runtime Environment 18.9 (11.0.16+11) (build 11.0.16+11-LTS-199)
# Java VM: Java HotSpot(TM) 64-Bit Server VM 18.9 (11.0.16+11-LTS-199, mixed mode, tiered, compressed oops, g1 gc, windows-amd64)
Heap:
 garbage-first heap   total 157696K, used 66319K [0x0000000080000000, 0x0000000100000000)
  region size 1024K, 54 young (55296K), 9 survivors (9216K)
 Metaspace       used 31143K, capacity 31665K, committed 32000K, reserved 1077248K
  class space    used 3287K, capacity 3484K, committed 3584K, reserved 1048576K
GC Heap History (10 events):
Event: 1.160 GC heap before
{Heap before GC invocations=2 (full 0):
 garbage-first heap   total 131072K, used 15262K [0x0000000080000000, 0x0000000100000000)
  region size 1024K, 14 young (14336K), 1 survivors (1024K)
 Metaspace       used 12380K, capacity 12596K, committed 12672K, reserved 1060864K
  class space    used 1251K, capacity 1348K, committed 1408K, reserved 1048576K
}
Event: 1.165 GC heap after
{Heap after GC invocations=3 (full 0):
 garbage-first heap   total 131072K, used 3632K [0x0000000080000000, 0x0000000100000000)
  region size 1024K, 2 young (2048K), 2 survivors (2048K)
 Metaspace       used 12380K, capacity 12596K, committed 12672K, reserved 1060864K
  class space    used 1251K, capacity 1348K, committed 1408K, reserved 1048576K
}
Event: 1.749 GC heap before
{Heap before GC invocations=3 (full 0):
 garbage-first heap   total 131072K, used 22064K [0x0000000080000000, 0x0000000100000000)
  region size 1024K, 20 young (20480K), 2 survivors (2048K)
 Metaspace       used 14390K, capacity 14583K, committed 14720K, reserved 1062912K
  class space    used 1501K, capacity 1581K, committed 1664K, reserved 1048576K
}
Event: 1.754 GC heap after
{Heap after GC invocations=4 (full 0):
 garbage-first heap   total 131072K, used 4218K [0x0000000080000000, 0x0000000100000000)
  region size 1024K, 3 young (3072K), 3 survivors (3072K)
 Metaspace       used 14390K, capacity 14583K, committed 14720K, reserved 1062912K
  class space    used 1501K, capacity 1581K, committed 1664K, reserved 1048576K
}
Event: 3.193 GC heap before
{Heap before GC invocations=4 (full 0):
 garbage-first heap   total 131072K, used 39034K [0x0000000080000000, 0x0000000100000000)
  region size 1024K, 37 young (37888K), 3 survivors (3072K)
 Metaspace       used 19803K, capacity 20135K, committed 20224K, reserved 1067008K
  class space    used 2119K, capacity 2247K, committed 2304K, reserved 1048576K
}
Event: 3.213 GC heap after
{Heap after GC invocations=5 (full 0):
 garbage-first heap   total 157696K, used 7263K [0x0000000080000000, 0x0000000100000000)
  region size 1024K, 5 young (5120K), 5 survivors (5120K)
 Metaspace       used 19803K, capacity 20135K, committed 20224K, reserved 1067008K
  class space    used 2119K, capacity 2247K, committed 2304K, reserved 1048576K
}
Event: 4.530 GC heap before
{Heap before GC invocations=5 (full 0):
 garbage-first heap   total 157696K, used 59487K [0x0000000080000000, 0x0000000100000000)
  region size 1024K, 57 young (58368K), 5 survivors (5120K)
 Metaspace       used 20895K, capacity 21206K, committed 21248K, reserved 1069056K
  class space    used 2168K, capacity 2283K, committed 2304K, reserved 1048576K
}
Event: 4.553 GC heap after
{Heap after GC invocations=6 (full 0):
 garbage-first heap   total 157696K, used 12208K [0x0000000080000000, 0x0000000100000000)
  region size 1024K, 10 young (10240K), 10 survivors (10240K)
 Metaspace       used 20895K, capacity 21206K, committed 21248K, reserved 1069056K
  class space    used 2168K, capacity 2283K, committed 2304K, reserved 1048576K
}
Event: 7.517 GC heap before
{Heap before GC invocations=7 (full 0):
 garbage-first heap   total 157696K, used 73648K [0x0000000080000000, 0x0000000100000000)
  region size 1024K, 68 young (69632K), 10 survivors (10240K)
 Metaspace       used 29537K, capacity 30027K, committed 30208K, reserved 1077248K
  class space    used 3148K, capacity 3299K, committed 3328K, reserved 1048576K
}
Event: 7.555 GC heap after
{Heap after GC invocations=8 (full 0):
 garbage-first heap   total 157696K, used 20239K [0x0000000080000000, 0x0000000100000000)
  region size 1024K, 9 young (9216K), 9 survivors (9216K)
 Metaspace       used 29537K, capacity 30027K, committed 30208K, reserved 1077248K
  class space    used 3148K, capacity 3299K, committed 3328K, reserved 1048576K
}

