# JRE version: Java(TM) SE Runtime Environment 18.9 (11.0.16+11) (build 11.0.16+11-LTS-199)
# Java VM: Java HotSpot(TM) 64-Bit Server VM 18.9 (11.0.16+11-LTS-199, mixed mode, tiered, compressed oops, g1 gc, windows-amd64)
Heap:
 garbage-first heap   total 157696K, used 67999K [0x0000000080000000, 0x0000000100000000)
  region size 1024K, 64 young (65536K), 6 survivors (6144K)
 Metaspace       used 33870K, capacity 35014K, committed 35120K, reserved 1079296K
  class space    used 4199K, capacity 4681K, committed 4736K, reserved 1048576K
GC Heap History (10 events):
Event: 1.022 GC heap before
{Heap before GC invocations=1 (full 0):
 garbage-first heap   total 131072K, used 8658K [0x0000000080000000, 0x0000000100000000)
  region size 1024K, 6 young (6144K), 1 survivors (1024K)
 Metaspace       used 9671K, capacity 9797K, committed 9984K, reserved 1058816K
  class space    used 943K, capacity 992K, committed 1024K, reserved 1048576K
}
Event: 1.027 GC heap after
{Heap after GC invocations=2 (full 0):
 garbage-first heap   total 131072K, used 4074K [0x0000000080000000, 0x0000000100000000)
  region size 1024K, 1 young (1024K), 1 survivors (1024K)
 Metaspace       used 9671K, capacity 9797K, committed 9984K, reserved 1058816K
  class space    used 943K, capacity 992K, committed 1024K, reserved 1048576K
}
Event: 1.428 GC heap before
{Heap before GC invocations=2 (full 0):
 garbage-first heap   total 131072K, used 15338K [0x0000000080000000, 0x0000000100000000)
  region size 1024K, 12 young (12288K), 1 survivors (1024K)
 Metaspace       used 13606K, capacity 13970K, committed 14208K, reserved 1062912K
  class space    used 1469K, capacity 1613K, committed 1664K, reserved 1048576K
}
Event: 1.434 GC heap after
{Heap after GC invocations=3 (full 0):
 garbage-first heap   total 131072K, used 5103K [0x0000000080000000, 0x0000000100000000)
  region size 1024K, 2 young (2048K), 2 survivors (2048K)
 Metaspace       used 13606K, capacity 13970K, committed 14208K, reserved 1062912K
  class space    used 1469K, capacity 1613K, committed 1664K, reserved 1048576K
}
Event: 1.803 GC heap before
{Heap before GC invocations=3 (full 0):
 garbage-first heap   total 131072K, used 22511K [0x0000000080000000, 0x0000000100000000)
  region size 1024K, 19 young (19456K), 2 survivors (2048K)
 Metaspace       used 17711K, capacity 18200K, committed 18432K, reserved 1064960K
  class space    used 2022K, capacity 2246K, committed 2304K, reserved 1048576K
}
Event: 1.811 GC heap after
{Heap after GC invocations=4 (full 0):
 garbage-first heap   total 131072K, used 5994K [0x0000000080000000, 0x0000000100000000)
  region size 1024K, 3 young (3072K), 3 survivors (3072K)
 Metaspace       used 17711K, capacity 18200K, committed 18432K, reserved 1064960K
  class space    used 2022K, capacity 2246K, committed 2304K, reserved 1048576K
}
Event: 2.103 GC heap before
{Heap before GC invocations=4 (full 0):
 garbage-first heap   total 131072K, used 24426K [0x0000000080000000, 0x0000000100000000)
  region size 1024K, 22 young (22528K), 3 survivors (3072K)
 Metaspace       used 20652K, capacity 21182K, committed 21296K, reserved 1069056K
  class space    used 2410K, capacity 2649K, committed 2688K, reserved 1048576K
}
Event: 2.119 GC heap after
{Heap after GC invocations=5 (full 0):
 garbage-first heap   total 157696K, used 7429K [0x0000000080000000, 0x0000000100000000)
  region size 1024K, 4 young (4096K), 4 survivors (4096K)
 Metaspace       used 20652K, capacity 21182K, committed 21296K, reserved 1069056K
  class space    used 2410K, capacity 2649K, committed 2688K, reserved 1048576K
}
Event: 3.474 GC heap before
{Heap before GC invocations=6 (full 0):
 garbage-first heap   total 157696K, used 50437K [0x0000000080000000, 0x0000000100000000)
  region size 1024K, 46 young (47104K), 4 survivors (4096K)
 Metaspace       used 26107K, capacity 26963K, committed 27056K, reserved 1073152K
  class space    used 3203K, capacity 3533K, committed 3584K, reserved 1048576K
}
Event: 3.489 GC heap after
{Heap after GC invocations=7 (full 0):
 garbage-first heap   total 157696K, used 9631K [0x0000000080000000, 0x0000000100000000)
  region size 1024K, 6 young (6144K), 6 survivors (6144K)
 Metaspace       used 26107K, capacity 26963K, committed 27056K, reserved 1073152K
  class space    used 3203K, capacity 3533K, committed 3584K, reserved 1048576K
}

