# JRE version: Java(TM) SE Runtime Environment 18.9 (11.0.16+11) (build 11.0.16+11-LTS-199)
# Java VM: Java HotSpot(TM) 64-Bit Server VM 18.9 (11.0.16+11-LTS-199, mixed mode, tiered, compressed oops, g1 gc, windows-amd64)
Heap:
 garbage-first heap   total 191488K, used 29030K [0x0000000080000000, 0x0000000100000000)
  region size 1024K, 11 young (11264K), 6 survivors (6144K)
 Metaspace       used 35704K, capacity 36433K, committed 36736K, reserved 1081344K
  class space    used 3715K, capacity 4001K, committed 4096K, reserved 1048576K
GC Heap History (10 events):
Event: 4.002 GC heap before
{Heap before GC invocations=4 (full 0):
 garbage-first heap   total 131072K, used 36280K [0x0000000080000000, 0x0000000100000000)
  region size 1024K, 34 young (34816K), 3 survivors (3072K)
 Metaspace       used 19837K, capacity 20200K, committed 20480K, reserved 1067008K
  class space    used 2121K, capacity 2247K, committed 2304K, reserved 1048576K
}
Event: 4.025 GC heap after
{Heap after GC invocations=5 (full 0):
 garbage-first heap   total 157696K, used 7434K [0x0000000080000000, 0x0000000100000000)
  region size 1024K, 5 young (5120K), 5 survivors (5120K)
 Metaspace       used 19837K, capacity 20200K, committed 20480K, reserved 1067008K
  class space    used 2121K, capacity 2247K, committed 2304K, reserved 1048576K
}
Event: 5.404 GC heap before
{Heap before GC invocations=5 (full 0):
 garbage-first heap   total 157696K, used 58634K [0x0000000080000000, 0x0000000100000000)
  region size 1024K, 56 young (57344K), 5 survivors (5120K)
 Metaspace       used 20957K, capacity 21212K, committed 21248K, reserved 1069056K
  class space    used 2176K, capacity 2285K, committed 2304K, reserved 1048576K
}
Event: 5.426 GC heap after
{Heap after GC invocations=6 (full 0):
 garbage-first heap   total 157696K, used 11770K [0x0000000080000000, 0x0000000100000000)
  region size 1024K, 8 young (8192K), 8 survivors (8192K)
 Metaspace       used 20957K, capacity 21212K, committed 21248K, reserved 1069056K
  class space    used 2176K, capacity 2285K, committed 2304K, reserved 1048576K
}
Event: 8.794 GC heap before
{Heap before GC invocations=7 (full 0):
 garbage-first heap   total 157696K, used 70138K [0x0000000080000000, 0x0000000100000000)
  region size 1024K, 63 young (64512K), 8 survivors (8192K)
 Metaspace       used 29538K, capacity 30118K, committed 30208K, reserved 1077248K
  class space    used 3147K, capacity 3328K, committed 3328K, reserved 1048576K
}
Event: 8.827 GC heap after
{Heap after GC invocations=8 (full 0):
 garbage-first heap   total 157696K, used 19887K [0x0000000080000000, 0x0000000100000000)
  region size 1024K, 8 young (8192K), 8 survivors (8192K)
 Metaspace       used 29538K, capacity 30118K, committed 30208K, reserved 1077248K
  class space    used 3147K, capacity 3328K, committed 3328K, reserved 1048576K
}
Event: 12.203 GC heap before
{Heap before GC invocations=8 (full 0):
 garbage-first heap   total 157696K, used 85423K [0x0000000080000000, 0x0000000100000000)
  region size 1024K, 70 young (71680K), 8 survivors (8192K)
 Metaspace       used 33190K, capacity 33867K, committed 34048K, reserved 1079296K
  class space    used 3488K, capacity 3742K, committed 3840K, reserved 1048576K
}
Event: 12.228 GC heap after
{Heap after GC invocations=9 (full 0):
 garbage-first heap   total 157696K, used 26731K [0x0000000080000000, 0x0000000100000000)
  region size 1024K, 9 young (9216K), 9 survivors (9216K)
 Metaspace       used 33190K, capacity 33867K, committed 34048K, reserved 1079296K
  class space    used 3488K, capacity 3742K, committed 3840K, reserved 1048576K
}
Event: 14.914 GC heap before
{Heap before GC invocations=9 (full 0):
 garbage-first heap   total 157696K, used 108651K [0x0000000080000000, 0x0000000100000000)
  region size 1024K, 89 young (91136K), 9 survivors (9216K)
 Metaspace       used 35110K, capacity 35772K, committed 35840K, reserved 1081344K
  class space    used 3659K, capacity 3929K, committed 3968K, reserved 1048576K
}
Event: 14.934 GC heap after
{Heap after GC invocations=10 (full 0):
 garbage-first heap   total 191488K, used 24934K [0x0000000080000000, 0x0000000100000000)
  region size 1024K, 6 young (6144K), 6 survivors (6144K)
 Metaspace       used 35110K, capacity 35772K, committed 35840K, reserved 1081344K
  class space    used 3659K, capacity 3929K, committed 3968K, reserved 1048576K
}

