# JRE version: Java(TM) SE Runtime Environment 18.9 (11.0.16+11) (build 11.0.16+11-LTS-199)
# Java VM: Java HotSpot(TM) 64-Bit Server VM 18.9 (11.0.16+11-LTS-199, mixed mode, tiered, compressed oops, g1 gc, windows-amd64)
Heap:
 garbage-first heap   total 157696K, used 25600K [0x0000000080000000, 0x0000000100000000)
  region size 1024K, 6 young (6144K), 3 survivors (3072K)
 Metaspace       used 35270K, capacity 36012K, committed 36224K, reserved 1081344K
  class space    used 3687K, capacity 3987K, committed 4096K, reserved 1048576K
GC Heap History (10 events):
Event: 8.770 GC heap before
{Heap before GC invocations=5 (full 0):
 garbage-first heap   total 131072K, used 59540K [0x0000000080000000, 0x0000000100000000)
  region size 1024K, 57 young (58368K), 5 survivors (5120K)
 Metaspace       used 20903K, capacity 21212K, committed 21248K, reserved 1069056K
  class space    used 2169K, capacity 2285K, committed 2304K, reserved 1048576K
}
Event: 8.797 GC heap after
{Heap after GC invocations=6 (full 0):
 garbage-first heap   total 131072K, used 12271K [0x0000000080000000, 0x0000000100000000)
  region size 1024K, 10 young (10240K), 10 survivors (10240K)
 Metaspace       used 20903K, capacity 21212K, committed 21248K, reserved 1069056K
  class space    used 2169K, capacity 2285K, committed 2304K, reserved 1048576K
}
Event: 13.184 GC heap before
{Heap before GC invocations=7 (full 0):
 garbage-first heap   total 131072K, used 73711K [0x0000000080000000, 0x0000000100000000)
  region size 1024K, 68 young (69632K), 10 survivors (10240K)
 Metaspace       used 30397K, capacity 30947K, committed 31232K, reserved 1077248K
  class space    used 3236K, capacity 3457K, committed 3584K, reserved 1048576K
}
Event: 13.267 GC heap after
{Heap after GC invocations=8 (full 0):
 garbage-first heap   total 157696K, used 20579K [0x0000000080000000, 0x0000000100000000)
  region size 1024K, 9 young (9216K), 9 survivors (9216K)
 Metaspace       used 30397K, capacity 30947K, committed 31232K, reserved 1077248K
  class space    used 3236K, capacity 3457K, committed 3584K, reserved 1048576K
}
Event: 16.875 GC heap before
{Heap before GC invocations=8 (full 0):
 garbage-first heap   total 157696K, used 91235K [0x0000000080000000, 0x0000000100000000)
  region size 1024K, 75 young (76800K), 9 survivors (9216K)
 Metaspace       used 32832K, capacity 33451K, committed 33664K, reserved 1079296K
  class space    used 3471K, capacity 3710K, committed 3712K, reserved 1048576K
}
Event: 16.911 GC heap after
{Heap after GC invocations=9 (full 0):
 garbage-first heap   total 157696K, used 30720K [0x0000000080000000, 0x0000000100000000)
  region size 1024K, 10 young (10240K), 10 survivors (10240K)
 Metaspace       used 32832K, capacity 33451K, committed 33664K, reserved 1079296K
  class space    used 3471K, capacity 3710K, committed 3712K, reserved 1048576K
}
Event: 19.565 GC heap before
{Heap before GC invocations=9 (full 0):
 garbage-first heap   total 157696K, used 101376K [0x0000000080000000, 0x0000000100000000)
  region size 1024K, 78 young (79872K), 10 survivors (10240K)
 Metaspace       used 34945K, capacity 35648K, committed 35712K, reserved 1081344K
  class space    used 3651K, capacity 3950K, committed 3968K, reserved 1048576K
}
Event: 19.578 GC heap after
{Heap after GC invocations=10 (full 0):
 garbage-first heap   total 157696K, used 29184K [0x0000000080000000, 0x0000000100000000)
  region size 1024K, 5 young (5120K), 5 survivors (5120K)
 Metaspace       used 34945K, capacity 35648K, committed 35712K, reserved 1081344K
  class space    used 3651K, capacity 3950K, committed 3968K, reserved 1048576K
}
Event: 19.614 GC heap before
{Heap before GC invocations=10 (full 0):
 garbage-first heap   total 157696K, used 29184K [0x0000000080000000, 0x0000000100000000)
  region size 1024K, 6 young (6144K), 5 survivors (5120K)
 Metaspace       used 35085K, capacity 35781K, committed 35840K, reserved 1081344K
  class space    used 3662K, capacity 3952K, committed 3968K, reserved 1048576K
}
Event: 19.619 GC heap after
{Heap after GC invocations=11 (full 0):
 garbage-first heap   total 157696K, used 26624K [0x0000000080000000, 0x0000000100000000)
  region size 1024K, 3 young (3072K), 3 survivors (3072K)
 Metaspace       used 35085K, capacity 35781K, committed 35840K, reserved 1081344K
  class space    used 3662K, capacity 3952K, committed 3968K, reserved 1048576K
}

