# JRE version: Java(TM) SE Runtime Environment 18.9 (11.0.16+11) (build 11.0.16+11-LTS-199)
# Java VM: Java HotSpot(TM) 64-Bit Server VM 18.9 (11.0.16+11-LTS-199, mixed mode, tiered, compressed oops, g1 gc, windows-amd64)
Heap:
 garbage-first heap   total 158720K, used 91221K [0x0000000080000000, 0x0000000100000000)
  region size 1024K, 79 young (80896K), 6 survivors (6144K)
 Metaspace       used 55951K, capacity 57381K, committed 57392K, reserved 1099776K
  class space    used 7189K, capacity 7799K, committed 7808K, reserved 1048576K
GC Heap History (10 events):
Event: 3.559 GC heap before
{Heap before GC invocations=4 (full 0):
 garbage-first heap   total 131072K, used 47257K [0x0000000080000000, 0x0000000100000000)
  region size 1024K, 40 young (40960K), 1 survivors (1024K)
 Metaspace       used 20491K, capacity 21127K, committed 21296K, reserved 1069056K
  class space    used 2304K, capacity 2594K, committed 2688K, reserved 1048576K
}
Event: 3.569 GC heap after
{Heap after GC invocations=5 (full 0):
 garbage-first heap   total 131072K, used 10056K [0x0000000080000000, 0x0000000100000000)
  region size 1024K, 3 young (3072K), 3 survivors (3072K)
 Metaspace       used 20491K, capacity 21127K, committed 21296K, reserved 1069056K
  class space    used 2304K, capacity 2594K, committed 2688K, reserved 1048576K
}
Event: 4.764 GC heap before
{Heap before GC invocations=6 (full 0):
 garbage-first heap   total 131072K, used 58184K [0x0000000080000000, 0x0000000100000000)
  region size 1024K, 51 young (52224K), 3 survivors (3072K)
 Metaspace       used 28412K, capacity 29244K, committed 29488K, reserved 1075200K
  class space    used 3315K, capacity 3672K, committed 3712K, reserved 1048576K
}
Event: 4.779 GC heap after
{Heap after GC invocations=7 (full 0):
 garbage-first heap   total 158720K, used 12125K [0x0000000080000000, 0x0000000100000000)
  region size 1024K, 5 young (5120K), 5 survivors (5120K)
 Metaspace       used 28412K, capacity 29244K, committed 29488K, reserved 1075200K
  class space    used 3315K, capacity 3672K, committed 3712K, reserved 1048576K
}
Event: 7.121 GC heap before
{Heap before GC invocations=7 (full 0):
 garbage-first heap   total 158720K, used 73565K [0x0000000080000000, 0x0000000100000000)
  region size 1024K, 65 young (66560K), 5 survivors (5120K)
 Metaspace       used 34085K, capacity 35188K, committed 35504K, reserved 1081344K
  class space    used 4067K, capacity 4526K, committed 4608K, reserved 1048576K
}
Event: 7.141 GC heap after
{Heap after GC invocations=8 (full 0):
 garbage-first heap   total 158720K, used 14558K [0x0000000080000000, 0x0000000100000000)
  region size 1024K, 7 young (7168K), 7 survivors (7168K)
 Metaspace       used 34085K, capacity 35188K, committed 35504K, reserved 1081344K
  class space    used 4067K, capacity 4526K, committed 4608K, reserved 1048576K
}
Event: 7.459 GC heap before
{Heap before GC invocations=8 (full 0):
 garbage-first heap   total 158720K, used 24798K [0x0000000080000000, 0x0000000100000000)
  region size 1024K, 18 young (18432K), 7 survivors (7168K)
 Metaspace       used 34703K, capacity 35771K, committed 35888K, reserved 1081344K
  class space    used 4161K, capacity 4635K, committed 4736K, reserved 1048576K
}
Event: 7.480 GC heap after
{Heap after GC invocations=9 (full 0):
 garbage-first heap   total 158720K, used 15927K [0x0000000080000000, 0x0000000100000000)
  region size 1024K, 6 young (6144K), 6 survivors (6144K)
 Metaspace       used 34703K, capacity 35771K, committed 35888K, reserved 1081344K
  class space    used 4161K, capacity 4635K, committed 4736K, reserved 1048576K
}
Event: 10.350 GC heap before
{Heap before GC invocations=10 (full 0):
 garbage-first heap   total 158720K, used 79415K [0x0000000080000000, 0x0000000100000000)
  region size 1024K, 68 young (69632K), 6 survivors (6144K)
 Metaspace       used 42502K, capacity 43770K, committed 43952K, reserved 1087488K
  class space    used 5342K, capacity 5877K, committed 5888K, reserved 1048576K
}
Event: 10.371 GC heap after
{Heap after GC invocations=11 (full 0):
 garbage-first heap   total 158720K, used 17493K [0x0000000080000000, 0x0000000100000000)
  region size 1024K, 6 young (6144K), 6 survivors (6144K)
 Metaspace       used 42502K, capacity 43770K, committed 43952K, reserved 1087488K
  class space    used 5342K, capacity 5877K, committed 5888K, reserved 1048576K
}

