# JRE version: Java(TM) SE Runtime Environment 18.9 (11.0.16+11) (build 11.0.16+11-LTS-199)
# Java VM: Java HotSpot(TM) 64-Bit Server VM 18.9 (11.0.16+11-LTS-199, mixed mode, tiered, compressed oops, g1 gc, windows-amd64)
Heap:
 garbage-first heap   total 157696K, used 86185K [0x0000000080000000, 0x0000000100000000)
  region size 1024K, 61 young (62464K), 10 survivors (10240K)
 Metaspace       used 33949K, capacity 34613K, committed 34816K, reserved 1081344K
  class space    used 3541K, capacity 3818K, committed 3840K, reserved 1048576K
GC Heap History (10 events):
Event: 2.450 GC heap before
{Heap before GC invocations=3 (full 0):
 garbage-first heap   total 131072K, used 23000K [0x0000000080000000, 0x0000000100000000)
  region size 1024K, 21 young (21504K), 2 survivors (2048K)
 Metaspace       used 14555K, capacity 14745K, committed 14976K, reserved 1062912K
  class space    used 1522K, capacity 1615K, committed 1664K, reserved 1048576K
}
Event: 2.457 GC heap after
{Heap after GC invocations=4 (full 0):
 garbage-first heap   total 131072K, used 4217K [0x0000000080000000, 0x0000000100000000)
  region size 1024K, 3 young (3072K), 3 survivors (3072K)
 Metaspace       used 14555K, capacity 14745K, committed 14976K, reserved 1062912K
  class space    used 1522K, capacity 1615K, committed 1664K, reserved 1048576K
}
Event: 4.943 GC heap before
{Heap before GC invocations=4 (full 0):
 garbage-first heap   total 131072K, used 36985K [0x0000000080000000, 0x0000000100000000)
  region size 1024K, 35 young (35840K), 3 survivors (3072K)
 Metaspace       used 19818K, capacity 20135K, committed 20224K, reserved 1067008K
  class space    used 2120K, capacity 2247K, committed 2304K, reserved 1048576K
}
Event: 4.958 GC heap after
{Heap after GC invocations=5 (full 0):
 garbage-first heap   total 131072K, used 7172K [0x0000000080000000, 0x0000000100000000)
  region size 1024K, 5 young (5120K), 5 survivors (5120K)
 Metaspace       used 19818K, capacity 20135K, committed 20224K, reserved 1067008K
  class space    used 2120K, capacity 2247K, committed 2304K, reserved 1048576K
}
Event: 6.470 GC heap before
{Heap before GC invocations=5 (full 0):
 garbage-first heap   total 131072K, used 59396K [0x0000000080000000, 0x0000000100000000)
  region size 1024K, 57 young (58368K), 5 survivors (5120K)
 Metaspace       used 20892K, capacity 21206K, committed 21248K, reserved 1069056K
  class space    used 2168K, capacity 2283K, committed 2304K, reserved 1048576K
}
Event: 6.498 GC heap after
{Heap after GC invocations=6 (full 0):
 garbage-first heap   total 157696K, used 12116K [0x0000000080000000, 0x0000000100000000)
  region size 1024K, 10 young (10240K), 10 survivors (10240K)
 Metaspace       used 20892K, capacity 21206K, committed 21248K, reserved 1069056K
  class space    used 2168K, capacity 2283K, committed 2304K, reserved 1048576K
}
Event: 8.922 GC heap before
{Heap before GC invocations=7 (full 0):
 garbage-first heap   total 157696K, used 73556K [0x0000000080000000, 0x0000000100000000)
  region size 1024K, 68 young (69632K), 10 survivors (10240K)
 Metaspace       used 30507K, capacity 31079K, committed 31232K, reserved 1077248K
  class space    used 3236K, capacity 3481K, committed 3584K, reserved 1048576K
}
Event: 8.960 GC heap after
{Heap after GC invocations=8 (full 0):
 garbage-first heap   total 157696K, used 20451K [0x0000000080000000, 0x0000000100000000)
  region size 1024K, 9 young (9216K), 9 survivors (9216K)
 Metaspace       used 30507K, capacity 31079K, committed 31232K, reserved 1077248K
  class space    used 3236K, capacity 3481K, committed 3584K, reserved 1048576K
}
Event: 11.841 GC heap before
{Heap before GC invocations=8 (full 0):
 garbage-first heap   total 157696K, used 92131K [0x0000000080000000, 0x0000000100000000)
  region size 1024K, 76 young (77824K), 9 survivors (9216K)
 Metaspace       used 33150K, capacity 33771K, committed 34048K, reserved 1079296K
  class space    used 3483K, capacity 3733K, committed 3840K, reserved 1048576K
}
Event: 11.888 GC heap after
{Heap after GC invocations=9 (full 0):
 garbage-first heap   total 157696K, used 33961K [0x0000000080000000, 0x0000000100000000)
  region size 1024K, 10 young (10240K), 10 survivors (10240K)
 Metaspace       used 33150K, capacity 33771K, committed 34048K, reserved 1079296K
  class space    used 3483K, capacity 3733K, committed 3840K, reserved 1048576K
}

