# JRE version: Java(TM) SE Runtime Environment 18.9 (11.0.16+11) (build 11.0.16+11-LTS-199)
# Java VM: Java HotSpot(TM) 64-Bit Server VM 18.9 (11.0.16+11-LTS-199, mixed mode, tiered, compressed oops, g1 gc, windows-amd64)
Heap:
 garbage-first heap   total 157696K, used 14892K [0x0000000080000000, 0x0000000100000000)
  region size 1024K, 9 young (9216K), 9 survivors (9216K)
 Metaspace       used 32722K, capacity 33850K, committed 33968K, reserved 1079296K
  class space    used 4085K, capacity 4552K, committed 4608K, reserved 1048576K
GC Heap History (10 events):
Event: 1.875 GC heap after
{Heap after GC invocations=3 (full 0):
 garbage-first heap   total 131072K, used 6382K [0x0000000080000000, 0x0000000100000000)
  region size 1024K, 2 young (2048K), 2 survivors (2048K)
 Metaspace       used 11247K, capacity 11513K, committed 11776K, reserved 1060864K
  class space    used 1160K, capacity 1253K, committed 1280K, reserved 1048576K
}
Event: 2.353 GC heap before
{Heap before GC invocations=3 (full 0):
 garbage-first heap   total 131072K, used 22766K [0x0000000080000000, 0x0000000100000000)
  region size 1024K, 18 young (18432K), 2 survivors (2048K)
 Metaspace       used 15344K, capacity 15770K, committed 15872K, reserved 1062912K
  class space    used 1744K, capacity 1946K, committed 2048K, reserved 1048576K
}
Event: 2.361 GC heap after
{Heap after GC invocations=4 (full 0):
 garbage-first heap   total 131072K, used 7640K [0x0000000080000000, 0x0000000100000000)
  region size 1024K, 3 young (3072K), 3 survivors (3072K)
 Metaspace       used 15344K, capacity 15770K, committed 15872K, reserved 1062912K
  class space    used 1744K, capacity 1946K, committed 2048K, reserved 1048576K
}
Event: 2.865 GC heap before
{Heap before GC invocations=4 (full 0):
 garbage-first heap   total 131072K, used 34264K [0x0000000080000000, 0x0000000100000000)
  region size 1024K, 30 young (30720K), 3 survivors (3072K)
 Metaspace       used 20137K, capacity 20682K, committed 20864K, reserved 1067008K
  class space    used 2340K, capacity 2568K, committed 2688K, reserved 1048576K
}
Event: 2.877 GC heap after
{Heap after GC invocations=5 (full 0):
 garbage-first heap   total 131072K, used 8663K [0x0000000080000000, 0x0000000100000000)
  region size 1024K, 3 young (3072K), 3 survivors (3072K)
 Metaspace       used 20137K, capacity 20682K, committed 20864K, reserved 1067008K
  class space    used 2340K, capacity 2568K, committed 2688K, reserved 1048576K
}
Event: 2.954 GC heap before
{Heap before GC invocations=5 (full 0):
 garbage-first heap   total 131072K, used 13783K [0x0000000080000000, 0x0000000100000000)
  region size 1024K, 9 young (9216K), 3 survivors (3072K)
 Metaspace       used 20599K, capacity 21107K, committed 21296K, reserved 1069056K
  class space    used 2386K, capacity 2603K, committed 2688K, reserved 1048576K
}
Event: 2.962 GC heap after
{Heap after GC invocations=6 (full 0):
 garbage-first heap   total 131072K, used 9069K [0x0000000080000000, 0x0000000100000000)
  region size 1024K, 4 young (4096K), 4 survivors (4096K)
 Metaspace       used 20599K, capacity 21107K, committed 21296K, reserved 1069056K
  class space    used 2386K, capacity 2603K, committed 2688K, reserved 1048576K
}
Event: 3.866 GC heap before
{Heap before GC invocations=7 (full 0):
 garbage-first heap   total 131072K, used 46957K [0x0000000080000000, 0x0000000100000000)
  region size 1024K, 41 young (41984K), 4 survivors (4096K)
 Metaspace       used 23235K, capacity 23914K, committed 23984K, reserved 1071104K
  class space    used 2786K, capacity 3068K, committed 3072K, reserved 1048576K
}
Event: 3.880 GC heap after
{Heap after GC invocations=8 (full 0):
 garbage-first heap   total 131072K, used 10423K [0x0000000080000000, 0x0000000100000000)
  region size 1024K, 4 young (4096K), 4 survivors (4096K)
 Metaspace       used 23235K, capacity 23914K, committed 23984K, reserved 1071104K
  class space    used 2786K, capacity 3068K, committed 3072K, reserved 1048576K
}
Event: 6.160 GC heap before
{Heap before GC invocations=8 (full 0):
 garbage-first heap   total 131072K, used 83127K [0x0000000080000000, 0x0000000100000000)
  region size 1024K, 75 young (76800K), 4 survivors (4096K)
 Metaspace       used 32722K, capacity 33850K, committed 33968K, reserved 1079296K
  class space    used 4085K, capacity 4552K, committed 4608K, reserved 1048576K
}

