# JRE version: Java(TM) SE Runtime Environment 18.9 (11.0.16+11) (build 11.0.16+11-LTS-199)
# Java VM: Java HotSpot(TM) 64-Bit Server VM 18.9 (11.0.16+11-LTS-199, mixed mode, tiered, compressed oops, g1 gc, windows-amd64)
Heap:
 garbage-first heap   total 157696K, used 10070K [0x0000000080000000, 0x0000000100000000)
  region size 1024K, 5 young (5120K), 4 survivors (4096K)
 Metaspace       used 20537K, capacity 21283K, committed 21552K, reserved 1069056K
  class space    used 2317K, capacity 2606K, committed 2688K, reserved 1048576K
GC Heap History (10 events):
Event: 0.813 GC heap before
{Heap before GC invocations=1 (full 0):
 garbage-first heap   total 131072K, used 8503K [0x0000000080000000, 0x0000000100000000)
  region size 1024K, 6 young (6144K), 1 survivors (1024K)
 Metaspace       used 9891K, capacity 10006K, committed 10240K, reserved 1058816K
  class space    used 913K, capacity 962K, committed 1024K, reserved 1048576K
}
Event: 0.817 GC heap after
{Heap after GC invocations=2 (full 0):
 garbage-first heap   total 131072K, used 7720K [0x0000000080000000, 0x0000000100000000)
  region size 1024K, 1 young (1024K), 1 survivors (1024K)
 Metaspace       used 9891K, capacity 10006K, committed 10240K, reserved 1058816K
  class space    used 913K, capacity 962K, committed 1024K, reserved 1048576K
}
Event: 1.358 GC heap before
{Heap before GC invocations=2 (full 0):
 garbage-first heap   total 131072K, used 14888K [0x0000000080000000, 0x0000000100000000)
  region size 1024K, 9 young (9216K), 1 survivors (1024K)
 Metaspace       used 11343K, capacity 11584K, committed 11776K, reserved 1060864K
  class space    used 1093K, capacity 1216K, committed 1280K, reserved 1048576K
}
Event: 1.363 GC heap after
{Heap after GC invocations=3 (full 0):
 garbage-first heap   total 131072K, used 7690K [0x0000000080000000, 0x0000000100000000)
  region size 1024K, 1 young (1024K), 1 survivors (1024K)
 Metaspace       used 11343K, capacity 11584K, committed 11776K, reserved 1060864K
  class space    used 1093K, capacity 1216K, committed 1280K, reserved 1048576K
}
Event: 2.084 GC heap before
{Heap before GC invocations=3 (full 0):
 garbage-first heap   total 131072K, used 21002K [0x0000000080000000, 0x0000000100000000)
  region size 1024K, 14 young (14336K), 1 survivors (1024K)
 Metaspace       used 14102K, capacity 14589K, committed 14720K, reserved 1062912K
  class space    used 1471K, capacity 1656K, committed 1664K, reserved 1048576K
}
Event: 2.093 GC heap after
{Heap after GC invocations=4 (full 0):
 garbage-first heap   total 131072K, used 8202K [0x0000000080000000, 0x0000000100000000)
  region size 1024K, 2 young (2048K), 2 survivors (2048K)
 Metaspace       used 14102K, capacity 14589K, committed 14720K, reserved 1062912K
  class space    used 1471K, capacity 1656K, committed 1664K, reserved 1048576K
}
Event: 3.153 GC heap before
{Heap before GC invocations=4 (full 0):
 garbage-first heap   total 131072K, used 29706K [0x0000000080000000, 0x0000000100000000)
  region size 1024K, 23 young (23552K), 2 survivors (2048K)
 Metaspace       used 16853K, capacity 17420K, committed 17792K, reserved 1064960K
  class space    used 1815K, capacity 2050K, committed 2176K, reserved 1048576K
}
Event: 3.160 GC heap after
{Heap after GC invocations=5 (full 0):
 garbage-first heap   total 157696K, used 8908K [0x0000000080000000, 0x0000000100000000)
  region size 1024K, 3 young (3072K), 3 survivors (3072K)
 Metaspace       used 16853K, capacity 17420K, committed 17792K, reserved 1064960K
  class space    used 1815K, capacity 2050K, committed 2176K, reserved 1048576K
}
Event: 4.327 GC heap before
{Heap before GC invocations=5 (full 0):
 garbage-first heap   total 157696K, used 29388K [0x0000000080000000, 0x0000000100000000)
  region size 1024K, 24 young (24576K), 3 survivors (3072K)
 Metaspace       used 20474K, capacity 21145K, committed 21296K, reserved 1069056K
  class space    used 2298K, capacity 2603K, committed 2688K, reserved 1048576K
}
Event: 4.337 GC heap after
{Heap after GC invocations=6 (full 0):
 garbage-first heap   total 157696K, used 10070K [0x0000000080000000, 0x0000000100000000)
  region size 1024K, 4 young (4096K), 4 survivors (4096K)
 Metaspace       used 20474K, capacity 21145K, committed 21296K, reserved 1069056K
  class space    used 2298K, capacity 2603K, committed 2688K, reserved 1048576K
}

