# JRE version: Java(TM) SE Runtime Environment 18.9 (11.0.16+11) (build 11.0.16+11-LTS-199)
# Java VM: Java HotSpot(TM) 64-Bit Server VM 18.9 (11.0.16+11-LTS-199, mixed mode, tiered, compressed oops, g1 gc, windows-amd64)
Heap:
 garbage-first heap   total 131072K, used 23653K [0x0000000080000000, 0x0000000100000000)
  region size 1024K, 18 young (18432K), 2 survivors (2048K)
 Metaspace       used 16527K, capacity 17098K, committed 17408K, reserved 1064960K
  class space    used 1759K, capacity 1984K, committed 2048K, reserved 1048576K
GC Heap History (8 events):
Event: 0.648 GC heap before
{Heap before GC invocations=0 (full 0):
 garbage-first heap   total 131072K, used 7168K [0x0000000080000000, 0x0000000100000000)
  region size 1024K, 7 young (7168K), 0 survivors (0K)
 Metaspace       used 9041K, capacity 9181K, committed 9344K, reserved 1058816K
  class space    used 813K, capacity 876K, committed 896K, reserved 1048576K
}
Event: 0.662 GC heap after
{Heap after GC invocations=1 (full 0):
 garbage-first heap   total 131072K, used 3405K [0x0000000080000000, 0x0000000100000000)
  region size 1024K, 1 young (1024K), 1 survivors (1024K)
 Metaspace       used 9041K, capacity 9181K, committed 9344K, reserved 1058816K
  class space    used 813K, capacity 876K, committed 896K, reserved 1048576K
}
Event: 0.857 GC heap before
{Heap before GC invocations=1 (full 0):
 garbage-first heap   total 131072K, used 8525K [0x0000000080000000, 0x0000000100000000)
  region size 1024K, 6 young (6144K), 1 survivors (1024K)
 Metaspace       used 9895K, capacity 10006K, committed 10240K, reserved 1058816K
  class space    used 912K, capacity 962K, committed 1024K, reserved 1048576K
}
Event: 0.861 GC heap after
{Heap after GC invocations=2 (full 0):
 garbage-first heap   total 131072K, used 7510K [0x0000000080000000, 0x0000000100000000)
  region size 1024K, 1 young (1024K), 1 survivors (1024K)
 Metaspace       used 9895K, capacity 10006K, committed 10240K, reserved 1058816K
  class space    used 912K, capacity 962K, committed 1024K, reserved 1048576K
}
Event: 2.476 GC heap before
{Heap before GC invocations=2 (full 0):
 garbage-first heap   total 131072K, used 17750K [0x0000000080000000, 0x0000000100000000)
  region size 1024K, 11 young (11264K), 1 survivors (1024K)
 Metaspace       used 11791K, capacity 12093K, committed 12288K, reserved 1060864K
  class space    used 1152K, capacity 1261K, committed 1280K, reserved 1048576K
}
Event: 2.482 GC heap after
{Heap after GC invocations=3 (full 0):
 garbage-first heap   total 131072K, used 7633K [0x0000000080000000, 0x0000000100000000)
  region size 1024K, 2 young (2048K), 2 survivors (2048K)
 Metaspace       used 11791K, capacity 12093K, committed 12288K, reserved 1060864K
  class space    used 1152K, capacity 1261K, committed 1280K, reserved 1048576K
}
Event: 3.359 GC heap before
{Heap before GC invocations=3 (full 0):
 garbage-first heap   total 131072K, used 22993K [0x0000000080000000, 0x0000000100000000)
  region size 1024K, 17 young (17408K), 2 survivors (2048K)
 Metaspace       used 14585K, capacity 15031K, committed 15360K, reserved 1062912K
  class space    used 1521K, capacity 1698K, committed 1792K, reserved 1048576K
}
Event: 3.365 GC heap after
{Heap after GC invocations=4 (full 0):
 garbage-first heap   total 131072K, used 8293K [0x0000000080000000, 0x0000000100000000)
  region size 1024K, 2 young (2048K), 2 survivors (2048K)
 Metaspace       used 14585K, capacity 15031K, committed 15360K, reserved 1062912K
  class space    used 1521K, capacity 1698K, committed 1792K, reserved 1048576K
}

