# JRE version: Java(TM) SE Runtime Environment 18.9 (11.0.16+11) (build 11.0.16+11-LTS-199)
# Java VM: Java HotSpot(TM) 64-Bit Server VM 18.9 (11.0.16+11-LTS-199, mixed mode, tiered, compressed oops, g1 gc, windows-amd64)
Heap:
 garbage-first heap   total 157696K, used 48800K [0x0000000080000000, 0x0000000100000000)
  region size 1024K, 37 young (37888K), 9 survivors (9216K)
 Metaspace       used 31002K, capacity 31617K, committed 31744K, reserved 1077248K
  class space    used 3288K, capacity 3510K, committed 3584K, reserved 1048576K
GC Heap History (10 events):
Event: 1.154 GC heap before
{Heap before GC invocations=2 (full 0):
 garbage-first heap   total 131072K, used 15263K [0x0000000080000000, 0x0000000100000000)
  region size 1024K, 14 young (14336K), 1 survivors (1024K)
 Metaspace       used 12376K, capacity 12532K, committed 12672K, reserved 1060864K
  class space    used 1253K, capacity 1348K, committed 1408K, reserved 1048576K
}
Event: 1.158 GC heap after
{Heap after GC invocations=3 (full 0):
 garbage-first heap   total 131072K, used 3571K [0x0000000080000000, 0x0000000100000000)
  region size 1024K, 2 young (2048K), 2 survivors (2048K)
 Metaspace       used 12376K, capacity 12532K, committed 12672K, reserved 1060864K
  class space    used 1253K, capacity 1348K, committed 1408K, reserved 1048576K
}
Event: 1.664 GC heap before
{Heap before GC invocations=3 (full 0):
 garbage-first heap   total 131072K, used 23027K [0x0000000080000000, 0x0000000100000000)
  region size 1024K, 21 young (21504K), 2 survivors (2048K)
 Metaspace       used 14644K, capacity 14873K, committed 14976K, reserved 1062912K
  class space    used 1532K, capacity 1615K, committed 1664K, reserved 1048576K
}
Event: 1.669 GC heap after
{Heap after GC invocations=4 (full 0):
 garbage-first heap   total 131072K, used 4218K [0x0000000080000000, 0x0000000100000000)
  region size 1024K, 3 young (3072K), 3 survivors (3072K)
 Metaspace       used 14644K, capacity 14873K, committed 14976K, reserved 1062912K
  class space    used 1532K, capacity 1615K, committed 1664K, reserved 1048576K
}
Event: 2.992 GC heap before
{Heap before GC invocations=4 (full 0):
 garbage-first heap   total 131072K, used 36986K [0x0000000080000000, 0x0000000100000000)
  region size 1024K, 35 young (35840K), 3 survivors (3072K)
 Metaspace       used 19799K, capacity 20135K, committed 20224K, reserved 1067008K
  class space    used 2121K, capacity 2247K, committed 2304K, reserved 1048576K
}
Event: 3.008 GC heap after
{Heap after GC invocations=5 (full 0):
 garbage-first heap   total 157696K, used 7253K [0x0000000080000000, 0x0000000100000000)
  region size 1024K, 5 young (5120K), 5 survivors (5120K)
 Metaspace       used 19799K, capacity 20135K, committed 20224K, reserved 1067008K
  class space    used 2121K, capacity 2247K, committed 2304K, reserved 1048576K
}
Event: 4.414 GC heap before
{Heap before GC invocations=5 (full 0):
 garbage-first heap   total 157696K, used 60501K [0x0000000080000000, 0x0000000100000000)
  region size 1024K, 58 young (59392K), 5 survivors (5120K)
 Metaspace       used 20963K, capacity 21212K, committed 21248K, reserved 1069056K
  class space    used 2177K, capacity 2285K, committed 2304K, reserved 1048576K
}
Event: 4.437 GC heap after
{Heap after GC invocations=6 (full 0):
 garbage-first heap   total 157696K, used 12202K [0x0000000080000000, 0x0000000100000000)
  region size 1024K, 10 young (10240K), 10 survivors (10240K)
 Metaspace       used 20963K, capacity 21212K, committed 21248K, reserved 1069056K
  class space    used 2177K, capacity 2285K, committed 2304K, reserved 1048576K
}
Event: 10.629 GC heap before
{Heap before GC invocations=7 (full 0):
 garbage-first heap   total 157696K, used 73642K [0x0000000080000000, 0x0000000100000000)
  region size 1024K, 68 young (69632K), 10 survivors (10240K)
 Metaspace       used 30551K, capacity 31172K, committed 31488K, reserved 1077248K
  class space    used 3244K, capacity 3489K, committed 3584K, reserved 1048576K
}
Event: 10.696 GC heap after
{Heap after GC invocations=8 (full 0):
 garbage-first heap   total 157696K, used 20128K [0x0000000080000000, 0x0000000100000000)
  region size 1024K, 9 young (9216K), 9 survivors (9216K)
 Metaspace       used 30551K, capacity 31172K, committed 31488K, reserved 1077248K
  class space    used 3244K, capacity 3489K, committed 3584K, reserved 1048576K
}

