# JRE version: Java(TM) SE Runtime Environment 18.9 (11.0.16+11) (build 11.0.16+11-LTS-199)
# Java VM: Java HotSpot(TM) 64-Bit Server VM 18.9 (11.0.16+11-LTS-199, mixed mode, tiered, compressed oops, g1 gc, windows-amd64)
Heap:
 garbage-first heap   total 131072K, used 7395K [0x0000000080000000, 0x0000000100000000)
  region size 1024K, 2 young (2048K), 2 survivors (2048K)
 Metaspace       used 13812K, capacity 14110K, committed 14208K, reserved 1071104K
  class space    used 1484K, capacity 1617K, committed 1664K, reserved 1048576K
GC Heap History (8 events):
Event: 0.419 GC heap before
{Heap before GC invocations=0 (full 0):
 garbage-first heap   total 131072K, used 7168K [0x0000000080000000, 0x0000000100000000)
  region size 1024K, 7 young (7168K), 0 survivors (0K)
 Metaspace       used 4553K, capacity 4596K, committed 4864K, reserved 1056768K
  class space    used 406K, capacity 428K, committed 512K, reserved 1048576K
}
Event: 0.435 GC heap after
{Heap after GC invocations=1 (full 0):
 garbage-first heap   total 131072K, used 5054K [0x0000000080000000, 0x0000000100000000)
  region size 1024K, 1 young (1024K), 1 survivors (1024K)
 Metaspace       used 4553K, capacity 4596K, committed 4864K, reserved 1056768K
  class space    used 406K, capacity 428K, committed 512K, reserved 1048576K
}
Event: 0.711 GC heap before
{Heap before GC invocations=1 (full 0):
 garbage-first heap   total 131072K, used 10174K [0x0000000080000000, 0x0000000100000000)
  region size 1024K, 6 young (6144K), 1 survivors (1024K)
 Metaspace       used 8205K, capacity 8323K, committed 8576K, reserved 1056768K
  class space    used 750K, capacity 795K, committed 896K, reserved 1048576K
}
Event: 0.715 GC heap after
{Heap after GC invocations=2 (full 0):
 garbage-first heap   total 131072K, used 6004K [0x0000000080000000, 0x0000000100000000)
  region size 1024K, 1 young (1024K), 1 survivors (1024K)
 Metaspace       used 8205K, capacity 8323K, committed 8576K, reserved 1056768K
  class space    used 750K, capacity 795K, committed 896K, reserved 1048576K
}
Event: 0.961 GC heap before
{Heap before GC invocations=2 (full 0):
 garbage-first heap   total 131072K, used 16244K [0x0000000080000000, 0x0000000100000000)
  region size 1024K, 11 young (11264K), 1 survivors (1024K)
 Metaspace       used 10564K, capacity 10736K, committed 11008K, reserved 1058816K
  class space    used 1094K, capacity 1187K, committed 1280K, reserved 1048576K
}
Event: 0.966 GC heap after
{Heap after GC invocations=3 (full 0):
 garbage-first heap   total 131072K, used 6674K [0x0000000080000000, 0x0000000100000000)
  region size 1024K, 2 young (2048K), 2 survivors (2048K)
 Metaspace       used 10564K, capacity 10736K, committed 11008K, reserved 1058816K
  class space    used 1094K, capacity 1187K, committed 1280K, reserved 1048576K
}
Event: 1.522 GC heap before
{Heap before GC invocations=3 (full 0):
 garbage-first heap   total 131072K, used 18962K [0x0000000080000000, 0x0000000100000000)
  region size 1024K, 15 young (15360K), 2 survivors (2048K)
 Metaspace       used 13812K, capacity 14110K, committed 14208K, reserved 1069056K
  class space    used 1484K, capacity 1617K, committed 1664K, reserved 1048576K
}
Event: 1.536 GC heap after
{Heap after GC invocations=4 (full 0):
 garbage-first heap   total 131072K, used 7395K [0x0000000080000000, 0x0000000100000000)
  region size 1024K, 2 young (2048K), 2 survivors (2048K)
 Metaspace       used 13812K, capacity 14110K, committed 14208K, reserved 1069056K
  class space    used 1484K, capacity 1617K, committed 1664K, reserved 1048576K
}

