# JRE version: Java(TM) SE Runtime Environment 18.9 (11.0.16+11) (build 11.0.16+11-LTS-199)
# Java VM: Java HotSpot(TM) 64-Bit Server VM 18.9 (11.0.16+11-LTS-199, mixed mode, tiered, compressed oops, g1 gc, windows-amd64)
Heap:
 garbage-first heap   total 224256K, used 20571K [0x0000000080000000, 0x0000000100000000)
  region size 1024K, 12 young (12288K), 12 survivors (12288K)
 Metaspace       used 34623K, capacity 35843K, committed 35920K, reserved 1081344K
  class space    used 4397K, capacity 4915K, committed 4992K, reserved 1048576K
GC Heap History (10 events):
Event: 1.247 GC heap after
{Heap after GC invocations=4 (full 0):
 garbage-first heap   total 131072K, used 7520K [0x0000000080000000, 0x0000000100000000)
  region size 1024K, 2 young (2048K), 2 survivors (2048K)
 Metaspace       used 13542K, capacity 13817K, committed 13952K, reserved 1060864K
  class space    used 1447K, capacity 1583K, committed 1664K, reserved 1048576K
}
Event: 2.013 GC heap before
{Heap before GC invocations=4 (full 0):
 garbage-first heap   total 131072K, used 29024K [0x0000000080000000, 0x0000000100000000)
  region size 1024K, 24 young (24576K), 2 survivors (2048K)
 Metaspace       used 18072K, capacity 18626K, committed 18816K, reserved 1064960K
  class space    used 2090K, capacity 2306K, committed 2432K, reserved 1048576K
}
Event: 2.022 GC heap after
{Heap after GC invocations=5 (full 0):
 garbage-first heap   total 169984K, used 8552K [0x0000000080000000, 0x0000000100000000)
  region size 1024K, 3 young (3072K), 3 survivors (3072K)
 Metaspace       used 18072K, capacity 18626K, committed 18816K, reserved 1064960K
  class space    used 2090K, capacity 2306K, committed 2432K, reserved 1048576K
}
Event: 2.186 GC heap before
{Heap before GC invocations=5 (full 0):
 garbage-first heap   total 169984K, used 22888K [0x0000000080000000, 0x0000000100000000)
  region size 1024K, 18 young (18432K), 3 survivors (3072K)
 Metaspace       used 20571K, capacity 21161K, committed 21296K, reserved 1069056K
  class space    used 2410K, capacity 2647K, committed 2688K, reserved 1048576K
}
Event: 2.195 GC heap after
{Heap after GC invocations=6 (full 0):
 garbage-first heap   total 169984K, used 9044K [0x0000000080000000, 0x0000000100000000)
  region size 1024K, 3 young (3072K), 3 survivors (3072K)
 Metaspace       used 20571K, capacity 21161K, committed 21296K, reserved 1069056K
  class space    used 2410K, capacity 2647K, committed 2688K, reserved 1048576K
}
Event: 3.127 GC heap before
{Heap before GC invocations=7 (full 0):
 garbage-first heap   total 169984K, used 57172K [0x0000000080000000, 0x0000000100000000)
  region size 1024K, 50 young (51200K), 3 survivors (3072K)
 Metaspace       used 23297K, capacity 24020K, committed 24240K, reserved 1071104K
  class space    used 2782K, capacity 3059K, committed 3072K, reserved 1048576K
}
Event: 3.142 GC heap after
{Heap after GC invocations=8 (full 0):
 garbage-first heap   total 169984K, used 11623K [0x0000000080000000, 0x0000000100000000)
  region size 1024K, 6 young (6144K), 6 survivors (6144K)
 Metaspace       used 23297K, capacity 24020K, committed 24240K, reserved 1071104K
  class space    used 2782K, capacity 3059K, committed 3072K, reserved 1048576K
}
Event: 4.291 GC heap before
{Heap before GC invocations=8 (full 0):
 garbage-first heap   total 169984K, used 75111K [0x0000000080000000, 0x0000000100000000)
  region size 1024K, 68 young (69632K), 6 survivors (6144K)
 Metaspace       used 28796K, capacity 29705K, committed 30000K, reserved 1075200K
  class space    used 3587K, capacity 3925K, committed 3968K, reserved 1048576K
}
Event: 4.316 GC heap after
{Heap after GC invocations=9 (full 0):
 garbage-first heap   total 169984K, used 14866K [0x0000000080000000, 0x0000000100000000)
  region size 1024K, 8 young (8192K), 8 survivors (8192K)
 Metaspace       used 28796K, capacity 29705K, committed 30000K, reserved 1075200K
  class space    used 3587K, capacity 3925K, committed 3968K, reserved 1048576K
}
Event: 5.881 GC heap before
{Heap before GC invocations=9 (full 0):
 garbage-first heap   total 169984K, used 103954K [0x0000000080000000, 0x0000000100000000)
  region size 1024K, 91 young (93184K), 8 survivors (8192K)
 Metaspace       used 34623K, capacity 35843K, committed 35920K, reserved 1081344K
  class space    used 4397K, capacity 4915K, committed 4992K, reserved 1048576K
}

