# JRE version: Java(TM) SE Runtime Environment 18.9 (11.0.16+11) (build 11.0.16+11-LTS-199)
# Java VM: Java HotSpot(TM) 64-Bit Server VM 18.9 (11.0.16+11-LTS-199, mixed mode, tiered, compressed oops, g1 gc, windows-amd64)
Heap:
 garbage-first heap   total 196608K, used 30208K [0x0000000080000000, 0x0000000100000000)
  region size 1024K, 9 young (9216K), 9 survivors (9216K)
 Metaspace       used 34807K, capacity 35755K, committed 35888K, reserved 1081344K
  class space    used 3963K, capacity 4366K, committed 4480K, reserved 1048576K
GC Heap History (10 events):
Event: 4.885 GC heap after
{Heap after GC invocations=7 (full 0):
 garbage-first heap   total 131072K, used 12928K [0x0000000080000000, 0x0000000100000000)
  region size 1024K, 6 young (6144K), 6 survivors (6144K)
 Metaspace       used 19287K, capacity 19896K, committed 20096K, reserved 1067008K
  class space    used 1948K, capacity 2161K, committed 2176K, reserved 1048576K
}
Event: 6.288 GC heap before
{Heap before GC invocations=7 (full 0):
 garbage-first heap   total 131072K, used 36480K [0x0000000080000000, 0x0000000100000000)
  region size 1024K, 30 young (30720K), 6 survivors (6144K)
 Metaspace       used 20563K, capacity 21157K, committed 21296K, reserved 1069056K
  class space    used 2112K, capacity 2350K, committed 2432K, reserved 1048576K
}
Event: 6.301 GC heap after
{Heap after GC invocations=8 (full 0):
 garbage-first heap   total 163840K, used 14568K [0x0000000080000000, 0x0000000100000000)
  region size 1024K, 6 young (6144K), 6 survivors (6144K)
 Metaspace       used 20563K, capacity 21157K, committed 21296K, reserved 1069056K
  class space    used 2112K, capacity 2350K, committed 2432K, reserved 1048576K
}
Event: 7.579 GC heap before
{Heap before GC invocations=9 (full 0):
 garbage-first heap   total 163840K, used 77032K [0x0000000080000000, 0x0000000100000000)
  region size 1024K, 67 young (68608K), 6 survivors (6144K)
 Metaspace       used 24340K, capacity 25116K, committed 25264K, reserved 1071104K
  class space    used 2617K, capacity 2960K, committed 3072K, reserved 1048576K
}
Event: 7.595 GC heap after
{Heap after GC invocations=10 (full 0):
 garbage-first heap   total 163840K, used 17554K [0x0000000080000000, 0x0000000100000000)
  region size 1024K, 8 young (8192K), 8 survivors (8192K)
 Metaspace       used 24340K, capacity 25116K, committed 25264K, reserved 1071104K
  class space    used 2617K, capacity 2960K, committed 3072K, reserved 1048576K
}
Event: 8.811 GC heap before
{Heap before GC invocations=10 (full 0):
 garbage-first heap   total 163840K, used 92306K [0x0000000080000000, 0x0000000100000000)
  region size 1024K, 82 young (83968K), 8 survivors (8192K)
 Metaspace       used 28107K, capacity 28987K, committed 29232K, reserved 1075200K
  class space    used 3014K, capacity 3383K, committed 3456K, reserved 1048576K
}
Event: 8.830 GC heap after
{Heap after GC invocations=11 (full 0):
 garbage-first heap   total 163840K, used 22094K [0x0000000080000000, 0x0000000100000000)
  region size 1024K, 9 young (9216K), 9 survivors (9216K)
 Metaspace       used 28107K, capacity 28987K, committed 29232K, reserved 1075200K
  class space    used 3014K, capacity 3383K, committed 3456K, reserved 1048576K
}
Event: 10.387 GC heap before
{Heap before GC invocations=11 (full 0):
 garbage-first heap   total 163840K, used 102990K [0x0000000080000000, 0x0000000100000000)
  region size 1024K, 88 young (90112K), 9 survivors (9216K)
 Metaspace       used 31962K, capacity 32927K, committed 33072K, reserved 1079296K
  class space    used 3453K, capacity 3851K, committed 3968K, reserved 1048576K
}
Event: 10.406 GC heap after
{Heap after GC invocations=12 (full 0):
 garbage-first heap   total 163840K, used 25118K [0x0000000080000000, 0x0000000100000000)
  region size 1024K, 8 young (8192K), 8 survivors (8192K)
 Metaspace       used 31962K, capacity 32927K, committed 33072K, reserved 1079296K
  class space    used 3453K, capacity 3851K, committed 3968K, reserved 1048576K
}
Event: 11.326 GC heap before
{Heap before GC invocations=12 (full 0):
 garbage-first heap   total 163840K, used 81438K [0x0000000080000000, 0x0000000100000000)
  region size 1024K, 64 young (65536K), 8 survivors (8192K)
 Metaspace       used 34807K, capacity 35755K, committed 35888K, reserved 1081344K
  class space    used 3963K, capacity 4366K, committed 4480K, reserved 1048576K
}

