# JRE version: Java(TM) SE Runtime Environment 18.9 (11.0.16+11) (build 11.0.16+11-LTS-199)
# Java VM: Java HotSpot(TM) 64-Bit Server VM 18.9 (11.0.16+11-LTS-199, mixed mode, tiered, compressed oops, g1 gc, windows-amd64)
Heap:
 garbage-first heap   total 326656K, used 14433K [0x0000000700000000, 0x0000000800000000)
  region size 1024K, 9 young (9216K), 9 survivors (9216K)
 Metaspace       used 34589K, capacity 35814K, committed 35920K, reserved 1081344K
  class space    used 4125K, capacity 4657K, committed 4736K, reserved 1048576K
GC Heap History (10 events):
Event: 0.781 GC heap after
{Heap after GC invocations=1 (full 0):
 garbage-first heap   total 262144K, used 5193K [0x0000000700000000, 0x0000000800000000)
  region size 1024K, 2 young (2048K), 2 survivors (2048K)
 Metaspace       used 10552K, capacity 10787K, committed 10880K, reserved 1058816K
  class space    used 996K, capacity 1098K, committed 1152K, reserved 1048576K
}
Event: 1.216 GC heap before
{Heap before GC invocations=1 (full 0):
 garbage-first heap   total 262144K, used 14409K [0x0000000700000000, 0x0000000800000000)
  region size 1024K, 12 young (12288K), 2 survivors (2048K)
 Metaspace       used 12663K, capacity 13089K, committed 13312K, reserved 1060864K
  class space    used 1299K, capacity 1476K, committed 1536K, reserved 1048576K
}
Event: 1.221 GC heap after
{Heap after GC invocations=2 (full 0):
 garbage-first heap   total 262144K, used 5687K [0x0000000700000000, 0x0000000800000000)
  region size 1024K, 1 young (1024K), 1 survivors (1024K)
 Metaspace       used 12663K, capacity 13089K, committed 13312K, reserved 1060864K
  class space    used 1299K, capacity 1476K, committed 1536K, reserved 1048576K
}
Event: 1.929 GC heap before
{Heap before GC invocations=2 (full 0):
 garbage-first heap   total 262144K, used 32311K [0x0000000700000000, 0x0000000800000000)
  region size 1024K, 27 young (27648K), 1 survivors (1024K)
 Metaspace       used 17664K, capacity 18248K, committed 18560K, reserved 1064960K
  class space    used 1896K, capacity 2116K, committed 2176K, reserved 1048576K
}
Event: 1.934 GC heap after
{Heap after GC invocations=3 (full 0):
 garbage-first heap   total 262144K, used 6706K [0x0000000700000000, 0x0000000800000000)
  region size 1024K, 2 young (2048K), 2 survivors (2048K)
 Metaspace       used 17664K, capacity 18248K, committed 18560K, reserved 1064960K
  class space    used 1896K, capacity 2116K, committed 2176K, reserved 1048576K
}
Event: 2.438 GC heap before
{Heap before GC invocations=3 (full 0):
 garbage-first heap   total 262144K, used 27186K [0x0000000700000000, 0x0000000800000000)
  region size 1024K, 23 young (23552K), 2 survivors (2048K)
 Metaspace       used 20487K, capacity 21142K, committed 21296K, reserved 1069056K
  class space    used 2302K, capacity 2603K, committed 2688K, reserved 1048576K
}
Event: 2.448 GC heap after
{Heap after GC invocations=4 (full 0):
 garbage-first heap   total 262144K, used 7678K [0x0000000700000000, 0x0000000800000000)
  region size 1024K, 3 young (3072K), 3 survivors (3072K)
 Metaspace       used 20487K, capacity 21142K, committed 21296K, reserved 1069056K
  class space    used 2302K, capacity 2603K, committed 2688K, reserved 1048576K
}
Event: 3.753 GC heap before
{Heap before GC invocations=5 (full 0):
 garbage-first heap   total 262144K, used 60926K [0x0000000700000000, 0x0000000800000000)
  region size 1024K, 56 young (57344K), 3 survivors (3072K)
 Metaspace       used 28198K, capacity 29055K, committed 29232K, reserved 1075200K
  class space    used 3288K, capacity 3651K, committed 3712K, reserved 1048576K
}
Event: 3.764 GC heap after
{Heap after GC invocations=6 (full 0):
 garbage-first heap   total 262144K, used 9726K [0x0000000700000000, 0x0000000800000000)
  region size 1024K, 5 young (5120K), 5 survivors (5120K)
 Metaspace       used 28198K, capacity 29055K, committed 29232K, reserved 1075200K
  class space    used 3288K, capacity 3651K, committed 3712K, reserved 1048576K
}
Event: 5.882 GC heap before
{Heap before GC invocations=6 (full 0):
 garbage-first heap   total 262144K, used 93694K [0x0000000700000000, 0x0000000800000000)
  region size 1024K, 88 young (90112K), 5 survivors (5120K)
 Metaspace       used 34589K, capacity 35814K, committed 35920K, reserved 1081344K
  class space    used 4125K, capacity 4657K, committed 4736K, reserved 1048576K
}

