# JRE version: Java(TM) SE Runtime Environment 18.9 (11.0.16+11) (build 11.0.16+11-LTS-199)
# Java VM: Java HotSpot(TM) 64-Bit Server VM 18.9 (11.0.16+11-LTS-199, mixed mode, tiered, compressed oops, g1 gc, windows-amd64)
Heap:
 garbage-first heap   total 157696K, used 7444K [0x0000000080000000, 0x0000000100000000)
  region size 1024K, 4 young (4096K), 4 survivors (4096K)
 Metaspace       used 20669K, capacity 21214K, committed 21296K, reserved 1069056K
  class space    used 2428K, capacity 2661K, committed 2688K, reserved 1048576K
GC Heap History (9 events):
Event: 0.874 GC heap before
{Heap before GC invocations=0 (full 0):
 garbage-first heap   total 131072K, used 6144K [0x0000000080000000, 0x0000000100000000)
  region size 1024K, 7 young (7168K), 0 survivors (0K)
 Metaspace       used 7553K, capacity 7679K, committed 7936K, reserved 1056768K
  class space    used 678K, capacity 729K, committed 768K, reserved 1048576K
}
Event: 0.888 GC heap after
{Heap after GC invocations=1 (full 0):
 garbage-first heap   total 131072K, used 3552K [0x0000000080000000, 0x0000000100000000)
  region size 1024K, 1 young (1024K), 1 survivors (1024K)
 Metaspace       used 7553K, capacity 7679K, committed 7936K, reserved 1056768K
  class space    used 678K, capacity 729K, committed 768K, reserved 1048576K
}
Event: 1.489 GC heap before
{Heap before GC invocations=1 (full 0):
 garbage-first heap   total 131072K, used 8672K [0x0000000080000000, 0x0000000100000000)
  region size 1024K, 6 young (6144K), 1 survivors (1024K)
 Metaspace       used 9477K, capacity 9625K, committed 9728K, reserved 1058816K
  class space    used 925K, capacity 956K, committed 1024K, reserved 1048576K
}
Event: 1.496 GC heap after
{Heap after GC invocations=2 (full 0):
 garbage-first heap   total 131072K, used 4074K [0x0000000080000000, 0x0000000100000000)
  region size 1024K, 1 young (1024K), 1 survivors (1024K)
 Metaspace       used 9477K, capacity 9625K, committed 9728K, reserved 1058816K
  class space    used 925K, capacity 956K, committed 1024K, reserved 1048576K
}
Event: 2.126 GC heap before
{Heap before GC invocations=2 (full 0):
 garbage-first heap   total 131072K, used 15338K [0x0000000080000000, 0x0000000100000000)
  region size 1024K, 12 young (12288K), 1 survivors (1024K)
 Metaspace       used 13503K, capacity 13817K, committed 13952K, reserved 1060864K
  class space    used 1463K, capacity 1603K, committed 1664K, reserved 1048576K
}
Event: 2.131 GC heap after
{Heap after GC invocations=3 (full 0):
 garbage-first heap   total 131072K, used 5026K [0x0000000080000000, 0x0000000100000000)
  region size 1024K, 2 young (2048K), 2 survivors (2048K)
 Metaspace       used 13503K, capacity 13817K, committed 13952K, reserved 1060864K
  class space    used 1463K, capacity 1603K, committed 1664K, reserved 1048576K
}
Event: 2.714 GC heap before
{Heap before GC invocations=3 (full 0):
 garbage-first heap   total 131072K, used 22434K [0x0000000080000000, 0x0000000100000000)
  region size 1024K, 19 young (19456K), 2 survivors (2048K)
 Metaspace       used 17494K, capacity 17947K, committed 18176K, reserved 1064960K
  class space    used 1993K, capacity 2204K, committed 2304K, reserved 1048576K
}
Event: 2.722 GC heap after
{Heap after GC invocations=4 (full 0):
 garbage-first heap   total 131072K, used 5983K [0x0000000080000000, 0x0000000100000000)
  region size 1024K, 3 young (3072K), 3 survivors (3072K)
 Metaspace       used 17494K, capacity 17947K, committed 18176K, reserved 1064960K
  class space    used 1993K, capacity 2204K, committed 2304K, reserved 1048576K
}
Event: 3.308 GC heap before
{Heap before GC invocations=4 (full 0):
 garbage-first heap   total 131072K, used 27487K [0x0000000080000000, 0x0000000100000000)
  region size 1024K, 25 young (25600K), 3 survivors (3072K)
 Metaspace       used 20669K, capacity 21214K, committed 21296K, reserved 1069056K
  class space    used 2428K, capacity 2661K, committed 2688K, reserved 1048576K
}

