# JRE version: OpenJDK Runtime Environment Corretto-11.0.17.8.1 (11.0.17+8) (build 11.0.17+8-LTS)
# Java VM: OpenJDK 64-Bit Server VM Corretto-11.0.17.8.1 (11.0.17+8-LTS, mixed mode, tiered, compressed oops, g1 gc, windows-amd64)
Heap:
 garbage-first heap   total 315392K, used 23554K [0x0000000700000000, 0x0000000800000000)
  region size 1024K, 15 young (15360K), 14 survivors (14336K)
 Metaspace       used 58764K, capacity 60045K, committed 60288K, reserved 1101824K
  class space    used 7425K, capacity 7941K, committed 8064K, reserved 1048576K
GC Heap History (16 events):
Event: 0.784 GC heap before
{Heap before GC invocations=0 (full 0):
 garbage-first heap   total 262144K, used 14336K [0x0000000700000000, 0x0000000800000000)
  region size 1024K, 14 young (14336K), 0 survivors (0K)
 Metaspace       used 9213K, capacity 9320K, committed 9600K, reserved 1058816K
  class space    used 835K, capacity 869K, committed 896K, reserved 1048576K
}
Event: 0.793 GC heap after
{Heap after GC invocations=1 (full 0):
 garbage-first heap   total 262144K, used 6884K [0x0000000700000000, 0x0000000800000000)
  region size 1024K, 2 young (2048K), 2 survivors (2048K)
 Metaspace       used 9213K, capacity 9320K, committed 9600K, reserved 1058816K
  class space    used 835K, capacity 869K, committed 896K, reserved 1048576K
}
Event: 1.388 GC heap before
{Heap before GC invocations=1 (full 0):
 garbage-first heap   total 262144K, used 27364K [0x0000000700000000, 0x0000000800000000)
  region size 1024K, 22 young (22528K), 2 survivors (2048K)
 Metaspace       used 12760K, capacity 13001K, committed 13184K, reserved 1060864K
  class space    used 1237K, capacity 1310K, committed 1408K, reserved 1048576K
}
Event: 1.393 GC heap after
{Heap after GC invocations=2 (full 0):
 garbage-first heap   total 262144K, used 8170K [0x0000000700000000, 0x0000000800000000)
  region size 1024K, 2 young (2048K), 2 survivors (2048K)
 Metaspace       used 12760K, capacity 13001K, committed 13184K, reserved 1060864K
  class space    used 1237K, capacity 1310K, committed 1408K, reserved 1048576K
}
Event: 2.198 GC heap before
{Heap before GC invocations=2 (full 0):
 garbage-first heap   total 262144K, used 35818K [0x0000000700000000, 0x0000000800000000)
  region size 1024K, 29 young (29696K), 2 survivors (2048K)
 Metaspace       used 18269K, capacity 18645K, committed 18688K, reserved 1067008K
  class space    used 1915K, capacity 2048K, committed 2048K, reserved 1048576K
}
Event: 2.205 GC heap after
{Heap after GC invocations=3 (full 0):
 garbage-first heap   total 262144K, used 9498K [0x0000000700000000, 0x0000000800000000)
  region size 1024K, 3 young (3072K), 3 survivors (3072K)
 Metaspace       used 18269K, capacity 18645K, committed 18688K, reserved 1067008K
  class space    used 1915K, capacity 2048K, committed 2048K, reserved 1048576K
}
Event: 2.606 GC heap before
{Heap before GC invocations=3 (full 0):
 garbage-first heap   total 262144K, used 22810K [0x0000000700000000, 0x0000000800000000)
  region size 1024K, 17 young (17408K), 3 survivors (3072K)
 Metaspace       used 20597K, capacity 21084K, committed 21248K, reserved 1069056K
  class space    used 2233K, capacity 2437K, committed 2560K, reserved 1048576K
}
Event: 2.614 GC heap after
{Heap after GC invocations=4 (full 0):
 garbage-first heap   total 262144K, used 10121K [0x0000000700000000, 0x0000000800000000)
  region size 1024K, 4 young (4096K), 4 survivors (4096K)
 Metaspace       used 20597K, capacity 21084K, committed 21248K, reserved 1069056K
  class space    used 2233K, capacity 2437K, committed 2560K, reserved 1048576K
}
Event: 3.796 GC heap before
{Heap before GC invocations=5 (full 0):
 garbage-first heap   total 262144K, used 68489K [0x0000000700000000, 0x0000000800000000)
  region size 1024K, 61 young (62464K), 4 survivors (4096K)
 Metaspace       used 28021K, capacity 28723K, committed 28800K, reserved 1075200K
  class space    used 3117K, capacity 3410K, committed 3456K, reserved 1048576K
}
Event: 3.809 GC heap after
{Heap after GC invocations=6 (full 0):
 garbage-first heap   total 315392K, used 12527K [0x0000000700000000, 0x0000000800000000)
  region size 1024K, 6 young (6144K), 6 survivors (6144K)
 Metaspace       used 28021K, capacity 28723K, committed 28800K, reserved 1075200K
  class space    used 3117K, capacity 3410K, committed 3456K, reserved 1048576K
}
Event: 5.490 GC heap before
{Heap before GC invocations=6 (full 0):
 garbage-first heap   total 315392K, used 83183K [0x0000000700000000, 0x0000000800000000)
  region size 1024K, 76 young (77824K), 6 survivors (6144K)
 Metaspace       used 34875K, capacity 35742K, committed 35840K, reserved 1081344K
  class space    used 4179K, capacity 4517K, committed 4608K, reserved 1048576K
}
Event: 5.510 GC heap after
{Heap after GC invocations=7 (full 0):
 garbage-first heap   total 315392K, used 14711K [0x0000000700000000, 0x0000000800000000)
  region size 1024K, 8 young (8192K), 8 survivors (8192K)
 Metaspace       used 34875K, capacity 35742K, committed 35840K, reserved 1081344K
  class space    used 4179K, capacity 4517K, committed 4608K, reserved 1048576K
}
Event: 9.190 GC heap before
{Heap before GC invocations=8 (full 0):
 garbage-first heap   total 315392K, used 150903K [0x0000000700000000, 0x0000000800000000)
  region size 1024K, 141 young (144384K), 8 survivors (8192K)
 Metaspace       used 55225K, capacity 56395K, committed 56704K, reserved 1097728K
  class space    used 6959K, capacity 7437K, committed 7552K, reserved 1048576K
}
Event: 9.223 GC heap after
{Heap after GC invocations=9 (full 0):
 garbage-first heap   total 315392K, used 21134K [0x0000000700000000, 0x0000000800000000)
  region size 1024K, 14 young (14336K), 14 survivors (14336K)
 Metaspace       used 55225K, capacity 56395K, committed 56704K, reserved 1097728K
  class space    used 6959K, capacity 7437K, committed 7552K, reserved 1048576K
}
Event: 10.308 GC heap before
{Heap before GC invocations=9 (full 0):
 garbage-first heap   total 315392K, used 62094K [0x0000000700000000, 0x0000000800000000)
  region size 1024K, 55 young (56320K), 14 survivors (14336K)
 Metaspace       used 58762K, capacity 60013K, committed 60160K, reserved 1101824K
  class space    used 7424K, capacity 7909K, committed 7936K, reserved 1048576K
}
Event: 10.344 GC heap after
{Heap after GC invocations=10 (full 0):
 garbage-first heap   total 315392K, used 23554K [0x0000000700000000, 0x0000000800000000)
  region size 1024K, 14 young (14336K), 14 survivors (14336K)
 Metaspace       used 58762K, capacity 60013K, committed 60160K, reserved 1101824K
  class space    used 7424K, capacity 7909K, committed 7936K, reserved 1048576K
}

