# JRE version: OpenJDK Runtime Environment Corretto-11.0.17.8.1 (11.0.17+8) (build 11.0.17+8-LTS)
# Java VM: OpenJDK 64-Bit Server VM Corretto-11.0.17.8.1 (11.0.17+8-LTS, mixed mode, tiered, compressed oops, g1 gc, windows-amd64)
Heap:
 garbage-first heap   total 315392K, used 45158K [0x0000000700000000, 0x0000000800000000)
  region size 1024K, 36 young (36864K), 13 survivors (13312K)
 Metaspace       used 59622K, capacity 61015K, committed 61132K, reserved 1101824K
  class space    used 7591K, capacity 8137K, committed 8192K, reserved 1048576K
GC Heap History (14 events):
Event: 0.825 GC heap before
{Heap before GC invocations=0 (full 0):
 garbage-first heap   total 262144K, used 14336K [0x0000000700000000, 0x0000000800000000)
  region size 1024K, 14 young (14336K), 0 survivors (0K)
 Metaspace       used 9105K, capacity 9212K, committed 9344K, reserved 1058816K
  class space    used 828K, capacity 876K, committed 896K, reserved 1048576K
}
Event: 0.831 GC heap after
{Heap after GC invocations=1 (full 0):
 garbage-first heap   total 262144K, used 6348K [0x0000000700000000, 0x0000000800000000)
  region size 1024K, 2 young (2048K), 2 survivors (2048K)
 Metaspace       used 9105K, capacity 9212K, committed 9344K, reserved 1058816K
  class space    used 828K, capacity 876K, committed 896K, reserved 1048576K
}
Event: 2.589 GC heap before
{Heap before GC invocations=1 (full 0):
 garbage-first heap   total 262144K, used 66764K [0x0000000700000000, 0x0000000800000000)
  region size 1024K, 62 young (63488K), 2 survivors (2048K)
 Metaspace       used 20612K, capacity 21124K, committed 21248K, reserved 1069056K
  class space    used 2238K, capacity 2473K, committed 2560K, reserved 1048576K
}
Event: 2.607 GC heap after
{Heap after GC invocations=2 (full 0):
 garbage-first heap   total 262144K, used 9726K [0x0000000700000000, 0x0000000800000000)
  region size 1024K, 6 young (6144K), 6 survivors (6144K)
 Metaspace       used 20612K, capacity 21124K, committed 21248K, reserved 1069056K
  class space    used 2238K, capacity 2473K, committed 2560K, reserved 1048576K
}
Event: 3.211 GC heap before
{Heap before GC invocations=3 (full 0):
 garbage-first heap   total 262144K, used 47614K [0x0000000700000000, 0x0000000800000000)
  region size 1024K, 44 young (45056K), 6 survivors (6144K)
 Metaspace       used 26458K, capacity 27107K, committed 27392K, reserved 1073152K
  class space    used 2964K, capacity 3236K, committed 3328K, reserved 1048576K
}
Event: 3.223 GC heap after
{Heap after GC invocations=4 (full 0):
 garbage-first heap   total 262144K, used 11246K [0x0000000700000000, 0x0000000800000000)
  region size 1024K, 2 young (2048K), 2 survivors (2048K)
 Metaspace       used 26458K, capacity 27107K, committed 27392K, reserved 1073152K
  class space    used 2964K, capacity 3236K, committed 3328K, reserved 1048576K
}
Event: 5.122 GC heap before
{Heap before GC invocations=4 (full 0):
 garbage-first heap   total 262144K, used 80878K [0x0000000700000000, 0x0000000800000000)
  region size 1024K, 70 young (71680K), 2 survivors (2048K)
 Metaspace       used 32731K, capacity 33611K, committed 33792K, reserved 1079296K
  class space    used 3754K, capacity 4086K, committed 4096K, reserved 1048576K
}
Event: 5.133 GC heap after
{Heap after GC invocations=5 (full 0):
 garbage-first heap   total 262144K, used 13743K [0x0000000700000000, 0x0000000800000000)
  region size 1024K, 5 young (5120K), 5 survivors (5120K)
 Metaspace       used 32731K, capacity 33611K, committed 33792K, reserved 1079296K
  class space    used 3754K, capacity 4086K, committed 4096K, reserved 1048576K
}
Event: 5.473 GC heap before
{Heap before GC invocations=5 (full 0):
 garbage-first heap   total 262144K, used 35247K [0x0000000700000000, 0x0000000800000000)
  region size 1024K, 27 young (27648K), 5 survivors (5120K)
 Metaspace       used 34870K, capacity 35741K, committed 35840K, reserved 1081344K
  class space    used 4180K, capacity 4517K, committed 4608K, reserved 1048576K
}
Event: 5.487 GC heap after
{Heap after GC invocations=6 (full 0):
 garbage-first heap   total 315392K, used 14137K [0x0000000700000000, 0x0000000800000000)
  region size 1024K, 5 young (5120K), 5 survivors (5120K)
 Metaspace       used 34870K, capacity 35741K, committed 35840K, reserved 1081344K
  class space    used 4180K, capacity 4517K, committed 4608K, reserved 1048576K
}
Event: 8.115 GC heap before
{Heap before GC invocations=7 (full 0):
 garbage-first heap   total 315392K, used 117561K [0x0000000700000000, 0x0000000800000000)
  region size 1024K, 106 young (108544K), 5 survivors (5120K)
 Metaspace       used 50246K, capacity 51404K, committed 51712K, reserved 1093632K
  class space    used 6350K, capacity 6799K, committed 6912K, reserved 1048576K
}
Event: 8.133 GC heap after
{Heap after GC invocations=8 (full 0):
 garbage-first heap   total 315392K, used 19744K [0x0000000700000000, 0x0000000800000000)
  region size 1024K, 10 young (10240K), 10 survivors (10240K)
 Metaspace       used 50246K, capacity 51404K, committed 51712K, reserved 1093632K
  class space    used 6350K, capacity 6799K, committed 6912K, reserved 1048576K
}
Event: 10.234 GC heap before
{Heap before GC invocations=8 (full 0):
 garbage-first heap   total 315392K, used 95520K [0x0000000700000000, 0x0000000800000000)
  region size 1024K, 85 young (87040K), 10 survivors (10240K)
 Metaspace       used 58783K, capacity 60012K, committed 60160K, reserved 1101824K
  class space    used 7421K, capacity 7909K, committed 7936K, reserved 1048576K
}
Event: 10.261 GC heap after
{Heap after GC invocations=9 (full 0):
 garbage-first heap   total 315392K, used 22630K [0x0000000700000000, 0x0000000800000000)
  region size 1024K, 13 young (13312K), 13 survivors (13312K)
 Metaspace       used 58783K, capacity 60012K, committed 60160K, reserved 1101824K
  class space    used 7421K, capacity 7909K, committed 7936K, reserved 1048576K
}

