# JRE version: Java(TM) SE Runtime Environment 18.9 (11.0.16+11) (build 11.0.16+11-LTS-199)
# Java VM: Java HotSpot(TM) 64-Bit Server VM 18.9 (11.0.16+11-LTS-199, mixed mode, tiered, compressed oops, g1 gc, windows-amd64)
Heap:
 garbage-first heap   total 262144K, used 28980K [0x0000000700000000, 0x0000000800000000)
  region size 1024K, 23 young (23552K), 2 survivors (2048K)
 Metaspace       used 20378K, capacity 21065K, committed 21296K, reserved 1069056K
  class space    used 2291K, capacity 2598K, committed 2688K, reserved 1048576K
GC Heap History (6 events):
Event: 0.698 GC heap before
{Heap before GC invocations=0 (full 0):
 garbage-first heap   total 262144K, used 14336K [0x0000000700000000, 0x0000000800000000)
  region size 1024K, 14 young (14336K), 0 survivors (0K)
 Metaspace       used 10128K, capacity 10373K, committed 10624K, reserved 1058816K
  class space    used 945K, capacity 1044K, committed 1152K, reserved 1048576K
}
Event: 0.728 GC heap after
{Heap after GC invocations=1 (full 0):
 garbage-first heap   total 262144K, used 7454K [0x0000000700000000, 0x0000000800000000)
  region size 1024K, 2 young (2048K), 2 survivors (2048K)
 Metaspace       used 10128K, capacity 10373K, committed 10624K, reserved 1058816K
  class space    used 945K, capacity 1044K, committed 1152K, reserved 1048576K
}
Event: 1.147 GC heap before
{Heap before GC invocations=1 (full 0):
 garbage-first heap   total 262144K, used 17694K [0x0000000700000000, 0x0000000800000000)
  region size 1024K, 12 young (12288K), 2 survivors (2048K)
 Metaspace       used 11960K, capacity 12292K, committed 12416K, reserved 1060864K
  class space    used 1183K, capacity 1332K, committed 1408K, reserved 1048576K
}
Event: 1.152 GC heap after
{Heap after GC invocations=2 (full 0):
 garbage-first heap   total 262144K, used 7473K [0x0000000700000000, 0x0000000800000000)
  region size 1024K, 1 young (1024K), 1 survivors (1024K)
 Metaspace       used 11960K, capacity 12292K, committed 12416K, reserved 1060864K
  class space    used 1183K, capacity 1332K, committed 1408K, reserved 1048576K
}
Event: 2.072 GC heap before
{Heap before GC invocations=2 (full 0):
 garbage-first heap   total 262144K, used 39217K [0x0000000700000000, 0x0000000800000000)
  region size 1024K, 32 young (32768K), 1 survivors (1024K)
 Metaspace       used 16892K, capacity 17405K, committed 17408K, reserved 1064960K
  class space    used 1816K, capacity 2047K, committed 2048K, reserved 1048576K
}
Event: 2.076 GC heap after
{Heap after GC invocations=3 (full 0):
 garbage-first heap   total 262144K, used 8500K [0x0000000700000000, 0x0000000800000000)
  region size 1024K, 2 young (2048K), 2 survivors (2048K)
 Metaspace       used 16892K, capacity 17405K, committed 17408K, reserved 1064960K
  class space    used 1816K, capacity 2047K, committed 2048K, reserved 1048576K
}

