# JRE version: OpenJDK Runtime Environment Corretto-11.0.17.8.1 (11.0.17+8) (build 11.0.17+8-LTS)
# Java VM: OpenJDK 64-Bit Server VM Corretto-11.0.17.8.1 (11.0.17+8-LTS, mixed mode, tiered, compressed oops, g1 gc, windows-amd64)
Heap:
 garbage-first heap   total 315392K, used 38711K [0x0000000700000000, 0x0000000800000000)
  region size 1024K, 33 young (33792K), 16 survivors (16384K)
 Metaspace       used 59342K, capacity 60730K, committed 60928K, reserved 1101824K
  class space    used 7557K, capacity 8127K, committed 8192K, reserved 1048576K
GC Heap History (14 events):
Event: 0.873 GC heap before
{Heap before GC invocations=0 (full 0):
 garbage-first heap   total 262144K, used 14336K [0x0000000700000000, 0x0000000800000000)
  region size 1024K, 14 young (14336K), 0 survivors (0K)
 Metaspace       used 9123K, capacity 9212K, committed 9344K, reserved 1058816K
  class space    used 829K, capacity 876K, committed 896K, reserved 1048576K
}
Event: 0.880 GC heap after
{Heap after GC invocations=1 (full 0):
 garbage-first heap   total 262144K, used 6357K [0x0000000700000000, 0x0000000800000000)
  region size 1024K, 2 young (2048K), 2 survivors (2048K)
 Metaspace       used 9123K, capacity 9212K, committed 9344K, reserved 1058816K
  class space    used 829K, capacity 876K, committed 896K, reserved 1048576K
}
Event: 1.186 GC heap before
{Heap before GC invocations=1 (full 0):
 garbage-first heap   total 262144K, used 17621K [0x0000000700000000, 0x0000000800000000)
  region size 1024K, 13 young (13312K), 2 survivors (2048K)
 Metaspace       used 11551K, capacity 11704K, committed 11904K, reserved 1060864K
  class space    used 1082K, capacity 1131K, committed 1152K, reserved 1048576K
}
Event: 1.191 GC heap after
{Heap after GC invocations=2 (full 0):
 garbage-first heap   total 262144K, used 7477K [0x0000000700000000, 0x0000000800000000)
  region size 1024K, 2 young (2048K), 2 survivors (2048K)
 Metaspace       used 11551K, capacity 11704K, committed 11904K, reserved 1060864K
  class space    used 1082K, capacity 1131K, committed 1152K, reserved 1048576K
}
Event: 1.954 GC heap before
{Heap before GC invocations=2 (full 0):
 garbage-first heap   total 262144K, used 37173K [0x0000000700000000, 0x0000000800000000)
  region size 1024K, 31 young (31744K), 2 survivors (2048K)
 Metaspace       used 16367K, capacity 16675K, committed 16896K, reserved 1064960K
  class space    used 1650K, capacity 1744K, committed 1792K, reserved 1048576K
}
Event: 1.959 GC heap after
{Heap after GC invocations=3 (full 0):
 garbage-first heap   total 262144K, used 8509K [0x0000000700000000, 0x0000000800000000)
  region size 1024K, 3 young (3072K), 3 survivors (3072K)
 Metaspace       used 16367K, capacity 16675K, committed 16896K, reserved 1064960K
  class space    used 1650K, capacity 1744K, committed 1792K, reserved 1048576K
}
Event: 2.648 GC heap before
{Heap before GC invocations=3 (full 0):
 garbage-first heap   total 262144K, used 28989K [0x0000000700000000, 0x0000000800000000)
  region size 1024K, 24 young (24576K), 3 survivors (3072K)
 Metaspace       used 20588K, capacity 21079K, committed 21248K, reserved 1069056K
  class space    used 2235K, capacity 2435K, committed 2560K, reserved 1048576K
}
Event: 2.658 GC heap after
{Heap after GC invocations=4 (full 0):
 garbage-first heap   total 262144K, used 9713K [0x0000000700000000, 0x0000000800000000)
  region size 1024K, 4 young (4096K), 4 survivors (4096K)
 Metaspace       used 20588K, capacity 21079K, committed 21248K, reserved 1069056K
  class space    used 2235K, capacity 2435K, committed 2560K, reserved 1048576K
}
Event: 5.071 GC heap before
{Heap before GC invocations=5 (full 0):
 garbage-first heap   total 262144K, used 116209K [0x0000000700000000, 0x0000000800000000)
  region size 1024K, 108 young (110592K), 4 survivors (4096K)
 Metaspace       used 32586K, capacity 33479K, committed 33536K, reserved 1079296K
  class space    used 3744K, capacity 4084K, committed 4096K, reserved 1048576K
}
Event: 5.090 GC heap after
{Heap after GC invocations=6 (full 0):
 garbage-first heap   total 315392K, used 13576K [0x0000000700000000, 0x0000000800000000)
  region size 1024K, 8 young (8192K), 8 survivors (8192K)
 Metaspace       used 32586K, capacity 33479K, committed 33536K, reserved 1079296K
  class space    used 3744K, capacity 4084K, committed 4096K, reserved 1048576K
}
Event: 5.464 GC heap before
{Heap before GC invocations=6 (full 0):
 garbage-first heap   total 315392K, used 36104K [0x0000000700000000, 0x0000000800000000)
  region size 1024K, 31 young (31744K), 8 survivors (8192K)
 Metaspace       used 34879K, capacity 35743K, committed 35840K, reserved 1081344K
  class space    used 4182K, capacity 4517K, committed 4608K, reserved 1048576K
}
Event: 5.485 GC heap after
{Heap after GC invocations=7 (full 0):
 garbage-first heap   total 315392K, used 14455K [0x0000000700000000, 0x0000000800000000)
  region size 1024K, 8 young (8192K), 8 survivors (8192K)
 Metaspace       used 34879K, capacity 35743K, committed 35840K, reserved 1081344K
  class space    used 4182K, capacity 4517K, committed 4608K, reserved 1048576K
}
Event: 10.156 GC heap before
{Heap before GC invocations=8 (full 0):
 garbage-first heap   total 315392K, used 192631K [0x0000000700000000, 0x0000000800000000)
  region size 1024K, 183 young (187392K), 8 survivors (8192K)
 Metaspace       used 58777K, capacity 60015K, committed 60160K, reserved 1101824K
  class space    used 7424K, capacity 7909K, committed 7936K, reserved 1048576K
}
Event: 10.197 GC heap after
{Heap after GC invocations=9 (full 0):
 garbage-first heap   total 315392K, used 22327K [0x0000000700000000, 0x0000000800000000)
  region size 1024K, 16 young (16384K), 16 survivors (16384K)
 Metaspace       used 58777K, capacity 60015K, committed 60160K, reserved 1101824K
  class space    used 7424K, capacity 7909K, committed 7936K, reserved 1048576K
}

