# JRE version: OpenJDK Runtime Environment Corretto-11.0.17.8.1 (11.0.17+8) (build 11.0.17+8-LTS)
# Java VM: OpenJDK 64-Bit Server VM Corretto-11.0.17.8.1 (11.0.17+8-LTS, mixed mode, tiered, compressed oops, g1 gc, windows-amd64)
Heap:
 garbage-first heap   total 315392K, used 32537K [0x0000000700000000, 0x0000000800000000)
  region size 1024K, 26 young (26624K), 11 survivors (11264K)
 Metaspace       used 51211K, capacity 52315K, committed 52608K, reserved 1095680K
  class space    used 6480K, capacity 6931K, committed 7040K, reserved 1048576K
GC Heap History (14 events):
Event: 0.798 GC heap before
{Heap before GC invocations=0 (full 0):
 garbage-first heap   total 262144K, used 14336K [0x0000000700000000, 0x0000000800000000)
  region size 1024K, 14 young (14336K), 0 survivors (0K)
 Metaspace       used 9105K, capacity 9212K, committed 9344K, reserved 1058816K
  class space    used 825K, capacity 876K, committed 896K, reserved 1048576K
}
Event: 0.806 GC heap after
{Heap after GC invocations=1 (full 0):
 garbage-first heap   total 262144K, used 6656K [0x0000000700000000, 0x0000000800000000)
  region size 1024K, 2 young (2048K), 2 survivors (2048K)
 Metaspace       used 9105K, capacity 9212K, committed 9344K, reserved 1058816K
  class space    used 825K, capacity 876K, committed 896K, reserved 1048576K
}
Event: 1.138 GC heap before
{Heap before GC invocations=1 (full 0):
 garbage-first heap   total 262144K, used 18944K [0x0000000700000000, 0x0000000800000000)
  region size 1024K, 14 young (14336K), 2 survivors (2048K)
 Metaspace       used 11650K, capacity 11817K, committed 12032K, reserved 1060864K
  class space    used 1094K, capacity 1169K, committed 1280K, reserved 1048576K
}
Event: 1.143 GC heap after
{Heap after GC invocations=2 (full 0):
 garbage-first heap   total 262144K, used 7711K [0x0000000700000000, 0x0000000800000000)
  region size 1024K, 2 young (2048K), 2 survivors (2048K)
 Metaspace       used 11650K, capacity 11817K, committed 12032K, reserved 1060864K
  class space    used 1094K, capacity 1169K, committed 1280K, reserved 1048576K
}
Event: 2.157 GC heap before
{Heap before GC invocations=2 (full 0):
 garbage-first heap   total 262144K, used 42527K [0x0000000700000000, 0x0000000800000000)
  region size 1024K, 36 young (36864K), 2 survivors (2048K)
 Metaspace       used 17862K, capacity 18213K, committed 18432K, reserved 1064960K
  class space    used 1853K, capacity 1987K, committed 2048K, reserved 1048576K
}
Event: 2.164 GC heap after
{Heap after GC invocations=3 (full 0):
 garbage-first heap   total 262144K, used 9191K [0x0000000700000000, 0x0000000800000000)
  region size 1024K, 3 young (3072K), 3 survivors (3072K)
 Metaspace       used 17862K, capacity 18213K, committed 18432K, reserved 1064960K
  class space    used 1853K, capacity 1987K, committed 2048K, reserved 1048576K
}
Event: 2.745 GC heap before
{Heap before GC invocations=3 (full 0):
 garbage-first heap   total 262144K, used 24551K [0x0000000700000000, 0x0000000800000000)
  region size 1024K, 19 young (19456K), 3 survivors (3072K)
 Metaspace       used 20640K, capacity 21164K, committed 21504K, reserved 1069056K
  class space    used 2239K, capacity 2442K, committed 2560K, reserved 1048576K
}
Event: 2.754 GC heap after
{Heap after GC invocations=4 (full 0):
 garbage-first heap   total 262144K, used 10070K [0x0000000700000000, 0x0000000800000000)
  region size 1024K, 4 young (4096K), 4 survivors (4096K)
 Metaspace       used 20640K, capacity 21164K, committed 21504K, reserved 1069056K
  class space    used 2239K, capacity 2442K, committed 2560K, reserved 1048576K
}
Event: 3.911 GC heap before
{Heap before GC invocations=5 (full 0):
 garbage-first heap   total 262144K, used 71510K [0x0000000700000000, 0x0000000800000000)
  region size 1024K, 65 young (66560K), 4 survivors (4096K)
 Metaspace       used 28146K, capacity 28844K, committed 29056K, reserved 1075200K
  class space    used 3141K, capacity 3449K, committed 3456K, reserved 1048576K
}
Event: 3.926 GC heap after
{Heap after GC invocations=6 (full 0):
 garbage-first heap   total 315392K, used 12338K [0x0000000700000000, 0x0000000800000000)
  region size 1024K, 6 young (6144K), 6 survivors (6144K)
 Metaspace       used 28146K, capacity 28844K, committed 29056K, reserved 1075200K
  class space    used 3141K, capacity 3449K, committed 3456K, reserved 1048576K
}
Event: 5.416 GC heap before
{Heap before GC invocations=6 (full 0):
 garbage-first heap   total 315392K, used 79922K [0x0000000700000000, 0x0000000800000000)
  region size 1024K, 73 young (74752K), 6 survivors (6144K)
 Metaspace       used 34868K, capacity 35744K, committed 35840K, reserved 1081344K
  class space    used 4180K, capacity 4517K, committed 4608K, reserved 1048576K
}
Event: 5.436 GC heap after
{Heap after GC invocations=7 (full 0):
 garbage-first heap   total 315392K, used 14368K [0x0000000700000000, 0x0000000800000000)
  region size 1024K, 8 young (8192K), 8 survivors (8192K)
 Metaspace       used 34868K, capacity 35744K, committed 35840K, reserved 1081344K
  class space    used 4180K, capacity 4517K, committed 4608K, reserved 1048576K
}
Event: 7.501 GC heap before
{Heap before GC invocations=8 (full 0):
 garbage-first heap   total 315392K, used 110624K [0x0000000700000000, 0x0000000800000000)
  region size 1024K, 102 young (104448K), 8 survivors (8192K)
 Metaspace       used 45661K, capacity 46786K, committed 46976K, reserved 1089536K
  class space    used 5779K, capacity 6232K, committed 6272K, reserved 1048576K
}
Event: 7.523 GC heap after
{Heap after GC invocations=9 (full 0):
 garbage-first heap   total 315392K, used 18201K [0x0000000700000000, 0x0000000800000000)
  region size 1024K, 11 young (11264K), 11 survivors (11264K)
 Metaspace       used 45661K, capacity 46786K, committed 46976K, reserved 1089536K
  class space    used 5779K, capacity 6232K, committed 6272K, reserved 1048576K
}

