# JRE version: OpenJDK Runtime Environment Corretto-11.0.17.8.1 (11.0.17+8) (build 11.0.17+8-LTS)
# Java VM: OpenJDK 64-Bit Server VM Corretto-11.0.17.8.1 (11.0.17+8-LTS, mixed mode, tiered, compressed oops, g1 gc, windows-amd64)
Heap:
 garbage-first heap   total 315392K, used 133372K [0x0000000700000000, 0x0000000800000000)
  region size 1024K, 125 young (128000K), 8 survivors (8192K)
 Metaspace       used 52455K, capacity 53633K, committed 53760K, reserved 1095680K
  class space    used 6649K, capacity 7093K, committed 7168K, reserved 1048576K
GC Heap History (12 events):
Event: 0.872 GC heap before
{Heap before GC invocations=0 (full 0):
 garbage-first heap   total 262144K, used 14336K [0x0000000700000000, 0x0000000800000000)
  region size 1024K, 14 young (14336K), 0 survivors (0K)
 Metaspace       used 9097K, capacity 9212K, committed 9344K, reserved 1058816K
  class space    used 825K, capacity 876K, committed 896K, reserved 1048576K
}
Event: 0.887 GC heap after
{Heap after GC invocations=1 (full 0):
 garbage-first heap   total 262144K, used 6608K [0x0000000700000000, 0x0000000800000000)
  region size 1024K, 2 young (2048K), 2 survivors (2048K)
 Metaspace       used 9097K, capacity 9212K, committed 9344K, reserved 1058816K
  class space    used 825K, capacity 876K, committed 896K, reserved 1048576K
}
Event: 1.241 GC heap before
{Heap before GC invocations=1 (full 0):
 garbage-first heap   total 262144K, used 18896K [0x0000000700000000, 0x0000000800000000)
  region size 1024K, 14 young (14336K), 2 survivors (2048K)
 Metaspace       used 11550K, capacity 11746K, committed 12032K, reserved 1060864K
  class space    used 1090K, capacity 1168K, committed 1280K, reserved 1048576K
}
Event: 1.246 GC heap after
{Heap after GC invocations=2 (full 0):
 garbage-first heap   total 262144K, used 7518K [0x0000000700000000, 0x0000000800000000)
  region size 1024K, 2 young (2048K), 2 survivors (2048K)
 Metaspace       used 11550K, capacity 11746K, committed 12032K, reserved 1060864K
  class space    used 1090K, capacity 1168K, committed 1280K, reserved 1048576K
}
Event: 2.266 GC heap before
{Heap before GC invocations=2 (full 0):
 garbage-first heap   total 262144K, used 41310K [0x0000000700000000, 0x0000000800000000)
  region size 1024K, 35 young (35840K), 2 survivors (2048K)
 Metaspace       used 17632K, capacity 17980K, committed 18176K, reserved 1064960K
  class space    used 1822K, capacity 1971K, committed 2048K, reserved 1048576K
}
Event: 2.275 GC heap after
{Heap after GC invocations=3 (full 0):
 garbage-first heap   total 262144K, used 9055K [0x0000000700000000, 0x0000000800000000)
  region size 1024K, 3 young (3072K), 3 survivors (3072K)
 Metaspace       used 17632K, capacity 17980K, committed 18176K, reserved 1064960K
  class space    used 1822K, capacity 1971K, committed 2048K, reserved 1048576K
}
Event: 2.801 GC heap before
{Heap before GC invocations=3 (full 0):
 garbage-first heap   total 262144K, used 25439K [0x0000000700000000, 0x0000000800000000)
  region size 1024K, 20 young (20480K), 3 survivors (3072K)
 Metaspace       used 20658K, capacity 21088K, committed 21248K, reserved 1069056K
  class space    used 2241K, capacity 2437K, committed 2560K, reserved 1048576K
}
Event: 2.811 GC heap after
{Heap after GC invocations=4 (full 0):
 garbage-first heap   total 262144K, used 9946K [0x0000000700000000, 0x0000000800000000)
  region size 1024K, 4 young (4096K), 4 survivors (4096K)
 Metaspace       used 20658K, capacity 21088K, committed 21248K, reserved 1069056K
  class space    used 2241K, capacity 2437K, committed 2560K, reserved 1048576K
}
Event: 5.577 GC heap before
{Heap before GC invocations=5 (full 0):
 garbage-first heap   total 262144K, used 124634K [0x0000000700000000, 0x0000000800000000)
  region size 1024K, 117 young (119808K), 4 survivors (4096K)
 Metaspace       used 33596K, capacity 34489K, committed 34816K, reserved 1079296K
  class space    used 3900K, capacity 4228K, committed 4352K, reserved 1048576K
}
Event: 5.600 GC heap after
{Heap after GC invocations=6 (full 0):
 garbage-first heap   total 315392K, used 14147K [0x0000000700000000, 0x0000000800000000)
  region size 1024K, 8 young (8192K), 8 survivors (8192K)
 Metaspace       used 33596K, capacity 34489K, committed 34816K, reserved 1079296K
  class space    used 3900K, capacity 4228K, committed 4352K, reserved 1048576K
}
Event: 5.828 GC heap before
{Heap before GC invocations=6 (full 0):
 garbage-first heap   total 315392K, used 27459K [0x0000000700000000, 0x0000000800000000)
  region size 1024K, 22 young (22528K), 8 survivors (8192K)
 Metaspace       used 34874K, capacity 35743K, committed 35840K, reserved 1081344K
  class space    used 4182K, capacity 4517K, committed 4608K, reserved 1048576K
}
Event: 5.848 GC heap after
{Heap after GC invocations=7 (full 0):
 garbage-first heap   total 315392K, used 14588K [0x0000000700000000, 0x0000000800000000)
  region size 1024K, 8 young (8192K), 8 survivors (8192K)
 Metaspace       used 34874K, capacity 35743K, committed 35840K, reserved 1081344K
  class space    used 4182K, capacity 4517K, committed 4608K, reserved 1048576K
}

