# JRE version: OpenJDK Runtime Environment Corretto-11.0.17.8.1 (11.0.17+8) (build 11.0.17+8-LTS)
# Java VM: OpenJDK 64-Bit Server VM Corretto-11.0.17.8.1 (11.0.17+8-LTS, mixed mode, tiered, compressed oops, g1 gc, windows-amd64)
Heap:
 garbage-first heap   total 315392K, used 83404K [0x0000000700000000, 0x0000000800000000)
  region size 1024K, 73 young (74752K), 8 survivors (8192K)
 Metaspace       used 57838K, capacity 59058K, committed 59392K, reserved 1101824K
  class space    used 7325K, capacity 7830K, committed 7936K, reserved 1048576K
GC Heap History (12 events):
Event: 0.801 GC heap before
{Heap before GC invocations=0 (full 0):
 garbage-first heap   total 262144K, used 14336K [0x0000000700000000, 0x0000000800000000)
  region size 1024K, 14 young (14336K), 0 survivors (0K)
 Metaspace       used 9102K, capacity 9212K, committed 9344K, reserved 1058816K
  class space    used 827K, capacity 876K, committed 896K, reserved 1048576K
}
Event: 0.808 GC heap after
{Heap after GC invocations=1 (full 0):
 garbage-first heap   total 262144K, used 6525K [0x0000000700000000, 0x0000000800000000)
  region size 1024K, 2 young (2048K), 2 survivors (2048K)
 Metaspace       used 9102K, capacity 9212K, committed 9344K, reserved 1058816K
  class space    used 827K, capacity 876K, committed 896K, reserved 1048576K
}
Event: 2.594 GC heap before
{Heap before GC invocations=1 (full 0):
 garbage-first heap   total 262144K, used 67965K [0x0000000700000000, 0x0000000800000000)
  region size 1024K, 63 young (64512K), 2 survivors (2048K)
 Metaspace       used 20639K, capacity 21084K, committed 21248K, reserved 1069056K
  class space    used 2243K, capacity 2437K, committed 2560K, reserved 1048576K
}
Event: 2.607 GC heap after
{Heap after GC invocations=2 (full 0):
 garbage-first heap   total 262144K, used 9967K [0x0000000700000000, 0x0000000800000000)
  region size 1024K, 6 young (6144K), 6 survivors (6144K)
 Metaspace       used 20639K, capacity 21084K, committed 21248K, reserved 1069056K
  class space    used 2243K, capacity 2437K, committed 2560K, reserved 1048576K
}
Event: 2.860 GC heap before
{Heap before GC invocations=3 (full 0):
 garbage-first heap   total 262144K, used 26351K [0x0000000700000000, 0x0000000800000000)
  region size 1024K, 23 young (23552K), 6 survivors (6144K)
 Metaspace       used 23685K, capacity 24244K, committed 24448K, reserved 1071104K
  class space    used 2588K, capacity 2835K, committed 2944K, reserved 1048576K
}
Event: 2.874 GC heap after
{Heap after GC invocations=4 (full 0):
 garbage-first heap   total 262144K, used 10518K [0x0000000700000000, 0x0000000800000000)
  region size 1024K, 1 young (1024K), 1 survivors (1024K)
 Metaspace       used 23685K, capacity 24244K, committed 24448K, reserved 1071104K
  class space    used 2588K, capacity 2835K, committed 2944K, reserved 1048576K
}
Event: 4.521 GC heap before
{Heap before GC invocations=4 (full 0):
 garbage-first heap   total 262144K, used 77078K [0x0000000700000000, 0x0000000800000000)
  region size 1024K, 66 young (67584K), 1 survivors (1024K)
 Metaspace       used 30323K, capacity 31214K, committed 31488K, reserved 1077248K
  class space    used 3441K, capacity 3767K, committed 3840K, reserved 1048576K
}
Event: 4.533 GC heap after
{Heap after GC invocations=5 (full 0):
 garbage-first heap   total 262144K, used 12942K [0x0000000700000000, 0x0000000800000000)
  region size 1024K, 4 young (4096K), 4 survivors (4096K)
 Metaspace       used 30323K, capacity 31214K, committed 31488K, reserved 1077248K
  class space    used 3441K, capacity 3767K, committed 3840K, reserved 1048576K
}
Event: 5.408 GC heap before
{Heap before GC invocations=5 (full 0):
 garbage-first heap   total 262144K, used 59022K [0x0000000700000000, 0x0000000800000000)
  region size 1024K, 50 young (51200K), 4 survivors (4096K)
 Metaspace       used 34875K, capacity 35742K, committed 35840K, reserved 1081344K
  class space    used 4180K, capacity 4517K, committed 4608K, reserved 1048576K
}
Event: 5.420 GC heap after
{Heap after GC invocations=6 (full 0):
 garbage-first heap   total 315392K, used 14555K [0x0000000700000000, 0x0000000800000000)
  region size 1024K, 5 young (5120K), 5 survivors (5120K)
 Metaspace       used 34875K, capacity 35742K, committed 35840K, reserved 1081344K
  class space    used 4180K, capacity 4517K, committed 4608K, reserved 1048576K
}
Event: 7.683 GC heap before
{Heap before GC invocations=7 (full 0):
 garbage-first heap   total 315392K, used 110811K [0x0000000700000000, 0x0000000800000000)
  region size 1024K, 99 young (101376K), 5 survivors (5120K)
 Metaspace       used 45868K, capacity 46987K, committed 47104K, reserved 1089536K
  class space    used 5810K, capacity 6286K, committed 6400K, reserved 1048576K
}
Event: 7.699 GC heap after
{Heap after GC invocations=8 (full 0):
 garbage-first heap   total 315392K, used 17868K [0x0000000700000000, 0x0000000800000000)
  region size 1024K, 8 young (8192K), 8 survivors (8192K)
 Metaspace       used 45868K, capacity 46987K, committed 47104K, reserved 1089536K
  class space    used 5810K, capacity 6286K, committed 6400K, reserved 1048576K
}

