# JRE version: OpenJDK Runtime Environment Corretto-11.0.17.8.1 (11.0.17+8) (build 11.0.17+8-LTS)
# Java VM: OpenJDK 64-Bit Server VM Corretto-11.0.17.8.1 (11.0.17+8-LTS, mixed mode, tiered, compressed oops, g1 gc, windows-amd64)
Heap:
 garbage-first heap   total 315392K, used 46591K [0x0000000700000000, 0x0000000800000000)
  region size 1024K, 37 young (37888K), 13 survivors (13312K)
 Metaspace       used 59725K, capacity 61152K, committed 61184K, reserved 1101824K
  class space    used 7616K, capacity 8183K, committed 8192K, reserved 1048576K
GC Heap History (14 events):
Event: 0.808 GC heap before
{Heap before GC invocations=0 (full 0):
 garbage-first heap   total 262144K, used 14336K [0x0000000700000000, 0x0000000800000000)
  region size 1024K, 14 young (14336K), 0 survivors (0K)
 Metaspace       used 9100K, capacity 9212K, committed 9344K, reserved 1058816K
  class space    used 827K, capacity 876K, committed 896K, reserved 1048576K
}
Event: 0.817 GC heap after
{Heap after GC invocations=1 (full 0):
 garbage-first heap   total 262144K, used 6691K [0x0000000700000000, 0x0000000800000000)
  region size 1024K, 2 young (2048K), 2 survivors (2048K)
 Metaspace       used 9100K, capacity 9212K, committed 9344K, reserved 1058816K
  class space    used 827K, capacity 876K, committed 896K, reserved 1048576K
}
Event: 2.714 GC heap before
{Heap before GC invocations=1 (full 0):
 garbage-first heap   total 262144K, used 68131K [0x0000000700000000, 0x0000000800000000)
  region size 1024K, 63 young (64512K), 2 survivors (2048K)
 Metaspace       used 20586K, capacity 21084K, committed 21248K, reserved 1069056K
  class space    used 2234K, capacity 2437K, committed 2560K, reserved 1048576K
}
Event: 2.726 GC heap after
{Heap after GC invocations=2 (full 0):
 garbage-first heap   total 262144K, used 10008K [0x0000000700000000, 0x0000000800000000)
  region size 1024K, 6 young (6144K), 6 survivors (6144K)
 Metaspace       used 20586K, capacity 21084K, committed 21248K, reserved 1069056K
  class space    used 2234K, capacity 2437K, committed 2560K, reserved 1048576K
}
Event: 2.962 GC heap before
{Heap before GC invocations=3 (full 0):
 garbage-first heap   total 262144K, used 24344K [0x0000000700000000, 0x0000000800000000)
  region size 1024K, 20 young (20480K), 6 survivors (6144K)
 Metaspace       used 22917K, capacity 23476K, committed 23552K, reserved 1071104K
  class space    used 2516K, capacity 2771K, committed 2816K, reserved 1048576K
}
Event: 2.972 GC heap after
{Heap after GC invocations=4 (full 0):
 garbage-first heap   total 262144K, used 10617K [0x0000000700000000, 0x0000000800000000)
  region size 1024K, 1 young (1024K), 1 survivors (1024K)
 Metaspace       used 22917K, capacity 23476K, committed 23552K, reserved 1071104K
  class space    used 2516K, capacity 2771K, committed 2816K, reserved 1048576K
}
Event: 4.530 GC heap before
{Heap before GC invocations=4 (full 0):
 garbage-first heap   total 262144K, used 78201K [0x0000000700000000, 0x0000000800000000)
  region size 1024K, 67 young (68608K), 1 survivors (1024K)
 Metaspace       used 29953K, capacity 30750K, committed 30848K, reserved 1077248K
  class space    used 3372K, capacity 3697K, committed 3712K, reserved 1048576K
}
Event: 4.539 GC heap after
{Heap after GC invocations=5 (full 0):
 garbage-first heap   total 262144K, used 12889K [0x0000000700000000, 0x0000000800000000)
  region size 1024K, 3 young (3072K), 3 survivors (3072K)
 Metaspace       used 29953K, capacity 30750K, committed 30848K, reserved 1077248K
  class space    used 3372K, capacity 3697K, committed 3712K, reserved 1048576K
}
Event: 5.915 GC heap before
{Heap before GC invocations=5 (full 0):
 garbage-first heap   total 262144K, used 62041K [0x0000000700000000, 0x0000000800000000)
  region size 1024K, 52 young (53248K), 3 survivors (3072K)
 Metaspace       used 34877K, capacity 35743K, committed 35840K, reserved 1081344K
  class space    used 4181K, capacity 4517K, committed 4608K, reserved 1048576K
}
Event: 5.932 GC heap after
{Heap after GC invocations=6 (full 0):
 garbage-first heap   total 262144K, used 14525K [0x0000000700000000, 0x0000000800000000)
  region size 1024K, 5 young (5120K), 5 survivors (5120K)
 Metaspace       used 34877K, capacity 35743K, committed 35840K, reserved 1081344K
  class space    used 4181K, capacity 4517K, committed 4608K, reserved 1048576K
}
Event: 7.899 GC heap before
{Heap before GC invocations=7 (full 0):
 garbage-first heap   total 262144K, used 95421K [0x0000000700000000, 0x0000000800000000)
  region size 1024K, 84 young (86016K), 5 survivors (5120K)
 Metaspace       used 43129K, capacity 44205K, committed 44416K, reserved 1087488K
  class space    used 5506K, capacity 5945K, committed 6016K, reserved 1048576K
}
Event: 7.917 GC heap after
{Heap after GC invocations=8 (full 0):
 garbage-first heap   total 315392K, used 17180K [0x0000000700000000, 0x0000000800000000)
  region size 1024K, 8 young (8192K), 8 survivors (8192K)
 Metaspace       used 43129K, capacity 44205K, committed 44416K, reserved 1087488K
  class space    used 5506K, capacity 5945K, committed 6016K, reserved 1048576K
}
Event: 10.724 GC heap before
{Heap before GC invocations=8 (full 0):
 garbage-first heap   total 315392K, used 114460K [0x0000000700000000, 0x0000000800000000)
  region size 1024K, 104 young (106496K), 8 survivors (8192K)
 Metaspace       used 58792K, capacity 60015K, committed 60160K, reserved 1101824K
  class space    used 7421K, capacity 7909K, committed 7936K, reserved 1048576K
}
Event: 10.749 GC heap after
{Heap after GC invocations=9 (full 0):
 garbage-first heap   total 315392K, used 23039K [0x0000000700000000, 0x0000000800000000)
  region size 1024K, 13 young (13312K), 13 survivors (13312K)
 Metaspace       used 58792K, capacity 60015K, committed 60160K, reserved 1101824K
  class space    used 7421K, capacity 7909K, committed 7936K, reserved 1048576K
}

