# JRE version: Java(TM) SE Runtime Environment 18.9 (11.0.16+11) (build 11.0.16+11-LTS-199)
# Java VM: Java HotSpot(TM) 64-Bit Server VM 18.9 (11.0.16+11-LTS-199, mixed mode, tiered, compressed oops, g1 gc, windows-amd64)
Heap:
 garbage-first heap   total 319488K, used 14954K [0x0000000700000000, 0x0000000800000000)
  region size 1024K, 8 young (8192K), 8 survivors (8192K)
 Metaspace       used 34733K, capacity 35821K, committed 35920K, reserved 1081344K
  class space    used 4176K, capacity 4655K, committed 4736K, reserved 1048576K
GC Heap History (10 events):
Event: 0.718 GC heap after
{Heap after GC invocations=1 (full 0):
 garbage-first heap   total 262144K, used 7458K [0x0000000700000000, 0x0000000800000000)
  region size 1024K, 2 young (2048K), 2 survivors (2048K)
 Metaspace       used 10095K, capacity 10328K, committed 10496K, reserved 1058816K
  class space    used 938K, capacity 1007K, committed 1024K, reserved 1048576K
}
Event: 1.119 GC heap before
{Heap before GC invocations=1 (full 0):
 garbage-first heap   total 262144K, used 17698K [0x0000000700000000, 0x0000000800000000)
  region size 1024K, 12 young (12288K), 2 survivors (2048K)
 Metaspace       used 11948K, capacity 12290K, committed 12416K, reserved 1060864K
  class space    used 1183K, capacity 1331K, committed 1408K, reserved 1048576K
}
Event: 1.124 GC heap after
{Heap after GC invocations=2 (full 0):
 garbage-first heap   total 262144K, used 7537K [0x0000000700000000, 0x0000000800000000)
  region size 1024K, 1 young (1024K), 1 survivors (1024K)
 Metaspace       used 11948K, capacity 12290K, committed 12416K, reserved 1060864K
  class space    used 1183K, capacity 1331K, committed 1408K, reserved 1048576K
}
Event: 2.291 GC heap before
{Heap before GC invocations=2 (full 0):
 garbage-first heap   total 262144K, used 40305K [0x0000000700000000, 0x0000000800000000)
  region size 1024K, 33 young (33792K), 1 survivors (1024K)
 Metaspace       used 16948K, capacity 17472K, committed 17664K, reserved 1064960K
  class space    used 1824K, capacity 2048K, committed 2048K, reserved 1048576K
}
Event: 2.295 GC heap after
{Heap after GC invocations=3 (full 0):
 garbage-first heap   total 262144K, used 8580K [0x0000000700000000, 0x0000000800000000)
  region size 1024K, 2 young (2048K), 2 survivors (2048K)
 Metaspace       used 16948K, capacity 17472K, committed 17664K, reserved 1064960K
  class space    used 1824K, capacity 2048K, committed 2048K, reserved 1048576K
}
Event: 2.842 GC heap before
{Heap before GC invocations=3 (full 0):
 garbage-first heap   total 262144K, used 28036K [0x0000000700000000, 0x0000000800000000)
  region size 1024K, 22 young (22528K), 2 survivors (2048K)
 Metaspace       used 20488K, capacity 21140K, committed 21296K, reserved 1069056K
  class space    used 2300K, capacity 2603K, committed 2688K, reserved 1048576K
}
Event: 2.849 GC heap after
{Heap after GC invocations=4 (full 0):
 garbage-first heap   total 262144K, used 9764K [0x0000000700000000, 0x0000000800000000)
  region size 1024K, 3 young (3072K), 3 survivors (3072K)
 Metaspace       used 20488K, capacity 21140K, committed 21296K, reserved 1069056K
  class space    used 2300K, capacity 2603K, committed 2688K, reserved 1048576K
}
Event: 4.536 GC heap before
{Heap before GC invocations=5 (full 0):
 garbage-first heap   total 262144K, used 70180K [0x0000000700000000, 0x0000000800000000)
  region size 1024K, 62 young (63488K), 3 survivors (3072K)
 Metaspace       used 28775K, capacity 29642K, committed 29872K, reserved 1075200K
  class space    used 3351K, capacity 3718K, committed 3840K, reserved 1048576K
}
Event: 4.547 GC heap after
{Heap after GC invocations=6 (full 0):
 garbage-first heap   total 262144K, used 12112K [0x0000000700000000, 0x0000000800000000)
  region size 1024K, 5 young (5120K), 5 survivors (5120K)
 Metaspace       used 28775K, capacity 29642K, committed 29872K, reserved 1075200K
  class space    used 3351K, capacity 3718K, committed 3840K, reserved 1048576K
}
Event: 6.487 GC heap before
{Heap before GC invocations=6 (full 0):
 garbage-first heap   total 262144K, used 81744K [0x0000000700000000, 0x0000000800000000)
  region size 1024K, 74 young (75776K), 5 survivors (5120K)
 Metaspace       used 34733K, capacity 35821K, committed 35920K, reserved 1081344K
  class space    used 4176K, capacity 4655K, committed 4736K, reserved 1048576K
}

