# JRE version: Java(TM) SE Runtime Environment 18.9 (11.0.16+11) (build 11.0.16+11-LTS-199)
# Java VM: Java HotSpot(TM) 64-Bit Server VM 18.9 (11.0.16+11-LTS-199, mixed mode, tiered, compressed oops, g1 gc, windows-amd64)
Heap:
 garbage-first heap   total 157696K, used 32639K [0x0000000080000000, 0x0000000100000000)
  region size 1024K, 25 young (25600K), 7 survivors (7168K)
 Metaspace       used 24162K, capacity 24591K, committed 24704K, reserved 1071104K
  class space    used 2468K, capacity 2630K, committed 2688K, reserved 1048576K
GC Heap History (10 events):
Event: 1.162 GC heap before
{Heap before GC invocations=2 (full 0):
 garbage-first heap   total 131072K, used 16395K [0x0000000080000000, 0x0000000100000000)
  region size 1024K, 14 young (14336K), 1 survivors (1024K)
 Metaspace       used 12384K, capacity 12596K, committed 12672K, reserved 1060864K
  class space    used 1251K, capacity 1348K, committed 1408K, reserved 1048576K
}
Event: 1.166 GC heap after
{Heap after GC invocations=3 (full 0):
 garbage-first heap   total 131072K, used 3661K [0x0000000080000000, 0x0000000100000000)
  region size 1024K, 2 young (2048K), 2 survivors (2048K)
 Metaspace       used 12384K, capacity 12596K, committed 12672K, reserved 1060864K
  class space    used 1251K, capacity 1348K, committed 1408K, reserved 1048576K
}
Event: 1.671 GC heap before
{Heap before GC invocations=3 (full 0):
 garbage-first heap   total 131072K, used 23117K [0x0000000080000000, 0x0000000100000000)
  region size 1024K, 21 young (21504K), 2 survivors (2048K)
 Metaspace       used 14542K, capacity 14745K, committed 14976K, reserved 1062912K
  class space    used 1522K, capacity 1615K, committed 1664K, reserved 1048576K
}
Event: 1.679 GC heap after
{Heap after GC invocations=4 (full 0):
 garbage-first heap   total 131072K, used 4427K [0x0000000080000000, 0x0000000100000000)
  region size 1024K, 3 young (3072K), 3 survivors (3072K)
 Metaspace       used 14542K, capacity 14745K, committed 14976K, reserved 1062912K
  class space    used 1522K, capacity 1615K, committed 1664K, reserved 1048576K
}
Event: 2.865 GC heap before
{Heap before GC invocations=4 (full 0):
 garbage-first heap   total 131072K, used 37195K [0x0000000080000000, 0x0000000100000000)
  region size 1024K, 35 young (35840K), 3 survivors (3072K)
 Metaspace       used 19799K, capacity 20135K, committed 20224K, reserved 1067008K
  class space    used 2118K, capacity 2247K, committed 2304K, reserved 1048576K
}
Event: 2.881 GC heap after
{Heap after GC invocations=5 (full 0):
 garbage-first heap   total 157696K, used 7271K [0x0000000080000000, 0x0000000100000000)
  region size 1024K, 5 young (5120K), 5 survivors (5120K)
 Metaspace       used 19799K, capacity 20135K, committed 20224K, reserved 1067008K
  class space    used 2118K, capacity 2247K, committed 2304K, reserved 1048576K
}
Event: 4.505 GC heap before
{Heap before GC invocations=5 (full 0):
 garbage-first heap   total 157696K, used 55399K [0x0000000080000000, 0x0000000100000000)
  region size 1024K, 53 young (54272K), 5 survivors (5120K)
 Metaspace       used 20957K, capacity 21206K, committed 21248K, reserved 1069056K
  class space    used 2176K, capacity 2283K, committed 2304K, reserved 1048576K
}
Event: 4.526 GC heap after
{Heap after GC invocations=6 (full 0):
 garbage-first heap   total 157696K, used 11797K [0x0000000080000000, 0x0000000100000000)
  region size 1024K, 10 young (10240K), 10 survivors (10240K)
 Metaspace       used 20957K, capacity 21206K, committed 21248K, reserved 1069056K
  class space    used 2176K, capacity 2283K, committed 2304K, reserved 1048576K
}
Event: 6.053 GC heap before
{Heap before GC invocations=7 (full 0):
 garbage-first heap   total 157696K, used 68117K [0x0000000080000000, 0x0000000100000000)
  region size 1024K, 65 young (66560K), 10 survivors (10240K)
 Metaspace       used 23094K, capacity 23489K, committed 23808K, reserved 1071104K
  class space    used 2348K, capacity 2471K, committed 2560K, reserved 1048576K
}
Event: 6.082 GC heap after
{Heap after GC invocations=8 (full 0):
 garbage-first heap   total 157696K, used 14207K [0x0000000080000000, 0x0000000100000000)
  region size 1024K, 7 young (7168K), 7 survivors (7168K)
 Metaspace       used 23094K, capacity 23489K, committed 23808K, reserved 1071104K
  class space    used 2348K, capacity 2471K, committed 2560K, reserved 1048576K
}

