# JRE version: Java(TM) SE Runtime Environment 18.9 (11.0.16+11) (build 11.0.16+11-LTS-199)
# Java VM: Java HotSpot(TM) 64-Bit Server VM 18.9 (11.0.16+11-LTS-199, mixed mode, tiered, compressed oops, g1 gc, windows-amd64)
Heap:
 garbage-first heap   total 349184K, used 15385K [0x0000000700000000, 0x0000000800000000)
  region size 1024K, 12 young (12288K), 12 survivors (12288K)
 Metaspace       used 20913K, capacity 21213K, committed 21248K, reserved 1069056K
  class space    used 2164K, capacity 2285K, committed 2304K, reserved 1048576K
GC Heap History (9 events):
Event: 0.863 GC heap before
{Heap before GC invocations=0 (full 0):
 garbage-first heap   total 262144K, used 13312K [0x0000000700000000, 0x0000000800000000)
  region size 1024K, 14 young (14336K), 0 survivors (0K)
 Metaspace       used 10693K, capacity 10824K, committed 10880K, reserved 1058816K
  class space    used 1030K, capacity 1120K, committed 1152K, reserved 1048576K
}
Event: 0.902 GC heap after
{Heap after GC invocations=1 (full 0):
 garbage-first heap   total 262144K, used 2996K [0x0000000700000000, 0x0000000800000000)
  region size 1024K, 2 young (2048K), 2 survivors (2048K)
 Metaspace       used 10693K, capacity 10824K, committed 10880K, reserved 1058816K
  class space    used 1030K, capacity 1120K, committed 1152K, reserved 1048576K
}
Event: 1.299 GC heap before
{Heap before GC invocations=1 (full 0):
 garbage-first heap   total 262144K, used 14260K [0x0000000700000000, 0x0000000800000000)
  region size 1024K, 13 young (13312K), 2 survivors (2048K)
 Metaspace       used 12395K, capacity 12596K, committed 12672K, reserved 1060864K
  class space    used 1259K, capacity 1348K, committed 1408K, reserved 1048576K
}
Event: 1.307 GC heap after
{Heap after GC invocations=2 (full 0):
 garbage-first heap   total 262144K, used 3676K [0x0000000700000000, 0x0000000800000000)
  region size 1024K, 1 young (1024K), 1 survivors (1024K)
 Metaspace       used 12395K, capacity 12596K, committed 12672K, reserved 1060864K
  class space    used 1259K, capacity 1348K, committed 1408K, reserved 1048576K
}
Event: 2.103 GC heap before
{Heap before GC invocations=2 (full 0):
 garbage-first heap   total 262144K, used 35420K [0x0000000700000000, 0x0000000800000000)
  region size 1024K, 32 young (32768K), 1 survivors (1024K)
 Metaspace       used 16750K, capacity 16976K, committed 17024K, reserved 1064960K
  class space    used 1819K, capacity 1907K, committed 1920K, reserved 1048576K
}
Event: 2.110 GC heap after
{Heap after GC invocations=3 (full 0):
 garbage-first heap   total 262144K, used 5197K [0x0000000700000000, 0x0000000800000000)
  region size 1024K, 3 young (3072K), 3 survivors (3072K)
 Metaspace       used 16750K, capacity 16976K, committed 17024K, reserved 1064960K
  class space    used 1819K, capacity 1907K, committed 1920K, reserved 1048576K
}
Event: 3.680 GC heap before
{Heap before GC invocations=3 (full 0):
 garbage-first heap   total 262144K, used 58445K [0x0000000700000000, 0x0000000800000000)
  region size 1024K, 55 young (56320K), 3 survivors (3072K)
 Metaspace       used 20480K, capacity 20816K, committed 20992K, reserved 1069056K
  class space    used 2161K, capacity 2281K, committed 2304K, reserved 1048576K
}
Event: 3.699 GC heap after
{Heap after GC invocations=4 (full 0):
 garbage-first heap   total 262144K, used 10716K [0x0000000700000000, 0x0000000800000000)
  region size 1024K, 7 young (7168K), 7 survivors (7168K)
 Metaspace       used 20480K, capacity 20816K, committed 20992K, reserved 1069056K
  class space    used 2161K, capacity 2281K, committed 2304K, reserved 1048576K
}
Event: 4.274 GC heap before
{Heap before GC invocations=4 (full 0):
 garbage-first heap   total 262144K, used 45532K [0x0000000700000000, 0x0000000800000000)
  region size 1024K, 42 young (43008K), 7 survivors (7168K)
 Metaspace       used 20913K, capacity 21213K, committed 21248K, reserved 1069056K
  class space    used 2164K, capacity 2285K, committed 2304K, reserved 1048576K
}

