# JRE version: Java(TM) SE Runtime Environment 18.9 (11.0.16+11) (build 11.0.16+11-LTS-199)
# Java VM: Java HotSpot(TM) 64-Bit Server VM 18.9 (11.0.16+11-LTS-199, mixed mode, tiered, compressed oops, g1 gc, windows-amd64)
Heap:
 garbage-first heap   total 315392K, used 15931K [0x0000000700000000, 0x0000000800000000)
  region size 1024K, 6 young (6144K), 6 survivors (6144K)
 Metaspace       used 20919K, capacity 21213K, committed 21248K, reserved 1069056K
  class space    used 2164K, capacity 2285K, committed 2304K, reserved 1048576K
GC Heap History (9 events):
Event: 0.739 GC heap before
{Heap before GC invocations=0 (full 0):
 garbage-first heap   total 262144K, used 13312K [0x0000000700000000, 0x0000000800000000)
  region size 1024K, 14 young (14336K), 0 survivors (0K)
 Metaspace       used 10704K, capacity 10888K, committed 11136K, reserved 1058816K
  class space    used 1030K, capacity 1120K, committed 1152K, reserved 1048576K
}
Event: 0.746 GC heap after
{Heap after GC invocations=1 (full 0):
 garbage-first heap   total 262144K, used 2999K [0x0000000700000000, 0x0000000800000000)
  region size 1024K, 2 young (2048K), 2 survivors (2048K)
 Metaspace       used 10704K, capacity 10888K, committed 11136K, reserved 1058816K
  class space    used 1030K, capacity 1120K, committed 1152K, reserved 1048576K
}
Event: 1.023 GC heap before
{Heap before GC invocations=1 (full 0):
 garbage-first heap   total 262144K, used 13239K [0x0000000700000000, 0x0000000800000000)
  region size 1024K, 12 young (12288K), 2 survivors (2048K)
 Metaspace       used 12309K, capacity 12468K, committed 12672K, reserved 1060864K
  class space    used 1245K, capacity 1348K, committed 1408K, reserved 1048576K
}
Event: 1.028 GC heap after
{Heap after GC invocations=2 (full 0):
 garbage-first heap   total 262144K, used 3654K [0x0000000700000000, 0x0000000800000000)
  region size 1024K, 1 young (1024K), 1 survivors (1024K)
 Metaspace       used 12309K, capacity 12468K, committed 12672K, reserved 1060864K
  class space    used 1245K, capacity 1348K, committed 1408K, reserved 1048576K
}
Event: 1.828 GC heap before
{Heap before GC invocations=2 (full 0):
 garbage-first heap   total 262144K, used 33350K [0x0000000700000000, 0x0000000800000000)
  region size 1024K, 30 young (30720K), 1 survivors (1024K)
 Metaspace       used 16084K, capacity 16298K, committed 16512K, reserved 1064960K
  class space    used 1725K, capacity 1810K, committed 1920K, reserved 1048576K
}
Event: 1.833 GC heap after
{Heap after GC invocations=3 (full 0):
 garbage-first heap   total 262144K, used 4981K [0x0000000700000000, 0x0000000800000000)
  region size 1024K, 2 young (2048K), 2 survivors (2048K)
 Metaspace       used 16084K, capacity 16298K, committed 16512K, reserved 1064960K
  class space    used 1725K, capacity 1810K, committed 1920K, reserved 1048576K
}
Event: 3.293 GC heap before
{Heap before GC invocations=3 (full 0):
 garbage-first heap   total 262144K, used 56181K [0x0000000700000000, 0x0000000800000000)
  region size 1024K, 52 young (53248K), 2 survivors (2048K)
 Metaspace       used 20414K, capacity 20745K, committed 20992K, reserved 1069056K
  class space    used 2159K, capacity 2279K, committed 2304K, reserved 1048576K
}
Event: 3.310 GC heap after
{Heap after GC invocations=4 (full 0):
 garbage-first heap   total 262144K, used 10491K [0x0000000700000000, 0x0000000800000000)
  region size 1024K, 7 young (7168K), 7 survivors (7168K)
 Metaspace       used 20414K, capacity 20745K, committed 20992K, reserved 1069056K
  class space    used 2159K, capacity 2279K, committed 2304K, reserved 1048576K
}
Event: 4.012 GC heap before
{Heap before GC invocations=4 (full 0):
 garbage-first heap   total 262144K, used 53499K [0x0000000700000000, 0x0000000800000000)
  region size 1024K, 50 young (51200K), 7 survivors (7168K)
 Metaspace       used 20919K, capacity 21213K, committed 21248K, reserved 1069056K
  class space    used 2164K, capacity 2285K, committed 2304K, reserved 1048576K
}

