# JRE version: Java(TM) SE Runtime Environment 18.9 (11.0.16+11) (build 11.0.16+11-LTS-199)
# Java VM: Java HotSpot(TM) 64-Bit Server VM 18.9 (11.0.16+11-LTS-199, mixed mode, tiered, compressed oops, g1 gc, windows-amd64)
Heap:
 garbage-first heap   total 157696K, used 40466K [0x0000000080000000, 0x0000000100000000)
  region size 1024K, 28 young (28672K), 12 survivors (12288K)
 Metaspace       used 31145K, capacity 31744K, committed 32000K, reserved 1077248K
  class space    used 3273K, capacity 3510K, committed 3584K, reserved 1048576K
GC Heap History (10 events):
Event: 2.260 GC heap before
{Heap before GC invocations=3 (full 0):
 garbage-first heap   total 131072K, used 23021K [0x0000000080000000, 0x0000000100000000)
  region size 1024K, 21 young (21504K), 2 survivors (2048K)
 Metaspace       used 14617K, capacity 14809K, committed 14976K, reserved 1062912K
  class space    used 1525K, capacity 1615K, committed 1664K, reserved 1048576K
}
Event: 2.272 GC heap after
{Heap after GC invocations=4 (full 0):
 garbage-first heap   total 131072K, used 4353K [0x0000000080000000, 0x0000000100000000)
  region size 1024K, 3 young (3072K), 3 survivors (3072K)
 Metaspace       used 14617K, capacity 14809K, committed 14976K, reserved 1062912K
  class space    used 1525K, capacity 1615K, committed 1664K, reserved 1048576K
}
Event: 3.997 GC heap before
{Heap before GC invocations=4 (full 0):
 garbage-first heap   total 131072K, used 37121K [0x0000000080000000, 0x0000000100000000)
  region size 1024K, 35 young (35840K), 3 survivors (3072K)
 Metaspace       used 19799K, capacity 20135K, committed 20224K, reserved 1067008K
  class space    used 2117K, capacity 2247K, committed 2304K, reserved 1048576K
}
Event: 4.013 GC heap after
{Heap after GC invocations=5 (full 0):
 garbage-first heap   total 157696K, used 7091K [0x0000000080000000, 0x0000000100000000)
  region size 1024K, 5 young (5120K), 5 survivors (5120K)
 Metaspace       used 19799K, capacity 20135K, committed 20224K, reserved 1067008K
  class space    used 2117K, capacity 2247K, committed 2304K, reserved 1048576K
}
Event: 7.163 GC heap before
{Heap before GC invocations=5 (full 0):
 garbage-first heap   total 157696K, used 62387K [0x0000000080000000, 0x0000000100000000)
  region size 1024K, 60 young (61440K), 5 survivors (5120K)
 Metaspace       used 20884K, capacity 21203K, committed 21248K, reserved 1069056K
  class space    used 2162K, capacity 2282K, committed 2304K, reserved 1048576K
}
Event: 7.194 GC heap after
{Heap after GC invocations=6 (full 0):
 garbage-first heap   total 157696K, used 14126K [0x0000000080000000, 0x0000000100000000)
  region size 1024K, 12 young (12288K), 12 survivors (12288K)
 Metaspace       used 20884K, capacity 21203K, committed 21248K, reserved 1069056K
  class space    used 2162K, capacity 2282K, committed 2304K, reserved 1048576K
}
Event: 9.037 GC heap before
{Heap before GC invocations=7 (full 0):
 garbage-first heap   total 157696K, used 123694K [0x0000000080000000, 0x0000000100000000)
  region size 1024K, 71 young (72704K), 12 survivors (12288K)
 Metaspace       used 22512K, capacity 22848K, committed 22912K, reserved 1069056K
  class space    used 2296K, capacity 2424K, committed 2432K, reserved 1048576K
}
Event: 9.081 GC heap after
{Heap after GC invocations=8 (full 0):
 garbage-first heap   total 157696K, used 17679K [0x0000000080000000, 0x0000000100000000)
  region size 1024K, 5 young (5120K), 5 survivors (5120K)
 Metaspace       used 22512K, capacity 22848K, committed 22912K, reserved 1069056K
  class space    used 2296K, capacity 2424K, committed 2432K, reserved 1048576K
}
Event: 12.448 GC heap before
{Heap before GC invocations=8 (full 0):
 garbage-first heap   total 157696K, used 105743K [0x0000000080000000, 0x0000000100000000)
  region size 1024K, 90 young (92160K), 5 survivors (5120K)
 Metaspace       used 31014K, capacity 31491K, committed 31744K, reserved 1077248K
  class space    used 3263K, capacity 3469K, committed 3584K, reserved 1048576K
}
Event: 12.466 GC heap after
{Heap after GC invocations=9 (full 0):
 garbage-first heap   total 157696K, used 25106K [0x0000000080000000, 0x0000000100000000)
  region size 1024K, 12 young (12288K), 12 survivors (12288K)
 Metaspace       used 31014K, capacity 31491K, committed 31744K, reserved 1077248K
  class space    used 3263K, capacity 3469K, committed 3584K, reserved 1048576K
}

