# JRE version: Java(TM) SE Runtime Environment 18.9 (11.0.16+11) (build 11.0.16+11-LTS-199)
# Java VM: Java HotSpot(TM) 64-Bit Server VM 18.9 (11.0.16+11-LTS-199, mixed mode, tiered, compressed oops, g1 gc, windows-amd64)
Heap:
 garbage-first heap   total 315392K, used 15753K [0x0000000700000000, 0x0000000800000000)
  region size 1024K, 12 young (12288K), 12 survivors (12288K)
 Metaspace       used 20885K, capacity 21204K, committed 21248K, reserved 1069056K
  class space    used 2163K, capacity 2282K, committed 2304K, reserved 1048576K
GC Heap History (9 events):
Event: 0.783 GC heap before
{Heap before GC invocations=0 (full 0):
 garbage-first heap   total 262144K, used 13312K [0x0000000700000000, 0x0000000800000000)
  region size 1024K, 14 young (14336K), 0 survivors (0K)
 Metaspace       used 10692K, capacity 10824K, committed 10880K, reserved 1058816K
  class space    used 1030K, capacity 1120K, committed 1152K, reserved 1048576K
}
Event: 0.789 GC heap after
{Heap after GC invocations=1 (full 0):
 garbage-first heap   total 262144K, used 2993K [0x0000000700000000, 0x0000000800000000)
  region size 1024K, 2 young (2048K), 2 survivors (2048K)
 Metaspace       used 10692K, capacity 10824K, committed 10880K, reserved 1058816K
  class space    used 1030K, capacity 1120K, committed 1152K, reserved 1048576K
}
Event: 1.098 GC heap before
{Heap before GC invocations=1 (full 0):
 garbage-first heap   total 262144K, used 15281K [0x0000000700000000, 0x0000000800000000)
  region size 1024K, 14 young (14336K), 2 survivors (2048K)
 Metaspace       used 12377K, capacity 12532K, committed 12672K, reserved 1060864K
  class space    used 1259K, capacity 1348K, committed 1408K, reserved 1048576K
}
Event: 1.103 GC heap after
{Heap after GC invocations=2 (full 0):
 garbage-first heap   total 262144K, used 3691K [0x0000000700000000, 0x0000000800000000)
  region size 1024K, 1 young (1024K), 1 survivors (1024K)
 Metaspace       used 12377K, capacity 12532K, committed 12672K, reserved 1060864K
  class space    used 1259K, capacity 1348K, committed 1408K, reserved 1048576K
}
Event: 1.992 GC heap before
{Heap before GC invocations=2 (full 0):
 garbage-first heap   total 262144K, used 36459K [0x0000000700000000, 0x0000000800000000)
  region size 1024K, 33 young (33792K), 1 survivors (1024K)
 Metaspace       used 16870K, capacity 17072K, committed 17408K, reserved 1064960K
  class space    used 1829K, capacity 1939K, committed 2048K, reserved 1048576K
}
Event: 2.000 GC heap after
{Heap after GC invocations=3 (full 0):
 garbage-first heap   total 262144K, used 5287K [0x0000000700000000, 0x0000000800000000)
  region size 1024K, 3 young (3072K), 3 survivors (3072K)
 Metaspace       used 16870K, capacity 17072K, committed 17408K, reserved 1064960K
  class space    used 1829K, capacity 1939K, committed 2048K, reserved 1048576K
}
Event: 3.725 GC heap before
{Heap before GC invocations=3 (full 0):
 garbage-first heap   total 262144K, used 59559K [0x0000000700000000, 0x0000000800000000)
  region size 1024K, 56 young (57344K), 3 survivors (3072K)
 Metaspace       used 20540K, capacity 20816K, committed 20992K, reserved 1069056K
  class space    used 2161K, capacity 2281K, committed 2304K, reserved 1048576K
}
Event: 3.742 GC heap after
{Heap after GC invocations=4 (full 0):
 garbage-first heap   total 262144K, used 11077K [0x0000000700000000, 0x0000000800000000)
  region size 1024K, 7 young (7168K), 7 survivors (7168K)
 Metaspace       used 20540K, capacity 20816K, committed 20992K, reserved 1069056K
  class space    used 2161K, capacity 2281K, committed 2304K, reserved 1048576K
}
Event: 4.156 GC heap before
{Heap before GC invocations=4 (full 0):
 garbage-first heap   total 262144K, used 39749K [0x0000000700000000, 0x0000000800000000)
  region size 1024K, 36 young (36864K), 7 survivors (7168K)
 Metaspace       used 20885K, capacity 21204K, committed 21248K, reserved 1069056K
  class space    used 2163K, capacity 2282K, committed 2304K, reserved 1048576K
}

