# JRE version: Java(TM) SE Runtime Environment 18.9 (11.0.16+11) (build 11.0.16+11-LTS-199)
# Java VM: Java HotSpot(TM) 64-Bit Server VM 18.9 (11.0.16+11-LTS-199, mixed mode, tiered, compressed oops, g1 gc, windows-amd64)
Heap:
 garbage-first heap   total 157696K, used 8697K [0x0000000080000000, 0x0000000100000000)
  region size 1024K, 3 young (3072K), 3 survivors (3072K)
 Metaspace       used 20680K, capacity 21142K, committed 21296K, reserved 1069056K
  class space    used 2228K, capacity 2409K, committed 2432K, reserved 1048576K
GC Heap History (9 events):
Event: 0.872 GC heap before
{Heap before GC invocations=0 (full 0):
 garbage-first heap   total 131072K, used 7168K [0x0000000080000000, 0x0000000100000000)
  region size 1024K, 7 young (7168K), 0 survivors (0K)
 Metaspace       used 6636K, capacity 6771K, committed 6784K, reserved 1056768K
  class space    used 581K, capacity 638K, committed 640K, reserved 1048576K
}
Event: 0.880 GC heap after
{Heap after GC invocations=1 (full 0):
 garbage-first heap   total 131072K, used 5108K [0x0000000080000000, 0x0000000100000000)
  region size 1024K, 1 young (1024K), 1 survivors (1024K)
 Metaspace       used 6636K, capacity 6771K, committed 6784K, reserved 1056768K
  class space    used 581K, capacity 638K, committed 640K, reserved 1048576K
}
Event: 1.247 GC heap before
{Heap before GC invocations=1 (full 0):
 garbage-first heap   total 131072K, used 10228K [0x0000000080000000, 0x0000000100000000)
  region size 1024K, 6 young (6144K), 1 survivors (1024K)
 Metaspace       used 9472K, capacity 9629K, committed 9984K, reserved 1058816K
  class space    used 853K, capacity 907K, committed 1024K, reserved 1048576K
}
Event: 1.256 GC heap after
{Heap after GC invocations=2 (full 0):
 garbage-first heap   total 131072K, used 6360K [0x0000000080000000, 0x0000000100000000)
  region size 1024K, 1 young (1024K), 1 survivors (1024K)
 Metaspace       used 9472K, capacity 9629K, committed 9984K, reserved 1058816K
  class space    used 853K, capacity 907K, committed 1024K, reserved 1048576K
}
Event: 1.793 GC heap before
{Heap before GC invocations=2 (full 0):
 garbage-first heap   total 131072K, used 17624K [0x0000000080000000, 0x0000000100000000)
  region size 1024K, 12 young (12288K), 1 survivors (1024K)
 Metaspace       used 12619K, capacity 12810K, committed 12928K, reserved 1060864K
  class space    used 1255K, capacity 1360K, committed 1408K, reserved 1048576K
}
Event: 1.798 GC heap after
{Heap after GC invocations=3 (full 0):
 garbage-first heap   total 131072K, used 7050K [0x0000000080000000, 0x0000000100000000)
  region size 1024K, 2 young (2048K), 2 survivors (2048K)
 Metaspace       used 12619K, capacity 12810K, committed 12928K, reserved 1060864K
  class space    used 1255K, capacity 1360K, committed 1408K, reserved 1048576K
}
Event: 2.442 GC heap before
{Heap before GC invocations=3 (full 0):
 garbage-first heap   total 131072K, used 23434K [0x0000000080000000, 0x0000000100000000)
  region size 1024K, 18 young (18432K), 2 survivors (2048K)
 Metaspace       used 17079K, capacity 17545K, committed 17664K, reserved 1064960K
  class space    used 1829K, capacity 2014K, committed 2048K, reserved 1048576K
}
Event: 2.450 GC heap after
{Heap after GC invocations=4 (full 0):
 garbage-first heap   total 131072K, used 8351K [0x0000000080000000, 0x0000000100000000)
  region size 1024K, 2 young (2048K), 2 survivors (2048K)
 Metaspace       used 17079K, capacity 17545K, committed 17664K, reserved 1064960K
  class space    used 1829K, capacity 2014K, committed 2048K, reserved 1048576K
}
Event: 2.845 GC heap before
{Heap before GC invocations=4 (full 0):
 garbage-first heap   total 131072K, used 23711K [0x0000000080000000, 0x0000000100000000)
  region size 1024K, 19 young (19456K), 2 survivors (2048K)
 Metaspace       used 20680K, capacity 21142K, committed 21296K, reserved 1069056K
  class space    used 2228K, capacity 2409K, committed 2432K, reserved 1048576K
}

