# JRE version: Java(TM) SE Runtime Environment 18.9 (11.0.16+11) (build 11.0.16+11-LTS-199)
# Java VM: Java HotSpot(TM) 64-Bit Server VM 18.9 (11.0.16+11-LTS-199, mixed mode, tiered, compressed oops, g1 gc, windows-amd64)
Heap:
 garbage-first heap   total 218112K, used 86951K [0x0000000080000000, 0x0000000100000000)
  region size 1024K, 67 young (68608K), 11 survivors (11264K)
 Metaspace       used 48432K, capacity 50224K, committed 50480K, reserved 1093632K
  class space    used 6315K, capacity 7035K, committed 7040K, reserved 1048576K
GC Heap History (10 events):
Event: 3.623 GC heap before
{Heap before GC invocations=8 (full 0):
 garbage-first heap   total 157696K, used 74251K [0x0000000080000000, 0x0000000100000000)
  region size 1024K, 67 young (68608K), 6 survivors (6144K)
 Metaspace       used 28598K, capacity 29381K, committed 29744K, reserved 1075200K
  class space    used 3542K, capacity 3858K, committed 3968K, reserved 1048576K
}
Event: 3.647 GC heap after
{Heap after GC invocations=9 (full 0):
 garbage-first heap   total 157696K, used 14479K [0x0000000080000000, 0x0000000100000000)
  region size 1024K, 7 young (7168K), 7 survivors (7168K)
 Metaspace       used 28598K, capacity 29381K, committed 29744K, reserved 1075200K
  class space    used 3542K, capacity 3858K, committed 3968K, reserved 1048576K
}
Event: 5.134 GC heap before
{Heap before GC invocations=9 (full 0):
 garbage-first heap   total 157696K, used 101519K [0x0000000080000000, 0x0000000100000000)
  region size 1024K, 87 young (89088K), 7 survivors (7168K)
 Metaspace       used 34581K, capacity 35792K, committed 35888K, reserved 1081344K
  class space    used 4384K, capacity 4897K, committed 4992K, reserved 1048576K
}
Event: 5.174 GC heap after
{Heap after GC invocations=10 (full 0):
 garbage-first heap   total 218112K, used 20093K [0x0000000080000000, 0x0000000100000000)
  region size 1024K, 11 young (11264K), 11 survivors (11264K)
 Metaspace       used 34581K, capacity 35792K, committed 35888K, reserved 1081344K
  class space    used 4384K, capacity 4897K, committed 4992K, reserved 1048576K
}
Event: 5.175 GC heap before
{Heap before GC invocations=10 (full 0):
 garbage-first heap   total 218112K, used 20093K [0x0000000080000000, 0x0000000100000000)
  region size 1024K, 12 young (12288K), 11 survivors (11264K)
 Metaspace       used 34585K, capacity 35792K, committed 35888K, reserved 1081344K
  class space    used 4385K, capacity 4897K, committed 4992K, reserved 1048576K
}
Event: 5.204 GC heap after
{Heap after GC invocations=11 (full 0):
 garbage-first heap   total 218112K, used 20350K [0x0000000080000000, 0x0000000100000000)
  region size 1024K, 6 young (6144K), 6 survivors (6144K)
 Metaspace       used 34585K, capacity 35792K, committed 35888K, reserved 1081344K
  class space    used 4385K, capacity 4897K, committed 4992K, reserved 1048576K
}
Event: 6.077 GC heap before
{Heap before GC invocations=12 (full 0):
 garbage-first heap   total 218112K, used 92030K [0x0000000080000000, 0x0000000100000000)
  region size 1024K, 76 young (77824K), 6 survivors (6144K)
 Metaspace       used 37950K, capacity 39395K, committed 39472K, reserved 1083392K
  class space    used 4905K, capacity 5495K, committed 5504K, reserved 1048576K
}
Event: 6.137 GC heap after
{Heap after GC invocations=13 (full 0):
 garbage-first heap   total 218112K, used 25002K [0x0000000080000000, 0x0000000100000000)
  region size 1024K, 5 young (5120K), 5 survivors (5120K)
 Metaspace       used 37950K, capacity 39395K, committed 39472K, reserved 1083392K
  class space    used 4905K, capacity 5495K, committed 5504K, reserved 1048576K
}
Event: 7.628 GC heap before
{Heap before GC invocations=13 (full 0):
 garbage-first heap   total 218112K, used 111018K [0x0000000080000000, 0x0000000100000000)
  region size 1024K, 89 young (91136K), 5 survivors (5120K)
 Metaspace       used 40445K, capacity 42097K, committed 42288K, reserved 1085440K
  class space    used 5322K, capacity 6011K, committed 6016K, reserved 1048576K
}
Event: 7.658 GC heap after
{Heap after GC invocations=14 (full 0):
 garbage-first heap   total 218112K, used 30631K [0x0000000080000000, 0x0000000100000000)
  region size 1024K, 11 young (11264K), 11 survivors (11264K)
 Metaspace       used 40445K, capacity 42097K, committed 42288K, reserved 1085440K
  class space    used 5322K, capacity 6011K, committed 6016K, reserved 1048576K
}

