# JRE version: Java(TM) SE Runtime Environment 18.9 (11.0.16+11) (build 11.0.16+11-LTS-199)
# Java VM: Java HotSpot(TM) 64-Bit Server VM 18.9 (11.0.16+11-LTS-199, mixed mode, tiered, compressed oops, g1 gc, windows-amd64)
Heap:
 garbage-first heap   total 315392K, used 11770K [0x0000000700000000, 0x0000000800000000)
  region size 1024K, 9 young (9216K), 9 survivors (9216K)
 Metaspace       used 20876K, capacity 21203K, committed 21248K, reserved 1069056K
  class space    used 2177K, capacity 2282K, committed 2304K, reserved 1048576K
GC Heap History (9 events):
Event: 0.692 GC heap before
{Heap before GC invocations=0 (full 0):
 garbage-first heap   total 262144K, used 13312K [0x0000000700000000, 0x0000000800000000)
  region size 1024K, 14 young (14336K), 0 survivors (0K)
 Metaspace       used 10676K, capacity 10888K, committed 11136K, reserved 1058816K
  class space    used 1031K, capacity 1120K, committed 1152K, reserved 1048576K
}
Event: 0.697 GC heap after
{Heap after GC invocations=1 (full 0):
 garbage-first heap   total 262144K, used 3019K [0x0000000700000000, 0x0000000800000000)
  region size 1024K, 2 young (2048K), 2 survivors (2048K)
 Metaspace       used 10676K, capacity 10888K, committed 11136K, reserved 1058816K
  class space    used 1031K, capacity 1120K, committed 1152K, reserved 1048576K
}
Event: 0.993 GC heap before
{Heap before GC invocations=1 (full 0):
 garbage-first heap   total 262144K, used 15307K [0x0000000700000000, 0x0000000800000000)
  region size 1024K, 14 young (14336K), 2 survivors (2048K)
 Metaspace       used 12407K, capacity 12596K, committed 12672K, reserved 1060864K
  class space    used 1265K, capacity 1348K, committed 1408K, reserved 1048576K
}
Event: 0.998 GC heap after
{Heap after GC invocations=2 (full 0):
 garbage-first heap   total 262144K, used 3700K [0x0000000700000000, 0x0000000800000000)
  region size 1024K, 1 young (1024K), 1 survivors (1024K)
 Metaspace       used 12407K, capacity 12596K, committed 12672K, reserved 1060864K
  class space    used 1265K, capacity 1348K, committed 1408K, reserved 1048576K
}
Event: 1.808 GC heap before
{Heap before GC invocations=2 (full 0):
 garbage-first heap   total 262144K, used 35444K [0x0000000700000000, 0x0000000800000000)
  region size 1024K, 32 young (32768K), 1 survivors (1024K)
 Metaspace       used 16820K, capacity 17008K, committed 17152K, reserved 1064960K
  class space    used 1824K, capacity 1939K, committed 2048K, reserved 1048576K
}
Event: 1.813 GC heap after
{Heap after GC invocations=3 (full 0):
 garbage-first heap   total 262144K, used 5335K [0x0000000700000000, 0x0000000800000000)
  region size 1024K, 3 young (3072K), 3 survivors (3072K)
 Metaspace       used 16820K, capacity 17008K, committed 17152K, reserved 1064960K
  class space    used 1824K, capacity 1939K, committed 2048K, reserved 1048576K
}
Event: 3.224 GC heap before
{Heap before GC invocations=3 (full 0):
 garbage-first heap   total 262144K, used 57559K [0x0000000700000000, 0x0000000800000000)
  region size 1024K, 54 young (55296K), 3 survivors (3072K)
 Metaspace       used 20519K, capacity 20818K, committed 20992K, reserved 1069056K
  class space    used 2163K, capacity 2282K, committed 2304K, reserved 1048576K
}
Event: 3.240 GC heap after
{Heap after GC invocations=4 (full 0):
 garbage-first heap   total 262144K, used 10458K [0x0000000700000000, 0x0000000800000000)
  region size 1024K, 7 young (7168K), 7 survivors (7168K)
 Metaspace       used 20519K, capacity 20818K, committed 20992K, reserved 1069056K
  class space    used 2163K, capacity 2282K, committed 2304K, reserved 1048576K
}
Event: 3.623 GC heap before
{Heap before GC invocations=4 (full 0):
 garbage-first heap   total 262144K, used 25818K [0x0000000700000000, 0x0000000800000000)
  region size 1024K, 23 young (23552K), 7 survivors (7168K)
 Metaspace       used 20876K, capacity 21203K, committed 21248K, reserved 1069056K
  class space    used 2177K, capacity 2282K, committed 2304K, reserved 1048576K
}

