# JRE version: Java(TM) SE Runtime Environment 18.9 (11.0.16+11) (build 11.0.16+11-LTS-199)
# Java VM: Java HotSpot(TM) 64-Bit Server VM 18.9 (11.0.16+11-LTS-199, mixed mode, tiered, compressed oops, g1 gc, windows-amd64)
Heap:
 garbage-first heap   total 173056K, used 8608K [0x0000000080000000, 0x0000000100000000)
  region size 1024K, 3 young (3072K), 3 survivors (3072K)
 Metaspace       used 19957K, capacity 20473K, committed 20736K, reserved 1067008K
  class space    used 2309K, capacity 2522K, committed 2560K, reserved 1048576K
GC Heap History (9 events):
Event: 0.399 GC heap before
{Heap before GC invocations=0 (full 0):
 garbage-first heap   total 131072K, used 7168K [0x0000000080000000, 0x0000000100000000)
  region size 1024K, 7 young (7168K), 0 survivors (0K)
 Metaspace       used 6923K, capacity 7015K, committed 7168K, reserved 1056768K
  class space    used 617K, capacity 657K, committed 768K, reserved 1048576K
}
Event: 0.405 GC heap after
{Heap after GC invocations=1 (full 0):
 garbage-first heap   total 131072K, used 5106K [0x0000000080000000, 0x0000000100000000)
  region size 1024K, 1 young (1024K), 1 survivors (1024K)
 Metaspace       used 6923K, capacity 7015K, committed 7168K, reserved 1056768K
  class space    used 617K, capacity 657K, committed 768K, reserved 1048576K
}
Event: 0.570 GC heap before
{Heap before GC invocations=1 (full 0):
 garbage-first heap   total 131072K, used 10226K [0x0000000080000000, 0x0000000100000000)
  region size 1024K, 6 young (6144K), 1 survivors (1024K)
 Metaspace       used 8792K, capacity 8944K, committed 9088K, reserved 1056768K
  class space    used 818K, capacity 877K, committed 896K, reserved 1048576K
}
Event: 0.575 GC heap after
{Heap after GC invocations=2 (full 0):
 garbage-first heap   total 131072K, used 5995K [0x0000000080000000, 0x0000000100000000)
  region size 1024K, 1 young (1024K), 1 survivors (1024K)
 Metaspace       used 8792K, capacity 8944K, committed 9088K, reserved 1056768K
  class space    used 818K, capacity 877K, committed 896K, reserved 1048576K
}
Event: 0.905 GC heap before
{Heap before GC invocations=2 (full 0):
 garbage-first heap   total 131072K, used 16235K [0x0000000080000000, 0x0000000100000000)
  region size 1024K, 11 young (11264K), 1 survivors (1024K)
 Metaspace       used 11985K, capacity 12223K, committed 12416K, reserved 1060864K
  class space    used 1229K, capacity 1320K, committed 1408K, reserved 1048576K
}
Event: 0.910 GC heap after
{Heap after GC invocations=3 (full 0):
 garbage-first heap   total 131072K, used 6646K [0x0000000080000000, 0x0000000100000000)
  region size 1024K, 2 young (2048K), 2 survivors (2048K)
 Metaspace       used 11985K, capacity 12223K, committed 12416K, reserved 1060864K
  class space    used 1229K, capacity 1320K, committed 1408K, reserved 1048576K
}
Event: 1.373 GC heap before
{Heap before GC invocations=3 (full 0):
 garbage-first heap   total 131072K, used 22006K [0x0000000080000000, 0x0000000100000000)
  region size 1024K, 17 young (17408K), 2 survivors (2048K)
 Metaspace       used 15551K, capacity 15916K, committed 16000K, reserved 1062912K
  class space    used 1751K, capacity 1908K, committed 1920K, reserved 1048576K
}
Event: 1.389 GC heap after
{Heap after GC invocations=4 (full 0):
 garbage-first heap   total 131072K, used 7814K [0x0000000080000000, 0x0000000100000000)
  region size 1024K, 3 young (3072K), 3 survivors (3072K)
 Metaspace       used 15551K, capacity 15916K, committed 16000K, reserved 1062912K
  class space    used 1751K, capacity 1908K, committed 1920K, reserved 1048576K
}
Event: 1.726 GC heap before
{Heap before GC invocations=4 (full 0):
 garbage-first heap   total 131072K, used 30342K [0x0000000080000000, 0x0000000100000000)
  region size 1024K, 26 young (26624K), 3 survivors (3072K)
 Metaspace       used 19957K, capacity 20473K, committed 20736K, reserved 1067008K
  class space    used 2309K, capacity 2522K, committed 2560K, reserved 1048576K
}

