# JRE version: Java(TM) SE Runtime Environment 18.9 (11.0.16+11) (build 11.0.16+11-LTS-199)
# Java VM: Java HotSpot(TM) 64-Bit Server VM 18.9 (11.0.16+11-LTS-199, mixed mode, tiered, compressed oops, g1 gc, windows-amd64)
Heap:
 garbage-first heap   total 315392K, used 12531K [0x0000000700000000, 0x0000000800000000)
  region size 1024K, 8 young (8192K), 8 survivors (8192K)
 Metaspace       used 30767K, capacity 31758K, committed 31920K, reserved 1095680K
  class space    used 3805K, capacity 4250K, committed 4352K, reserved 1048576K
GC Heap History (10 events):
Event: 0.772 GC heap before
{Heap before GC invocations=1 (full 0):
 garbage-first heap   total 262144K, used 14073K [0x0000000700000000, 0x0000000800000000)
  region size 1024K, 12 young (12288K), 2 survivors (2048K)
 Metaspace       used 13012K, capacity 13282K, committed 13568K, reserved 1060864K
  class space    used 1372K, capacity 1464K, committed 1536K, reserved 1048576K
}
Event: 0.778 GC heap after
{Heap after GC invocations=2 (full 0):
 garbage-first heap   total 262144K, used 4703K [0x0000000700000000, 0x0000000800000000)
  region size 1024K, 1 young (1024K), 1 survivors (1024K)
 Metaspace       used 13012K, capacity 13282K, committed 13568K, reserved 1060864K
  class space    used 1372K, capacity 1464K, committed 1536K, reserved 1048576K
}
Event: 1.186 GC heap before
{Heap before GC invocations=2 (full 0):
 garbage-first heap   total 262144K, used 33375K [0x0000000700000000, 0x0000000800000000)
  region size 1024K, 29 young (29696K), 1 survivors (1024K)
 Metaspace       used 19014K, capacity 19534K, committed 19584K, reserved 1067008K
  class space    used 2190K, capacity 2400K, committed 2432K, reserved 1048576K
}
Event: 1.192 GC heap after
{Heap after GC invocations=3 (full 0):
 garbage-first heap   total 262144K, used 5928K [0x0000000700000000, 0x0000000800000000)
  region size 1024K, 2 young (2048K), 2 survivors (2048K)
 Metaspace       used 19014K, capacity 19534K, committed 19584K, reserved 1067008K
  class space    used 2190K, capacity 2400K, committed 2432K, reserved 1048576K
}
Event: 1.434 GC heap before
{Heap before GC invocations=3 (full 0):
 garbage-first heap   total 262144K, used 21288K [0x0000000700000000, 0x0000000800000000)
  region size 1024K, 18 young (18432K), 2 survivors (2048K)
 Metaspace       used 20691K, capacity 21193K, committed 21296K, reserved 1069056K
  class space    used 2418K, capacity 2653K, committed 2688K, reserved 1048576K
}
Event: 1.441 GC heap after
{Heap after GC invocations=4 (full 0):
 garbage-first heap   total 262144K, used 7035K [0x0000000700000000, 0x0000000800000000)
  region size 1024K, 4 young (4096K), 4 survivors (4096K)
 Metaspace       used 20691K, capacity 21193K, committed 21296K, reserved 1069056K
  class space    used 2418K, capacity 2653K, committed 2688K, reserved 1048576K
}
Event: 2.111 GC heap before
{Heap before GC invocations=5 (full 0):
 garbage-first heap   total 262144K, used 47995K [0x0000000700000000, 0x0000000800000000)
  region size 1024K, 44 young (45056K), 4 survivors (4096K)
 Metaspace       used 25203K, capacity 26034K, committed 26160K, reserved 1073152K
  class space    used 3111K, capacity 3455K, committed 3456K, reserved 1048576K
}
Event: 2.125 GC heap after
{Heap after GC invocations=6 (full 0):
 garbage-first heap   total 315392K, used 9210K [0x0000000700000000, 0x0000000800000000)
  region size 1024K, 5 young (5120K), 5 survivors (5120K)
 Metaspace       used 25203K, capacity 26034K, committed 26160K, reserved 1073152K
  class space    used 3111K, capacity 3455K, committed 3456K, reserved 1048576K
}
Event: 2.920 GC heap before
{Heap before GC invocations=6 (full 0):
 garbage-first heap   total 315392K, used 46074K [0x0000000700000000, 0x0000000800000000)
  region size 1024K, 42 young (43008K), 5 survivors (5120K)
 Metaspace       used 30767K, capacity 31758K, committed 31920K, reserved 1093632K
  class space    used 3805K, capacity 4250K, committed 4352K, reserved 1048576K
}
Event: 2.937 GC heap after
{Heap after GC invocations=7 (full 0):
 garbage-first heap   total 315392K, used 12531K [0x0000000700000000, 0x0000000800000000)
  region size 1024K, 8 young (8192K), 8 survivors (8192K)
 Metaspace       used 30767K, capacity 31758K, committed 31920K, reserved 1093632K
  class space    used 3805K, capacity 4250K, committed 4352K, reserved 1048576K
}

