# JRE version: Java(TM) SE Runtime Environment 18.9 (11.0.16+11) (build 11.0.16+11-LTS-199)
# Java VM: Java HotSpot(TM) 64-Bit Server VM 18.9 (11.0.16+11-LTS-199, mixed mode, tiered, compressed oops, g1 gc, windows-amd64)
Heap:
 garbage-first heap   total 157696K, used 57089K [0x0000000080000000, 0x0000000100000000)
  region size 1024K, 49 young (50176K), 7 survivors (7168K)
 Metaspace       used 21370K, capacity 21704K, committed 21888K, reserved 1069056K
  class space    used 2181K, capacity 2320K, committed 2432K, reserved 1048576K
GC Heap History (10 events):
Event: 2.401 GC heap before
{Heap before GC invocations=2 (full 0):
 garbage-first heap   total 131072K, used 15362K [0x0000000080000000, 0x0000000100000000)
  region size 1024K, 13 young (13312K), 1 survivors (1024K)
 Metaspace       used 12316K, capacity 12532K, committed 12672K, reserved 1060864K
  class space    used 1245K, capacity 1348K, committed 1408K, reserved 1048576K
}
Event: 2.406 GC heap after
{Heap after GC invocations=3 (full 0):
 garbage-first heap   total 131072K, used 3645K [0x0000000080000000, 0x0000000100000000)
  region size 1024K, 2 young (2048K), 2 survivors (2048K)
 Metaspace       used 12316K, capacity 12532K, committed 12672K, reserved 1060864K
  class space    used 1245K, capacity 1348K, committed 1408K, reserved 1048576K
}
Event: 3.077 GC heap before
{Heap before GC invocations=3 (full 0):
 garbage-first heap   total 131072K, used 20029K [0x0000000080000000, 0x0000000100000000)
  region size 1024K, 19 young (19456K), 2 survivors (2048K)
 Metaspace       used 14139K, capacity 14353K, committed 14720K, reserved 1062912K
  class space    used 1459K, capacity 1548K, committed 1664K, reserved 1048576K
}
Event: 3.083 GC heap after
{Heap after GC invocations=4 (full 0):
 garbage-first heap   total 131072K, used 4141K [0x0000000080000000, 0x0000000100000000)
  region size 1024K, 2 young (2048K), 2 survivors (2048K)
 Metaspace       used 14139K, capacity 14353K, committed 14720K, reserved 1062912K
  class space    used 1459K, capacity 1548K, committed 1664K, reserved 1048576K
}
Event: 7.292 GC heap before
{Heap before GC invocations=4 (full 0):
 garbage-first heap   total 131072K, used 34861K [0x0000000080000000, 0x0000000100000000)
  region size 1024K, 32 young (32768K), 2 survivors (2048K)
 Metaspace       used 19673K, capacity 19995K, committed 20224K, reserved 1067008K
  class space    used 2115K, capacity 2243K, committed 2304K, reserved 1048576K
}
Event: 7.308 GC heap after
{Heap after GC invocations=5 (full 0):
 garbage-first heap   total 131072K, used 6608K [0x0000000080000000, 0x0000000100000000)
  region size 1024K, 4 young (4096K), 4 survivors (4096K)
 Metaspace       used 19673K, capacity 19995K, committed 20224K, reserved 1067008K
  class space    used 2115K, capacity 2243K, committed 2304K, reserved 1048576K
}
Event: 10.358 GC heap before
{Heap before GC invocations=5 (full 0):
 garbage-first heap   total 131072K, used 46544K [0x0000000080000000, 0x0000000100000000)
  region size 1024K, 43 young (44032K), 4 survivors (4096K)
 Metaspace       used 20564K, capacity 20880K, committed 20992K, reserved 1069056K
  class space    used 2161K, capacity 2281K, committed 2304K, reserved 1048576K
}
Event: 10.385 GC heap after
{Heap after GC invocations=6 (full 0):
 garbage-first heap   total 131072K, used 11182K [0x0000000080000000, 0x0000000100000000)
  region size 1024K, 6 young (6144K), 6 survivors (6144K)
 Metaspace       used 20564K, capacity 20880K, committed 20992K, reserved 1069056K
  class space    used 2161K, capacity 2281K, committed 2304K, reserved 1048576K
}
Event: 11.470 GC heap before
{Heap before GC invocations=6 (full 0):
 garbage-first heap   total 131072K, used 38830K [0x0000000080000000, 0x0000000100000000)
  region size 1024K, 34 young (34816K), 6 survivors (6144K)
 Metaspace       used 20927K, capacity 21203K, committed 21248K, reserved 1069056K
  class space    used 2163K, capacity 2282K, committed 2304K, reserved 1048576K
}
Event: 11.499 GC heap after
{Heap after GC invocations=7 (full 0):
 garbage-first heap   total 157696K, used 15105K [0x0000000080000000, 0x0000000100000000)
  region size 1024K, 7 young (7168K), 7 survivors (7168K)
 Metaspace       used 20927K, capacity 21203K, committed 21248K, reserved 1069056K
  class space    used 2163K, capacity 2282K, committed 2304K, reserved 1048576K
}

