# JRE version: Java(TM) SE Runtime Environment 18.9 (11.0.16+11) (build 11.0.16+11-LTS-199)
# Java VM: Java HotSpot(TM) 64-Bit Server VM 18.9 (11.0.16+11-LTS-199, mixed mode, tiered, compressed oops, g1 gc, windows-amd64)
Heap:
 garbage-first heap   total 295936K, used 19067K [0x0000000080000000, 0x0000000100000000)
  region size 1024K, 8 young (8192K), 8 survivors (8192K)
 Metaspace       used 48781K, capacity 50077K, committed 50224K, reserved 1093632K
  class space    used 6398K, capacity 6939K, committed 7040K, reserved 1048576K
GC Heap History (10 events):
Event: 1.410 GC heap after
{Heap after GC invocations=4 (full 0):
 garbage-first heap   total 131072K, used 7602K [0x0000000080000000, 0x0000000100000000)
  region size 1024K, 3 young (3072K), 3 survivors (3072K)
 Metaspace       used 15403K, capacity 15771K, committed 16000K, reserved 1062912K
  class space    used 1724K, capacity 1878K, committed 1920K, reserved 1048576K
}
Event: 1.841 GC heap before
{Heap before GC invocations=4 (full 0):
 garbage-first heap   total 131072K, used 35250K [0x0000000080000000, 0x0000000100000000)
  region size 1024K, 31 young (31744K), 3 survivors (3072K)
 Metaspace       used 20259K, capacity 20813K, committed 21120K, reserved 1067008K
  class space    used 2351K, capacity 2569K, committed 2688K, reserved 1048576K
}
Event: 1.864 GC heap after
{Heap after GC invocations=5 (full 0):
 garbage-first heap   total 161792K, used 9113K [0x0000000080000000, 0x0000000100000000)
  region size 1024K, 4 young (4096K), 4 survivors (4096K)
 Metaspace       used 20259K, capacity 20813K, committed 21120K, reserved 1067008K
  class space    used 2351K, capacity 2569K, committed 2688K, reserved 1048576K
}
Event: 1.917 GC heap before
{Heap before GC invocations=5 (full 0):
 garbage-first heap   total 161792K, used 13209K [0x0000000080000000, 0x0000000100000000)
  region size 1024K, 9 young (9216K), 4 survivors (4096K)
 Metaspace       used 20602K, capacity 21107K, committed 21296K, reserved 1069056K
  class space    used 2384K, capacity 2603K, committed 2688K, reserved 1048576K
}
Event: 1.934 GC heap after
{Heap after GC invocations=6 (full 0):
 garbage-first heap   total 161792K, used 9177K [0x0000000080000000, 0x0000000100000000)
  region size 1024K, 4 young (4096K), 4 survivors (4096K)
 Metaspace       used 20602K, capacity 21107K, committed 21296K, reserved 1069056K
  class space    used 2384K, capacity 2603K, committed 2688K, reserved 1048576K
}
Event: 3.185 GC heap before
{Heap before GC invocations=7 (full 0):
 garbage-first heap   total 161792K, used 68569K [0x0000000080000000, 0x0000000100000000)
  region size 1024K, 62 young (63488K), 4 survivors (4096K)
 Metaspace       used 25553K, capacity 26350K, committed 26544K, reserved 1073152K
  class space    used 3144K, capacity 3466K, committed 3584K, reserved 1048576K
}
Event: 3.217 GC heap after
{Heap after GC invocations=8 (full 0):
 garbage-first heap   total 161792K, used 11556K [0x0000000080000000, 0x0000000100000000)
  region size 1024K, 6 young (6144K), 6 survivors (6144K)
 Metaspace       used 25553K, capacity 26350K, committed 26544K, reserved 1073152K
  class space    used 3144K, capacity 3466K, committed 3584K, reserved 1048576K
}
Event: 5.758 GC heap before
{Heap before GC invocations=8 (full 0):
 garbage-first heap   total 161792K, used 80164K [0x0000000080000000, 0x0000000100000000)
  region size 1024K, 74 young (75776K), 6 survivors (6144K)
 Metaspace       used 34635K, capacity 35759K, committed 35888K, reserved 1081344K
  class space    used 4405K, capacity 4865K, committed 4992K, reserved 1048576K
}
Event: 5.811 GC heap after
{Heap after GC invocations=9 (full 0):
 garbage-first heap   total 161792K, used 16043K [0x0000000080000000, 0x0000000100000000)
  region size 1024K, 10 young (10240K), 10 survivors (10240K)
 Metaspace       used 34635K, capacity 35759K, committed 35888K, reserved 1081344K
  class space    used 4405K, capacity 4865K, committed 4992K, reserved 1048576K
}
Event: 7.385 GC heap before
{Heap before GC invocations=10 (full 0):
 garbage-first heap   total 161792K, used 98987K [0x0000000080000000, 0x0000000100000000)
  region size 1024K, 91 young (93184K), 10 survivors (10240K)
 Metaspace       used 48781K, capacity 50077K, committed 50224K, reserved 1093632K
  class space    used 6398K, capacity 6939K, committed 7040K, reserved 1048576K
}

