# JRE version: Java(TM) SE Runtime Environment 18.9 (11.0.16+11) (build 11.0.16+11-LTS-199)
# Java VM: Java HotSpot(TM) 64-Bit Server VM 18.9 (11.0.16+11-LTS-199, mixed mode, tiered, compressed oops, g1 gc, windows-amd64)
Heap:
 garbage-first heap   total 279552K, used 15836K [0x0000000080000000, 0x0000000100000000)
  region size 1024K, 6 young (6144K), 6 survivors (6144K)
 Metaspace       used 34723K, capacity 35823K, committed 35920K, reserved 1081344K
  class space    used 4413K, capacity 4864K, committed 4864K, reserved 1048576K
GC Heap History (10 events):
Event: 1.180 GC heap after
{Heap after GC invocations=4 (full 0):
 garbage-first heap   total 131072K, used 7653K [0x0000000080000000, 0x0000000100000000)
  region size 1024K, 3 young (3072K), 3 survivors (3072K)
 Metaspace       used 15414K, capacity 15756K, committed 16000K, reserved 1062912K
  class space    used 1732K, capacity 1897K, committed 1920K, reserved 1048576K
}
Event: 1.549 GC heap before
{Heap before GC invocations=4 (full 0):
 garbage-first heap   total 131072K, used 35301K [0x0000000080000000, 0x0000000100000000)
  region size 1024K, 30 young (30720K), 3 survivors (3072K)
 Metaspace       used 20139K, capacity 20683K, committed 20864K, reserved 1067008K
  class space    used 2338K, capacity 2568K, committed 2688K, reserved 1048576K
}
Event: 1.560 GC heap after
{Heap after GC invocations=5 (full 0):
 garbage-first heap   total 158720K, used 8705K [0x0000000080000000, 0x0000000100000000)
  region size 1024K, 3 young (3072K), 3 survivors (3072K)
 Metaspace       used 20139K, capacity 20683K, committed 20864K, reserved 1067008K
  class space    used 2338K, capacity 2568K, committed 2688K, reserved 1048576K
}
Event: 1.628 GC heap before
{Heap before GC invocations=5 (full 0):
 garbage-first heap   total 158720K, used 12801K [0x0000000080000000, 0x0000000100000000)
  region size 1024K, 9 young (9216K), 3 survivors (3072K)
 Metaspace       used 20628K, capacity 21140K, committed 21296K, reserved 1069056K
  class space    used 2388K, capacity 2635K, committed 2688K, reserved 1048576K
}
Event: 1.636 GC heap after
{Heap after GC invocations=6 (full 0):
 garbage-first heap   total 158720K, used 9049K [0x0000000080000000, 0x0000000100000000)
  region size 1024K, 3 young (3072K), 3 survivors (3072K)
 Metaspace       used 20628K, capacity 21140K, committed 21296K, reserved 1069056K
  class space    used 2388K, capacity 2635K, committed 2688K, reserved 1048576K
}
Event: 2.307 GC heap before
{Heap before GC invocations=7 (full 0):
 garbage-first heap   total 158720K, used 44889K [0x0000000080000000, 0x0000000100000000)
  region size 1024K, 38 young (38912K), 3 survivors (3072K)
 Metaspace       used 23056K, capacity 23706K, committed 23984K, reserved 1071104K
  class space    used 2758K, capacity 3019K, committed 3072K, reserved 1048576K
}
Event: 2.332 GC heap after
{Heap after GC invocations=8 (full 0):
 garbage-first heap   total 158720K, used 10505K [0x0000000080000000, 0x0000000100000000)
  region size 1024K, 4 young (4096K), 4 survivors (4096K)
 Metaspace       used 23056K, capacity 23706K, committed 23984K, reserved 1071104K
  class space    used 2758K, capacity 3019K, committed 3072K, reserved 1048576K
}
Event: 3.241 GC heap before
{Heap before GC invocations=8 (full 0):
 garbage-first heap   total 158720K, used 60681K [0x0000000080000000, 0x0000000100000000)
  region size 1024K, 53 young (54272K), 4 survivors (4096K)
 Metaspace       used 29707K, capacity 30631K, committed 30896K, reserved 1077248K
  class space    used 3689K, capacity 4070K, committed 4096K, reserved 1048576K
}
Event: 3.282 GC heap after
{Heap after GC invocations=9 (full 0):
 garbage-first heap   total 158720K, used 13921K [0x0000000080000000, 0x0000000100000000)
  region size 1024K, 7 young (7168K), 7 survivors (7168K)
 Metaspace       used 29707K, capacity 30631K, committed 30896K, reserved 1077248K
  class space    used 3689K, capacity 4070K, committed 4096K, reserved 1048576K
}
Event: 4.307 GC heap before
{Heap before GC invocations=9 (full 0):
 garbage-first heap   total 158720K, used 54881K [0x0000000080000000, 0x0000000100000000)
  region size 1024K, 48 young (49152K), 7 survivors (7168K)
 Metaspace       used 34723K, capacity 35823K, committed 35920K, reserved 1081344K
  class space    used 4413K, capacity 4864K, committed 4864K, reserved 1048576K
}

