# JRE version: Java(TM) SE Runtime Environment 18.9 (11.0.16+11) (build 11.0.16+11-LTS-199)
# Java VM: Java HotSpot(TM) 64-Bit Server VM 18.9 (11.0.16+11-LTS-199, mixed mode, tiered, compressed oops, g1 gc, windows-amd64)
Heap:
 garbage-first heap   total 315392K, used 130958K [0x0000000700000000, 0x0000000800000000)
  region size 1024K, 119 young (121856K), 8 survivors (8192K)
 Metaspace       used 34296K, capacity 34956K, committed 35200K, reserved 1081344K
  class space    used 3574K, capacity 3851K, committed 3968K, reserved 1048576K
GC Heap History (10 events):
Event: 0.929 GC heap before
{Heap before GC invocations=1 (full 0):
 garbage-first heap   total 262144K, used 14258K [0x0000000700000000, 0x0000000800000000)
  region size 1024K, 13 young (13312K), 2 survivors (2048K)
 Metaspace       used 12360K, capacity 12532K, committed 12672K, reserved 1060864K
  class space    used 1251K, capacity 1348K, committed 1408K, reserved 1048576K
}
Event: 0.935 GC heap after
{Heap after GC invocations=2 (full 0):
 garbage-first heap   total 262144K, used 3607K [0x0000000700000000, 0x0000000800000000)
  region size 1024K, 1 young (1024K), 1 survivors (1024K)
 Metaspace       used 12360K, capacity 12532K, committed 12672K, reserved 1060864K
  class space    used 1251K, capacity 1348K, committed 1408K, reserved 1048576K
}
Event: 1.699 GC heap before
{Heap before GC invocations=2 (full 0):
 garbage-first heap   total 262144K, used 35351K [0x0000000700000000, 0x0000000800000000)
  region size 1024K, 32 young (32768K), 1 survivors (1024K)
 Metaspace       used 16608K, capacity 16848K, committed 17024K, reserved 1064960K
  class space    used 1802K, capacity 1907K, committed 1920K, reserved 1048576K
}
Event: 1.705 GC heap after
{Heap after GC invocations=3 (full 0):
 garbage-first heap   total 262144K, used 5078K [0x0000000700000000, 0x0000000800000000)
  region size 1024K, 3 young (3072K), 3 survivors (3072K)
 Metaspace       used 16608K, capacity 16848K, committed 17024K, reserved 1064960K
  class space    used 1802K, capacity 1907K, committed 1920K, reserved 1048576K
}
Event: 3.257 GC heap before
{Heap before GC invocations=3 (full 0):
 garbage-first heap   total 262144K, used 58326K [0x0000000700000000, 0x0000000800000000)
  region size 1024K, 55 young (56320K), 3 survivors (3072K)
 Metaspace       used 20475K, capacity 20816K, committed 20992K, reserved 1069056K
  class space    used 2160K, capacity 2281K, committed 2304K, reserved 1048576K
}
Event: 3.272 GC heap after
{Heap after GC invocations=4 (full 0):
 garbage-first heap   total 262144K, used 10373K [0x0000000700000000, 0x0000000800000000)
  region size 1024K, 7 young (7168K), 7 survivors (7168K)
 Metaspace       used 20475K, capacity 20816K, committed 20992K, reserved 1069056K
  class space    used 2160K, capacity 2281K, committed 2304K, reserved 1048576K
}
Event: 3.563 GC heap before
{Heap before GC invocations=4 (full 0):
 garbage-first heap   total 262144K, used 22661K [0x0000000700000000, 0x0000000800000000)
  region size 1024K, 20 young (20480K), 7 survivors (7168K)
 Metaspace       used 20843K, capacity 21227K, committed 21248K, reserved 1069056K
  class space    used 2184K, capacity 2286K, committed 2304K, reserved 1048576K
}
Event: 3.578 GC heap after
{Heap after GC invocations=5 (full 0):
 garbage-first heap   total 315392K, used 11682K [0x0000000700000000, 0x0000000800000000)
  region size 1024K, 9 young (9216K), 9 survivors (9216K)
 Metaspace       used 20843K, capacity 21227K, committed 21248K, reserved 1069056K
  class space    used 2184K, capacity 2286K, committed 2304K, reserved 1048576K
}
Event: 5.659 GC heap before
{Heap before GC invocations=6 (full 0):
 garbage-first heap   total 315392K, used 65954K [0x0000000700000000, 0x0000000800000000)
  region size 1024K, 62 young (63488K), 9 survivors (9216K)
 Metaspace       used 30243K, capacity 30829K, committed 30976K, reserved 1077248K
  class space    used 3229K, capacity 3461K, committed 3584K, reserved 1048576K
}
Event: 5.685 GC heap after
{Heap after GC invocations=7 (full 0):
 garbage-first heap   total 315392K, used 19342K [0x0000000700000000, 0x0000000800000000)
  region size 1024K, 8 young (8192K), 8 survivors (8192K)
 Metaspace       used 30243K, capacity 30829K, committed 30976K, reserved 1077248K
  class space    used 3229K, capacity 3461K, committed 3584K, reserved 1048576K
}

