# JRE version: Java(TM) SE Runtime Environment 18.9 (11.0.16+11) (build 11.0.16+11-LTS-199)
# Java VM: Java HotSpot(TM) 64-Bit Server VM 18.9 (11.0.16+11-LTS-199, mixed mode, tiered, compressed oops, g1 gc, windows-amd64)
Heap:
 garbage-first heap   total 325632K, used 154591K [0x0000000700000000, 0x0000000800000000)
  region size 1024K, 142 young (145408K), 15 survivors (15360K)
 Metaspace       used 67720K, capacity 69652K, committed 69792K, reserved 1110016K
  class space    used 8907K, capacity 9713K, committed 9804K, reserved 1048576K
GC Heap History (10 events):
Event: 3.972 GC heap before
{Heap before GC invocations=5 (full 0):
 garbage-first heap   total 262144K, used 59992K [0x0000000700000000, 0x0000000800000000)
  region size 1024K, 52 young (53248K), 3 survivors (3072K)
 Metaspace       used 28433K, capacity 29294K, committed 29312K, reserved 1075200K
  class space    used 3330K, capacity 3709K, committed 3712K, reserved 1048576K
}
Event: 3.984 GC heap after
{Heap after GC invocations=6 (full 0):
 garbage-first heap   total 262144K, used 12191K [0x0000000700000000, 0x0000000800000000)
  region size 1024K, 5 young (5120K), 5 survivors (5120K)
 Metaspace       used 28433K, capacity 29294K, committed 29312K, reserved 1075200K
  class space    used 3330K, capacity 3709K, committed 3712K, reserved 1048576K
}
Event: 5.643 GC heap before
{Heap before GC invocations=6 (full 0):
 garbage-first heap   total 262144K, used 73631K [0x0000000700000000, 0x0000000800000000)
  region size 1024K, 66 young (67584K), 5 survivors (5120K)
 Metaspace       used 34598K, capacity 35561K, committed 35628K, reserved 1081344K
  class space    used 4303K, capacity 4719K, committed 4736K, reserved 1048576K
}
Event: 5.658 GC heap after
{Heap after GC invocations=7 (full 0):
 garbage-first heap   total 325632K, used 13574K [0x0000000700000000, 0x0000000800000000)
  region size 1024K, 7 young (7168K), 7 survivors (7168K)
 Metaspace       used 34598K, capacity 35561K, committed 35628K, reserved 1081344K
  class space    used 4303K, capacity 4719K, committed 4736K, reserved 1048576K
}
Event: 7.928 GC heap before
{Heap before GC invocations=8 (full 0):
 garbage-first heap   total 325632K, used 114950K [0x0000000700000000, 0x0000000800000000)
  region size 1024K, 106 young (108544K), 7 survivors (7168K)
 Metaspace       used 40867K, capacity 42109K, committed 42360K, reserved 1085440K
  class space    used 5249K, capacity 5768K, committed 5836K, reserved 1048576K
}
Event: 7.948 GC heap after
{Heap after GC invocations=9 (full 0):
 garbage-first heap   total 325632K, used 19039K [0x0000000700000000, 0x0000000800000000)
  region size 1024K, 12 young (12288K), 12 survivors (12288K)
 Metaspace       used 40867K, capacity 42109K, committed 42360K, reserved 1085440K
  class space    used 5249K, capacity 5768K, committed 5836K, reserved 1048576K
}
Event: 13.493 GC heap before
{Heap before GC invocations=9 (full 0):
 garbage-first heap   total 325632K, used 201311K [0x0000000700000000, 0x0000000800000000)
  region size 1024K, 190 young (194560K), 12 survivors (12288K)
 Metaspace       used 54825K, capacity 56542K, committed 56824K, reserved 1097728K
  class space    used 7196K, capacity 7911K, committed 8012K, reserved 1048576K
}
Event: 13.537 GC heap after
{Heap after GC invocations=10 (full 0):
 garbage-first heap   total 325632K, used 23555K [0x0000000700000000, 0x0000000800000000)
  region size 1024K, 16 young (16384K), 16 survivors (16384K)
 Metaspace       used 54825K, capacity 56542K, committed 56824K, reserved 1097728K
  class space    used 7196K, capacity 7911K, committed 8012K, reserved 1048576K
}
Event: 13.981 GC heap before
{Heap before GC invocations=10 (full 0):
 garbage-first heap   total 325632K, used 28675K [0x0000000700000000, 0x0000000800000000)
  region size 1024K, 22 young (22528K), 16 survivors (16384K)
 Metaspace       used 58152K, capacity 59851K, committed 59936K, reserved 1101824K
  class space    used 7621K, capacity 8353K, committed 8396K, reserved 1048576K
}
Event: 14.010 GC heap after
{Heap after GC invocations=11 (full 0):
 garbage-first heap   total 325632K, used 25567K [0x0000000700000000, 0x0000000800000000)
  region size 1024K, 15 young (15360K), 15 survivors (15360K)
 Metaspace       used 58152K, capacity 59851K, committed 59936K, reserved 1101824K
  class space    used 7621K, capacity 8353K, committed 8396K, reserved 1048576K
}

